<?xml version="1.0" encoding="utf-8"?>
<CoverageSession xmlns:xsd="http://www.w3.org/2001/XMLSchema" xmlns:xsi="http://www.w3.org/2001/XMLSchema-instance" Version="4.6.0.0">
  <Summary numSequencePoints="1346" visitedSequencePoints="20" numBranchPoints="513" visitedBranchPoints="6" sequenceCoverage="1.49" branchCoverage="1.17" maxCyclomaticComplexity="23" minCyclomaticComplexity="1" maxCrapScore="552" minCrapScore="2" visitedClasses="2" numClasses="63" visitedMethods="4" numMethods="204" />
  <Modules>
    <Module hash="61-41-29-14-BD-92-97-6E-C4-F7-04-72-12-A3-B1-3B-39-17-60-5F">
      <Summary numSequencePoints="70" visitedSequencePoints="10" numBranchPoints="18" visitedBranchPoints="2" sequenceCoverage="14.29" branchCoverage="11.11" maxCyclomaticComplexity="3" minCyclomaticComplexity="0" maxCrapScore="12" minCrapScore="0" visitedClasses="1" numClasses="5" visitedMethods="2" numMethods="18" />
      <ModulePath>A:\Semester 3\ASP.NET\WebStoreAssignment2\WebStoreAssignment2.Tests\bin\Debug\WebStoreAssignment2.Tests.dll</ModulePath>
      <ModuleTime>2019-04-08T20:45:18.6967112Z</ModuleTime>
      <ModuleName>WebStoreAssignment2.Tests</ModuleName>
      <Files>
        <File uid="1" fullPath="A:\Semester 3\ASP.NET\WebStoreAssignment2\WebStoreAssignment2.Tests\Controllers\EstateControlleTest.cs" />
        <File uid="3" fullPath="A:\Semester 3\ASP.NET\WebStoreAssignment2\WebStoreAssignment2.Tests\Controllers\JobsControllerTest.cs" />
        <File uid="5" fullPath="A:\Semester 3\ASP.NET\WebStoreAssignment2\WebStoreAssignment2.Tests\Controllers\HomeControllerTest.cs" />
      </Files>
      <Classes>
        <Class>
          <Summary numSequencePoints="30" visitedSequencePoints="0" numBranchPoints="7" visitedBranchPoints="0" sequenceCoverage="0" branchCoverage="0" maxCyclomaticComplexity="2" minCyclomaticComplexity="1" maxCrapScore="6" minCrapScore="2" visitedClasses="0" numClasses="1" visitedMethods="0" numMethods="7" />
          <FullName>WebStoreAssignment2.Tests.Controllers.EstateControlleTest</FullName>
          <Methods>
            <Method visited="false" cyclomaticComplexity="1" nPathComplexity="0" sequenceCoverage="0" branchCoverage="0" crapScore="2" isConstructor="false" isStatic="false" isGetter="false" isSetter="false">
              <Summary numSequencePoints="6" visitedSequencePoints="0" numBranchPoints="1" visitedBranchPoints="0" sequenceCoverage="0" branchCoverage="0" maxCyclomaticComplexity="1" minCyclomaticComplexity="1" maxCrapScore="2" minCrapScore="2" visitedClasses="0" numClasses="0" visitedMethods="0" numMethods="1" />
              <MetadataToken>100663297</MetadataToken>
              <Name>System.Void WebStoreAssignment2.Tests.Controllers.EstateControlleTest::TestInitialize()</Name>
              <FileRef uid="1" />
              <SequencePoints>
                <SequencePoint vc="0" uspid="1" ordinal="0" offset="0" sl="25" sc="9" el="25" ec="10" bec="0" bev="0" fileid="1" />
                <SequencePoint vc="0" uspid="2" ordinal="1" offset="1" sl="27" sc="13" el="31" ec="15" bec="0" bev="0" fileid="1" />
                <SequencePoint vc="0" uspid="3" ordinal="2" offset="108" sl="34" sc="13" el="34" ec="44" bec="0" bev="0" fileid="1" />
                <SequencePoint vc="0" uspid="4" ordinal="3" offset="119" sl="35" sc="13" el="35" ec="71" bec="0" bev="0" fileid="1" />
                <SequencePoint vc="0" uspid="5" ordinal="4" offset="204" sl="38" sc="13" el="38" ec="60" bec="0" bev="0" fileid="1" />
                <SequencePoint vc="0" uspid="6" ordinal="5" offset="226" sl="39" sc="9" el="39" ec="10" bec="0" bev="0" fileid="1" />
              </SequencePoints>
              <BranchPoints />
              <MethodPoint xsi:type="SequencePoint" vc="0" uspid="1" ordinal="0" offset="0" sl="25" sc="9" el="25" ec="10" bec="0" bev="0" fileid="1" />
            </Method>
            <Method visited="false" cyclomaticComplexity="1" nPathComplexity="0" sequenceCoverage="0" branchCoverage="0" crapScore="2" isConstructor="false" isStatic="false" isGetter="false" isSetter="false">
              <Summary numSequencePoints="4" visitedSequencePoints="0" numBranchPoints="1" visitedBranchPoints="0" sequenceCoverage="0" branchCoverage="0" maxCyclomaticComplexity="1" minCyclomaticComplexity="1" maxCrapScore="2" minCrapScore="2" visitedClasses="0" numClasses="0" visitedMethods="0" numMethods="1" />
              <MetadataToken>100663298</MetadataToken>
              <Name>System.Void WebStoreAssignment2.Tests.Controllers.EstateControlleTest::IndexViewLoads()</Name>
              <FileRef uid="1" />
              <SequencePoints>
                <SequencePoint vc="0" uspid="7" ordinal="0" offset="0" sl="43" sc="9" el="43" ec="10" bec="0" bev="0" fileid="1" />
                <SequencePoint vc="0" uspid="8" ordinal="1" offset="1" sl="48" sc="13" el="48" ec="66" bec="0" bev="0" fileid="1" />
                <SequencePoint vc="0" uspid="9" ordinal="2" offset="18" sl="51" sc="13" el="51" ec="55" bec="0" bev="0" fileid="1" />
                <SequencePoint vc="0" uspid="10" ordinal="3" offset="35" sl="52" sc="9" el="52" ec="10" bec="0" bev="0" fileid="1" />
              </SequencePoints>
              <BranchPoints />
              <MethodPoint xsi:type="SequencePoint" vc="0" uspid="7" ordinal="0" offset="0" sl="43" sc="9" el="43" ec="10" bec="0" bev="0" fileid="1" />
            </Method>
            <Method visited="false" cyclomaticComplexity="2" nPathComplexity="0" sequenceCoverage="0" branchCoverage="0" crapScore="6" isConstructor="false" isStatic="false" isGetter="false" isSetter="false">
              <Summary numSequencePoints="4" visitedSequencePoints="0" numBranchPoints="1" visitedBranchPoints="0" sequenceCoverage="0" branchCoverage="0" maxCyclomaticComplexity="2" minCyclomaticComplexity="2" maxCrapScore="6" minCrapScore="6" visitedClasses="0" numClasses="0" visitedMethods="0" numMethods="1" />
              <MetadataToken>100663299</MetadataToken>
              <Name>System.Void WebStoreAssignment2.Tests.Controllers.EstateControlleTest::IndexLoadsCategories()</Name>
              <FileRef uid="1" />
              <SequencePoints>
                <SequencePoint vc="0" uspid="11" ordinal="0" offset="0" sl="56" sc="9" el="56" ec="10" bec="0" bev="0" fileid="1" />
                <SequencePoint vc="0" uspid="12" ordinal="1" offset="1" sl="59" sc="13" el="59" ec="80" bec="0" bev="0" fileid="1" />
                <SequencePoint vc="0" uspid="13" ordinal="2" offset="28" sl="62" sc="13" el="62" ec="91" bec="0" bev="0" fileid="1" />
                <SequencePoint vc="0" uspid="14" ordinal="3" offset="82" sl="63" sc="9" el="63" ec="10" bec="0" bev="0" fileid="1" />
              </SequencePoints>
              <BranchPoints />
              <MethodPoint xsi:type="SequencePoint" vc="0" uspid="11" ordinal="0" offset="0" sl="56" sc="9" el="56" ec="10" bec="0" bev="0" fileid="1" />
            </Method>
            <Method visited="false" cyclomaticComplexity="2" nPathComplexity="0" sequenceCoverage="0" branchCoverage="0" crapScore="6" isConstructor="false" isStatic="false" isGetter="false" isSetter="false">
              <Summary numSequencePoints="4" visitedSequencePoints="0" numBranchPoints="1" visitedBranchPoints="0" sequenceCoverage="0" branchCoverage="0" maxCyclomaticComplexity="2" minCyclomaticComplexity="2" maxCrapScore="6" minCrapScore="6" visitedClasses="0" numClasses="0" visitedMethods="0" numMethods="1" />
              <MetadataToken>100663300</MetadataToken>
              <Name>System.Void WebStoreAssignment2.Tests.Controllers.EstateControlleTest::Detailsnull()</Name>
              <FileRef uid="1" />
              <SequencePoints>
                <SequencePoint vc="0" uspid="17" ordinal="0" offset="0" sl="70" sc="9" el="70" ec="10" bec="0" bev="0" fileid="1" />
                <SequencePoint vc="0" uspid="18" ordinal="1" offset="1" sl="74" sc="13" el="74" ec="68" bec="0" bev="0" fileid="1" />
                <SequencePoint vc="0" uspid="19" ordinal="2" offset="29" sl="77" sc="13" el="77" ec="84" bec="0" bev="0" fileid="1" />
                <SequencePoint vc="0" uspid="20" ordinal="3" offset="78" sl="78" sc="9" el="78" ec="10" bec="0" bev="0" fileid="1" />
              </SequencePoints>
              <BranchPoints />
              <MethodPoint xsi:type="SequencePoint" vc="0" uspid="17" ordinal="0" offset="0" sl="70" sc="9" el="70" ec="10" bec="0" bev="0" fileid="1" />
            </Method>
            <Method visited="false" cyclomaticComplexity="1" nPathComplexity="0" sequenceCoverage="0" branchCoverage="0" crapScore="2" isConstructor="false" isStatic="false" isGetter="false" isSetter="false">
              <Summary numSequencePoints="4" visitedSequencePoints="0" numBranchPoints="1" visitedBranchPoints="0" sequenceCoverage="0" branchCoverage="0" maxCyclomaticComplexity="1" minCyclomaticComplexity="1" maxCrapScore="2" minCrapScore="2" visitedClasses="0" numClasses="0" visitedMethods="0" numMethods="1" />
              <MetadataToken>100663301</MetadataToken>
              <Name>System.Void WebStoreAssignment2.Tests.Controllers.EstateControlleTest::DetailsException()</Name>
              <FileRef uid="1" />
              <SequencePoints>
                <SequencePoint vc="0" uspid="23" ordinal="0" offset="0" sl="82" sc="9" el="82" ec="10" bec="0" bev="0" fileid="1" />
                <SequencePoint vc="0" uspid="24" ordinal="1" offset="1" sl="86" sc="13" el="86" ec="85" bec="0" bev="0" fileid="1" />
                <SequencePoint vc="0" uspid="25" ordinal="2" offset="24" sl="89" sc="13" el="89" ec="53" bec="0" bev="0" fileid="1" />
                <SequencePoint vc="0" uspid="26" ordinal="3" offset="41" sl="91" sc="9" el="91" ec="10" bec="0" bev="0" fileid="1" />
              </SequencePoints>
              <BranchPoints />
              <MethodPoint xsi:type="SequencePoint" vc="0" uspid="23" ordinal="0" offset="0" sl="82" sc="9" el="82" ec="10" bec="0" bev="0" fileid="1" />
            </Method>
            <Method visited="false" cyclomaticComplexity="1" nPathComplexity="0" sequenceCoverage="0" branchCoverage="0" crapScore="2" isConstructor="false" isStatic="false" isGetter="false" isSetter="false">
              <Summary numSequencePoints="4" visitedSequencePoints="0" numBranchPoints="1" visitedBranchPoints="0" sequenceCoverage="0" branchCoverage="0" maxCyclomaticComplexity="1" minCyclomaticComplexity="1" maxCrapScore="2" minCrapScore="2" visitedClasses="0" numClasses="0" visitedMethods="0" numMethods="1" />
              <MetadataToken>100663302</MetadataToken>
              <Name>System.Void WebStoreAssignment2.Tests.Controllers.EstateControlleTest::Create()</Name>
              <FileRef uid="1" />
              <SequencePoints>
                <SequencePoint vc="0" uspid="27" ordinal="0" offset="0" sl="97" sc="9" el="97" ec="10" bec="0" bev="0" fileid="1" />
                <SequencePoint vc="0" uspid="28" ordinal="1" offset="1" sl="101" sc="13" el="101" ec="67" bec="0" bev="0" fileid="1" />
                <SequencePoint vc="0" uspid="29" ordinal="2" offset="18" sl="104" sc="13" el="104" ec="56" bec="0" bev="0" fileid="1" />
                <SequencePoint vc="0" uspid="30" ordinal="3" offset="35" sl="105" sc="9" el="105" ec="10" bec="0" bev="0" fileid="1" />
              </SequencePoints>
              <BranchPoints />
              <MethodPoint xsi:type="SequencePoint" vc="0" uspid="27" ordinal="0" offset="0" sl="97" sc="9" el="97" ec="10" bec="0" bev="0" fileid="1" />
            </Method>
            <Method visited="false" cyclomaticComplexity="1" nPathComplexity="0" sequenceCoverage="0" branchCoverage="0" crapScore="2" isConstructor="false" isStatic="false" isGetter="false" isSetter="false">
              <Summary numSequencePoints="4" visitedSequencePoints="0" numBranchPoints="1" visitedBranchPoints="0" sequenceCoverage="0" branchCoverage="0" maxCyclomaticComplexity="1" minCyclomaticComplexity="1" maxCrapScore="2" minCrapScore="2" visitedClasses="0" numClasses="0" visitedMethods="0" numMethods="1" />
              <MetadataToken>100663303</MetadataToken>
              <Name>System.Void WebStoreAssignment2.Tests.Controllers.EstateControlleTest::Edit()</Name>
              <FileRef uid="1" />
              <SequencePoints>
                <SequencePoint vc="0" uspid="31" ordinal="0" offset="0" sl="109" sc="9" el="109" ec="10" bec="0" bev="0" fileid="1" />
                <SequencePoint vc="0" uspid="32" ordinal="1" offset="1" sl="113" sc="13" el="113" ec="66" bec="0" bev="0" fileid="1" />
                <SequencePoint vc="0" uspid="33" ordinal="2" offset="24" sl="116" sc="13" el="116" ec="54" bec="0" bev="0" fileid="1" />
                <SequencePoint vc="0" uspid="34" ordinal="3" offset="41" sl="117" sc="9" el="117" ec="10" bec="0" bev="0" fileid="1" />
              </SequencePoints>
              <BranchPoints />
              <MethodPoint xsi:type="SequencePoint" vc="0" uspid="31" ordinal="0" offset="0" sl="109" sc="9" el="109" ec="10" bec="0" bev="0" fileid="1" />
            </Method>
            <Method visited="false" cyclomaticComplexity="1" nPathComplexity="0" sequenceCoverage="0" branchCoverage="0" crapScore="2" isConstructor="true" isStatic="false" isGetter="false" isSetter="false">
              <Summary numSequencePoints="0" visitedSequencePoints="0" numBranchPoints="0" visitedBranchPoints="0" sequenceCoverage="0" branchCoverage="0" maxCyclomaticComplexity="1" minCyclomaticComplexity="1" maxCrapScore="2" minCrapScore="2" visitedClasses="0" numClasses="0" visitedMethods="0" numMethods="0" />
              <MetadataToken>100663304</MetadataToken>
              <Name>System.Void WebStoreAssignment2.Tests.Controllers.EstateControlleTest::.ctor()</Name>
              <SequencePoints />
              <BranchPoints />
              <MethodPoint vc="0" uspid="35" ordinal="0" offset="0" />
            </Method>
          </Methods>
        </Class>
        <Class>
          <Summary numSequencePoints="2" visitedSequencePoints="0" numBranchPoints="2" visitedBranchPoints="0" sequenceCoverage="0" branchCoverage="0" maxCyclomaticComplexity="1" minCyclomaticComplexity="1" maxCrapScore="2" minCrapScore="2" visitedClasses="0" numClasses="1" visitedMethods="0" numMethods="2" />
          <FullName>WebStoreAssignment2.Tests.Controllers.EstateControlleTest/&lt;&gt;c</FullName>
          <Methods>
            <Method visited="false" cyclomaticComplexity="1" nPathComplexity="0" sequenceCoverage="0" branchCoverage="0" crapScore="2" isConstructor="true" isStatic="true" isGetter="false" isSetter="false">
              <Summary numSequencePoints="0" visitedSequencePoints="0" numBranchPoints="0" visitedBranchPoints="0" sequenceCoverage="0" branchCoverage="0" maxCyclomaticComplexity="1" minCyclomaticComplexity="1" maxCrapScore="2" minCrapScore="2" visitedClasses="0" numClasses="0" visitedMethods="0" numMethods="0" />
              <MetadataToken>100663315</MetadataToken>
              <Name>System.Void WebStoreAssignment2.Tests.Controllers.EstateControlleTest/&lt;&gt;c::.cctor()</Name>
              <SequencePoints />
              <BranchPoints />
              <MethodPoint vc="0" uspid="36" ordinal="0" offset="0" />
            </Method>
            <Method visited="false" cyclomaticComplexity="1" nPathComplexity="0" sequenceCoverage="0" branchCoverage="0" crapScore="2" isConstructor="true" isStatic="false" isGetter="false" isSetter="false">
              <Summary numSequencePoints="0" visitedSequencePoints="0" numBranchPoints="0" visitedBranchPoints="0" sequenceCoverage="0" branchCoverage="0" maxCyclomaticComplexity="1" minCyclomaticComplexity="1" maxCrapScore="2" minCrapScore="2" visitedClasses="0" numClasses="0" visitedMethods="0" numMethods="0" />
              <MetadataToken>100663316</MetadataToken>
              <Name>System.Void WebStoreAssignment2.Tests.Controllers.EstateControlleTest/&lt;&gt;c::.ctor()</Name>
              <SequencePoints />
              <BranchPoints />
              <MethodPoint vc="0" uspid="37" ordinal="0" offset="0" />
            </Method>
            <Method visited="false" cyclomaticComplexity="1" nPathComplexity="0" sequenceCoverage="0" branchCoverage="0" crapScore="2" isConstructor="false" isStatic="false" isGetter="false" isSetter="false">
              <Summary numSequencePoints="1" visitedSequencePoints="0" numBranchPoints="1" visitedBranchPoints="0" sequenceCoverage="0" branchCoverage="0" maxCyclomaticComplexity="1" minCyclomaticComplexity="1" maxCrapScore="2" minCrapScore="2" visitedClasses="0" numClasses="0" visitedMethods="0" numMethods="1" />
              <MetadataToken>100663317</MetadataToken>
              <Name>System.Int32 WebStoreAssignment2.Tests.Controllers.EstateControlleTest/&lt;&gt;c::&lt;IndexLoadsCategories&gt;b__5_0(WebStoreAssignment2.Models.Estate)</Name>
              <FileRef uid="1" />
              <SequencePoints>
                <SequencePoint vc="0" uspid="38" ordinal="0" offset="0" sl="62" sc="60" el="62" ec="70" bec="0" bev="0" fileid="1" />
              </SequencePoints>
              <BranchPoints />
              <MethodPoint xsi:type="SequencePoint" vc="0" uspid="38" ordinal="0" offset="0" sl="62" sc="60" el="62" ec="70" bec="0" bev="0" fileid="1" />
            </Method>
            <Method visited="false" cyclomaticComplexity="1" nPathComplexity="0" sequenceCoverage="0" branchCoverage="0" crapScore="2" isConstructor="false" isStatic="false" isGetter="false" isSetter="false">
              <Summary numSequencePoints="1" visitedSequencePoints="0" numBranchPoints="1" visitedBranchPoints="0" sequenceCoverage="0" branchCoverage="0" maxCyclomaticComplexity="1" minCyclomaticComplexity="1" maxCrapScore="2" minCrapScore="2" visitedClasses="0" numClasses="0" visitedMethods="0" numMethods="1" />
              <MetadataToken>100663318</MetadataToken>
              <Name>System.Boolean WebStoreAssignment2.Tests.Controllers.EstateControlleTest/&lt;&gt;c::&lt;Detailsnull&gt;b__6_0(WebStoreAssignment2.Models.Estate)</Name>
              <FileRef uid="1" />
              <SequencePoints>
                <SequencePoint vc="0" uspid="39" ordinal="0" offset="0" sl="77" sc="58" el="77" ec="73" bec="0" bev="0" fileid="1" />
              </SequencePoints>
              <BranchPoints />
              <MethodPoint xsi:type="SequencePoint" vc="0" uspid="39" ordinal="0" offset="0" sl="77" sc="58" el="77" ec="73" bec="0" bev="0" fileid="1" />
            </Method>
          </Methods>
        </Class>
        <Class>
          <Summary numSequencePoints="22" visitedSequencePoints="10" numBranchPoints="5" visitedBranchPoints="2" sequenceCoverage="45.45" branchCoverage="40" maxCyclomaticComplexity="2" minCyclomaticComplexity="1" maxCrapScore="6" minCrapScore="1" visitedClasses="1" numClasses="1" visitedMethods="2" numMethods="5" />
          <FullName>WebStoreAssignment2.Tests.Controllers.JobsControllerTest</FullName>
          <Methods>
            <Method visited="true" cyclomaticComplexity="1" nPathComplexity="0" sequenceCoverage="100" branchCoverage="100" crapScore="1" isConstructor="false" isStatic="false" isGetter="false" isSetter="false">
              <Summary numSequencePoints="6" visitedSequencePoints="6" numBranchPoints="1" visitedBranchPoints="1" sequenceCoverage="100" branchCoverage="100" maxCyclomaticComplexity="1" minCyclomaticComplexity="1" maxCrapScore="1" minCrapScore="1" visitedClasses="0" numClasses="0" visitedMethods="1" numMethods="1" />
              <MetadataToken>100663305</MetadataToken>
              <Name>System.Void WebStoreAssignment2.Tests.Controllers.JobsControllerTest::TestInitialize()</Name>
              <FileRef uid="3" />
              <SequencePoints>
                <SequencePoint vc="1" uspid="40" ordinal="0" offset="0" sl="25" sc="9" el="25" ec="10" bec="0" bev="0" fileid="3" />
                <SequencePoint vc="1" uspid="41" ordinal="1" offset="1" sl="27" sc="13" el="31" ec="15" bec="0" bev="0" fileid="3" />
                <SequencePoint vc="1" uspid="42" ordinal="2" offset="124" sl="34" sc="13" el="34" ec="42" bec="0" bev="0" fileid="3" />
                <SequencePoint vc="1" uspid="43" ordinal="3" offset="135" sl="35" sc="13" el="35" ec="65" bec="0" bev="0" fileid="3" />
                <SequencePoint vc="1" uspid="44" ordinal="4" offset="220" sl="38" sc="13" el="38" ec="57" bec="0" bev="0" fileid="3" />
                <SequencePoint vc="1" uspid="45" ordinal="5" offset="242" sl="39" sc="9" el="39" ec="10" bec="0" bev="0" fileid="3" />
              </SequencePoints>
              <BranchPoints />
              <MethodPoint xsi:type="SequencePoint" vc="1" uspid="40" ordinal="0" offset="0" sl="25" sc="9" el="25" ec="10" bec="0" bev="0" fileid="3" />
            </Method>
            <Method visited="false" cyclomaticComplexity="1" nPathComplexity="0" sequenceCoverage="0" branchCoverage="0" crapScore="2" isConstructor="false" isStatic="false" isGetter="false" isSetter="false">
              <Summary numSequencePoints="4" visitedSequencePoints="0" numBranchPoints="1" visitedBranchPoints="0" sequenceCoverage="0" branchCoverage="0" maxCyclomaticComplexity="1" minCyclomaticComplexity="1" maxCrapScore="2" minCrapScore="2" visitedClasses="0" numClasses="0" visitedMethods="0" numMethods="1" />
              <MetadataToken>100663306</MetadataToken>
              <Name>System.Void WebStoreAssignment2.Tests.Controllers.JobsControllerTest::IndexViewLoads()</Name>
              <FileRef uid="3" />
              <SequencePoints>
                <SequencePoint vc="0" uspid="46" ordinal="0" offset="0" sl="43" sc="9" el="43" ec="10" bec="0" bev="0" fileid="3" />
                <SequencePoint vc="0" uspid="47" ordinal="1" offset="1" sl="48" sc="13" el="48" ec="66" bec="0" bev="0" fileid="3" />
                <SequencePoint vc="0" uspid="48" ordinal="2" offset="18" sl="51" sc="13" el="51" ec="55" bec="0" bev="0" fileid="3" />
                <SequencePoint vc="0" uspid="49" ordinal="3" offset="35" sl="52" sc="9" el="52" ec="10" bec="0" bev="0" fileid="3" />
              </SequencePoints>
              <BranchPoints />
              <MethodPoint xsi:type="SequencePoint" vc="0" uspid="46" ordinal="0" offset="0" sl="43" sc="9" el="43" ec="10" bec="0" bev="0" fileid="3" />
            </Method>
            <Method visited="false" cyclomaticComplexity="2" nPathComplexity="0" sequenceCoverage="0" branchCoverage="0" crapScore="6" isConstructor="false" isStatic="false" isGetter="false" isSetter="false">
              <Summary numSequencePoints="4" visitedSequencePoints="0" numBranchPoints="1" visitedBranchPoints="0" sequenceCoverage="0" branchCoverage="0" maxCyclomaticComplexity="2" minCyclomaticComplexity="2" maxCrapScore="6" minCrapScore="6" visitedClasses="0" numClasses="0" visitedMethods="0" numMethods="1" />
              <MetadataToken>100663307</MetadataToken>
              <Name>System.Void WebStoreAssignment2.Tests.Controllers.JobsControllerTest::IndexLoadsCategories()</Name>
              <FileRef uid="3" />
              <SequencePoints>
                <SequencePoint vc="0" uspid="50" ordinal="0" offset="0" sl="56" sc="9" el="56" ec="10" bec="0" bev="0" fileid="3" />
                <SequencePoint vc="0" uspid="51" ordinal="1" offset="1" sl="59" sc="13" el="59" ec="78" bec="0" bev="0" fileid="3" />
                <SequencePoint vc="0" uspid="52" ordinal="2" offset="28" sl="62" sc="13" el="62" ec="86" bec="0" bev="0" fileid="3" />
                <SequencePoint vc="0" uspid="53" ordinal="3" offset="82" sl="63" sc="9" el="63" ec="10" bec="0" bev="0" fileid="3" />
              </SequencePoints>
              <BranchPoints />
              <MethodPoint xsi:type="SequencePoint" vc="0" uspid="50" ordinal="0" offset="0" sl="56" sc="9" el="56" ec="10" bec="0" bev="0" fileid="3" />
            </Method>
            <Method visited="true" cyclomaticComplexity="1" nPathComplexity="0" sequenceCoverage="100" branchCoverage="100" crapScore="1" isConstructor="false" isStatic="false" isGetter="false" isSetter="false">
              <Summary numSequencePoints="4" visitedSequencePoints="4" numBranchPoints="1" visitedBranchPoints="1" sequenceCoverage="100" branchCoverage="100" maxCyclomaticComplexity="1" minCyclomaticComplexity="1" maxCrapScore="1" minCrapScore="1" visitedClasses="0" numClasses="0" visitedMethods="1" numMethods="1" />
              <MetadataToken>100663308</MetadataToken>
              <Name>System.Void WebStoreAssignment2.Tests.Controllers.JobsControllerTest::DatailsViewById()</Name>
              <FileRef uid="3" />
              <SequencePoints>
                <SequencePoint vc="1" uspid="56" ordinal="0" offset="0" sl="66" sc="9" el="66" ec="10" bec="0" bev="0" fileid="3">
                  <TrackedMethodRefs>
                    <TrackedMethodRef uid="9" vc="1" />
                  </TrackedMethodRefs>
                </SequencePoint>
                <SequencePoint vc="1" uspid="57" ordinal="1" offset="1" sl="70" sc="13" el="70" ec="69" bec="0" bev="0" fileid="3">
                  <TrackedMethodRefs>
                    <TrackedMethodRef uid="9" vc="1" />
                  </TrackedMethodRefs>
                </SequencePoint>
                <SequencePoint vc="1" uspid="58" ordinal="2" offset="24" sl="73" sc="13" el="73" ec="57" bec="0" bev="0" fileid="3">
                  <TrackedMethodRefs>
                    <TrackedMethodRef uid="9" vc="1" />
                  </TrackedMethodRefs>
                </SequencePoint>
                <SequencePoint vc="1" uspid="59" ordinal="3" offset="41" sl="76" sc="9" el="76" ec="10" bec="0" bev="0" fileid="3">
                  <TrackedMethodRefs>
                    <TrackedMethodRef uid="9" vc="1" />
                  </TrackedMethodRefs>
                </SequencePoint>
              </SequencePoints>
              <BranchPoints />
              <MethodPoint xsi:type="SequencePoint" vc="1" uspid="56" ordinal="0" offset="0" sl="66" sc="9" el="66" ec="10" bec="0" bev="0" fileid="3">
                <TrackedMethodRefs>
                  <TrackedMethodRef uid="9" vc="1" />
                </TrackedMethodRefs>
              </MethodPoint>
            </Method>
            <Method visited="false" cyclomaticComplexity="1" nPathComplexity="0" sequenceCoverage="0" branchCoverage="0" crapScore="2" isConstructor="false" isStatic="false" isGetter="false" isSetter="false">
              <Summary numSequencePoints="4" visitedSequencePoints="0" numBranchPoints="1" visitedBranchPoints="0" sequenceCoverage="0" branchCoverage="0" maxCyclomaticComplexity="1" minCyclomaticComplexity="1" maxCrapScore="2" minCrapScore="2" visitedClasses="0" numClasses="0" visitedMethods="0" numMethods="1" />
              <MetadataToken>100663309</MetadataToken>
              <Name>System.Void WebStoreAssignment2.Tests.Controllers.JobsControllerTest::DatailsErrors()</Name>
              <FileRef uid="3" />
              <SequencePoints>
                <SequencePoint vc="0" uspid="60" ordinal="0" offset="0" sl="80" sc="9" el="80" ec="10" bec="0" bev="0" fileid="3" />
                <SequencePoint vc="0" uspid="61" ordinal="1" offset="1" sl="84" sc="13" el="84" ec="85" bec="0" bev="0" fileid="3" />
                <SequencePoint vc="0" uspid="62" ordinal="2" offset="24" sl="88" sc="13" el="88" ec="53" bec="0" bev="0" fileid="3" />
                <SequencePoint vc="0" uspid="63" ordinal="3" offset="41" sl="89" sc="9" el="89" ec="10" bec="0" bev="0" fileid="3" />
              </SequencePoints>
              <BranchPoints />
              <MethodPoint xsi:type="SequencePoint" vc="0" uspid="60" ordinal="0" offset="0" sl="80" sc="9" el="80" ec="10" bec="0" bev="0" fileid="3" />
            </Method>
            <Method visited="false" cyclomaticComplexity="1" nPathComplexity="0" sequenceCoverage="0" branchCoverage="0" crapScore="2" isConstructor="true" isStatic="false" isGetter="false" isSetter="false">
              <Summary numSequencePoints="0" visitedSequencePoints="0" numBranchPoints="0" visitedBranchPoints="0" sequenceCoverage="0" branchCoverage="0" maxCyclomaticComplexity="1" minCyclomaticComplexity="1" maxCrapScore="2" minCrapScore="2" visitedClasses="0" numClasses="0" visitedMethods="0" numMethods="0" />
              <MetadataToken>100663310</MetadataToken>
              <Name>System.Void WebStoreAssignment2.Tests.Controllers.JobsControllerTest::.ctor()</Name>
              <SequencePoints />
              <BranchPoints />
              <MethodPoint vc="0" uspid="64" ordinal="0" offset="0" />
            </Method>
          </Methods>
        </Class>
        <Class>
          <Summary numSequencePoints="1" visitedSequencePoints="0" numBranchPoints="1" visitedBranchPoints="0" sequenceCoverage="0" branchCoverage="0" maxCyclomaticComplexity="1" minCyclomaticComplexity="1" maxCrapScore="2" minCrapScore="2" visitedClasses="0" numClasses="1" visitedMethods="0" numMethods="1" />
          <FullName>WebStoreAssignment2.Tests.Controllers.JobsControllerTest/&lt;&gt;c</FullName>
          <Methods>
            <Method visited="false" cyclomaticComplexity="1" nPathComplexity="0" sequenceCoverage="0" branchCoverage="0" crapScore="2" isConstructor="true" isStatic="true" isGetter="false" isSetter="false">
              <Summary numSequencePoints="0" visitedSequencePoints="0" numBranchPoints="0" visitedBranchPoints="0" sequenceCoverage="0" branchCoverage="0" maxCyclomaticComplexity="1" minCyclomaticComplexity="1" maxCrapScore="2" minCrapScore="2" visitedClasses="0" numClasses="0" visitedMethods="0" numMethods="0" />
              <MetadataToken>100663319</MetadataToken>
              <Name>System.Void WebStoreAssignment2.Tests.Controllers.JobsControllerTest/&lt;&gt;c::.cctor()</Name>
              <SequencePoints />
              <BranchPoints />
              <MethodPoint vc="0" uspid="65" ordinal="0" offset="0" />
            </Method>
            <Method visited="false" cyclomaticComplexity="1" nPathComplexity="0" sequenceCoverage="0" branchCoverage="0" crapScore="2" isConstructor="true" isStatic="false" isGetter="false" isSetter="false">
              <Summary numSequencePoints="0" visitedSequencePoints="0" numBranchPoints="0" visitedBranchPoints="0" sequenceCoverage="0" branchCoverage="0" maxCyclomaticComplexity="1" minCyclomaticComplexity="1" maxCrapScore="2" minCrapScore="2" visitedClasses="0" numClasses="0" visitedMethods="0" numMethods="0" />
              <MetadataToken>100663320</MetadataToken>
              <Name>System.Void WebStoreAssignment2.Tests.Controllers.JobsControllerTest/&lt;&gt;c::.ctor()</Name>
              <SequencePoints />
              <BranchPoints />
              <MethodPoint vc="0" uspid="66" ordinal="0" offset="0" />
            </Method>
            <Method visited="false" cyclomaticComplexity="1" nPathComplexity="0" sequenceCoverage="0" branchCoverage="0" crapScore="2" isConstructor="false" isStatic="false" isGetter="false" isSetter="false">
              <Summary numSequencePoints="1" visitedSequencePoints="0" numBranchPoints="1" visitedBranchPoints="0" sequenceCoverage="0" branchCoverage="0" maxCyclomaticComplexity="1" minCyclomaticComplexity="1" maxCrapScore="2" minCrapScore="2" visitedClasses="0" numClasses="0" visitedMethods="0" numMethods="1" />
              <MetadataToken>100663321</MetadataToken>
              <Name>System.Int32 WebStoreAssignment2.Tests.Controllers.JobsControllerTest/&lt;&gt;c::&lt;IndexLoadsCategories&gt;b__5_0(WebStoreAssignment2.Models.Jobs)</Name>
              <FileRef uid="3" />
              <SequencePoints>
                <SequencePoint vc="0" uspid="67" ordinal="0" offset="0" sl="62" sc="57" el="62" ec="65" bec="0" bev="0" fileid="3" />
              </SequencePoints>
              <BranchPoints />
              <MethodPoint xsi:type="SequencePoint" vc="0" uspid="67" ordinal="0" offset="0" sl="62" sc="57" el="62" ec="65" bec="0" bev="0" fileid="3" />
            </Method>
          </Methods>
        </Class>
        <Class>
          <Summary numSequencePoints="15" visitedSequencePoints="0" numBranchPoints="3" visitedBranchPoints="0" sequenceCoverage="0" branchCoverage="0" maxCyclomaticComplexity="3" minCyclomaticComplexity="1" maxCrapScore="12" minCrapScore="2" visitedClasses="0" numClasses="1" visitedMethods="0" numMethods="3" />
          <FullName>WebStoreAssignment2.Tests.Controllers.HomeControllerTest</FullName>
          <Methods>
            <Method visited="false" cyclomaticComplexity="1" nPathComplexity="0" sequenceCoverage="0" branchCoverage="0" crapScore="2" isConstructor="false" isStatic="false" isGetter="false" isSetter="false">
              <Summary numSequencePoints="5" visitedSequencePoints="0" numBranchPoints="1" visitedBranchPoints="0" sequenceCoverage="0" branchCoverage="0" maxCyclomaticComplexity="1" minCyclomaticComplexity="1" maxCrapScore="2" minCrapScore="2" visitedClasses="0" numClasses="0" visitedMethods="0" numMethods="1" />
              <MetadataToken>100663311</MetadataToken>
              <Name>System.Void WebStoreAssignment2.Tests.Controllers.HomeControllerTest::Index()</Name>
              <FileRef uid="5" />
              <SequencePoints>
                <SequencePoint vc="0" uspid="68" ordinal="0" offset="0" sl="17" sc="9" el="17" ec="10" bec="0" bev="0" fileid="5" />
                <SequencePoint vc="0" uspid="69" ordinal="1" offset="1" sl="19" sc="13" el="19" ec="62" bec="0" bev="0" fileid="5" />
                <SequencePoint vc="0" uspid="70" ordinal="2" offset="7" sl="22" sc="13" el="22" ec="66" bec="0" bev="0" fileid="5" />
                <SequencePoint vc="0" uspid="71" ordinal="3" offset="19" sl="25" sc="13" el="25" ec="38" bec="0" bev="0" fileid="5" />
                <SequencePoint vc="0" uspid="72" ordinal="4" offset="26" sl="26" sc="9" el="26" ec="10" bec="0" bev="0" fileid="5" />
              </SequencePoints>
              <BranchPoints />
              <MethodPoint xsi:type="SequencePoint" vc="0" uspid="68" ordinal="0" offset="0" sl="17" sc="9" el="17" ec="10" bec="0" bev="0" fileid="5" />
            </Method>
            <Method visited="false" cyclomaticComplexity="3" nPathComplexity="0" sequenceCoverage="0" branchCoverage="0" crapScore="12" isConstructor="false" isStatic="false" isGetter="false" isSetter="false">
              <Summary numSequencePoints="5" visitedSequencePoints="0" numBranchPoints="1" visitedBranchPoints="0" sequenceCoverage="0" branchCoverage="0" maxCyclomaticComplexity="3" minCyclomaticComplexity="3" maxCrapScore="12" minCrapScore="12" visitedClasses="0" numClasses="0" visitedMethods="0" numMethods="1" />
              <MetadataToken>100663312</MetadataToken>
              <Name>System.Void WebStoreAssignment2.Tests.Controllers.HomeControllerTest::About()</Name>
              <FileRef uid="5" />
              <SequencePoints>
                <SequencePoint vc="0" uspid="73" ordinal="0" offset="0" sl="30" sc="9" el="30" ec="10" bec="0" bev="0" fileid="5" />
                <SequencePoint vc="0" uspid="74" ordinal="1" offset="1" sl="32" sc="13" el="32" ec="62" bec="0" bev="0" fileid="5" />
                <SequencePoint vc="0" uspid="75" ordinal="2" offset="7" sl="35" sc="13" el="35" ec="66" bec="0" bev="0" fileid="5" />
                <SequencePoint vc="0" uspid="76" ordinal="3" offset="19" sl="38" sc="13" el="38" ec="91" bec="0" bev="0" fileid="5" />
                <SequencePoint vc="0" uspid="77" ordinal="4" offset="219" sl="39" sc="9" el="39" ec="10" bec="0" bev="0" fileid="5" />
              </SequencePoints>
              <BranchPoints />
              <MethodPoint xsi:type="SequencePoint" vc="0" uspid="73" ordinal="0" offset="0" sl="30" sc="9" el="30" ec="10" bec="0" bev="0" fileid="5" />
            </Method>
            <Method visited="false" cyclomaticComplexity="1" nPathComplexity="0" sequenceCoverage="0" branchCoverage="0" crapScore="2" isConstructor="false" isStatic="false" isGetter="false" isSetter="false">
              <Summary numSequencePoints="5" visitedSequencePoints="0" numBranchPoints="1" visitedBranchPoints="0" sequenceCoverage="0" branchCoverage="0" maxCyclomaticComplexity="1" minCyclomaticComplexity="1" maxCrapScore="2" minCrapScore="2" visitedClasses="0" numClasses="0" visitedMethods="0" numMethods="1" />
              <MetadataToken>100663313</MetadataToken>
              <Name>System.Void WebStoreAssignment2.Tests.Controllers.HomeControllerTest::Contact()</Name>
              <FileRef uid="5" />
              <SequencePoints>
                <SequencePoint vc="0" uspid="82" ordinal="0" offset="0" sl="43" sc="9" el="43" ec="10" bec="0" bev="0" fileid="5" />
                <SequencePoint vc="0" uspid="83" ordinal="1" offset="1" sl="45" sc="13" el="45" ec="62" bec="0" bev="0" fileid="5" />
                <SequencePoint vc="0" uspid="84" ordinal="2" offset="7" sl="48" sc="13" el="48" ec="68" bec="0" bev="0" fileid="5" />
                <SequencePoint vc="0" uspid="85" ordinal="3" offset="19" sl="51" sc="13" el="51" ec="38" bec="0" bev="0" fileid="5" />
                <SequencePoint vc="0" uspid="86" ordinal="4" offset="26" sl="52" sc="9" el="52" ec="10" bec="0" bev="0" fileid="5" />
              </SequencePoints>
              <BranchPoints />
              <MethodPoint xsi:type="SequencePoint" vc="0" uspid="82" ordinal="0" offset="0" sl="43" sc="9" el="43" ec="10" bec="0" bev="0" fileid="5" />
            </Method>
            <Method visited="false" cyclomaticComplexity="1" nPathComplexity="0" sequenceCoverage="0" branchCoverage="0" crapScore="2" isConstructor="true" isStatic="false" isGetter="false" isSetter="false">
              <Summary numSequencePoints="0" visitedSequencePoints="0" numBranchPoints="0" visitedBranchPoints="0" sequenceCoverage="0" branchCoverage="0" maxCyclomaticComplexity="1" minCyclomaticComplexity="1" maxCrapScore="2" minCrapScore="2" visitedClasses="0" numClasses="0" visitedMethods="0" numMethods="0" />
              <MetadataToken>100663314</MetadataToken>
              <Name>System.Void WebStoreAssignment2.Tests.Controllers.HomeControllerTest::.ctor()</Name>
              <SequencePoints />
              <BranchPoints />
              <MethodPoint vc="0" uspid="87" ordinal="0" offset="0" />
            </Method>
          </Methods>
        </Class>
      </Classes>
      <TrackedMethods>
        <TrackedMethod uid="1" token="100663298" name="System.Void WebStoreAssignment2.Tests.Controllers.EstateControlleTest::IndexViewLoads()" strategy="MSTestTest" />
        <TrackedMethod uid="2" token="100663299" name="System.Void WebStoreAssignment2.Tests.Controllers.EstateControlleTest::IndexLoadsCategories()" strategy="MSTestTest" />
        <TrackedMethod uid="3" token="100663300" name="System.Void WebStoreAssignment2.Tests.Controllers.EstateControlleTest::Detailsnull()" strategy="MSTestTest" />
        <TrackedMethod uid="4" token="100663301" name="System.Void WebStoreAssignment2.Tests.Controllers.EstateControlleTest::DetailsException()" strategy="MSTestTest" />
        <TrackedMethod uid="5" token="100663302" name="System.Void WebStoreAssignment2.Tests.Controllers.EstateControlleTest::Create()" strategy="MSTestTest" />
        <TrackedMethod uid="6" token="100663303" name="System.Void WebStoreAssignment2.Tests.Controllers.EstateControlleTest::Edit()" strategy="MSTestTest" />
        <TrackedMethod uid="7" token="100663306" name="System.Void WebStoreAssignment2.Tests.Controllers.JobsControllerTest::IndexViewLoads()" strategy="MSTestTest" />
        <TrackedMethod uid="8" token="100663307" name="System.Void WebStoreAssignment2.Tests.Controllers.JobsControllerTest::IndexLoadsCategories()" strategy="MSTestTest" />
        <TrackedMethod uid="9" token="100663308" name="System.Void WebStoreAssignment2.Tests.Controllers.JobsControllerTest::DatailsViewById()" strategy="MSTestTest" />
        <TrackedMethod uid="10" token="100663309" name="System.Void WebStoreAssignment2.Tests.Controllers.JobsControllerTest::DatailsErrors()" strategy="MSTestTest" />
        <TrackedMethod uid="11" token="100663311" name="System.Void WebStoreAssignment2.Tests.Controllers.HomeControllerTest::Index()" strategy="MSTestTest" />
        <TrackedMethod uid="12" token="100663312" name="System.Void WebStoreAssignment2.Tests.Controllers.HomeControllerTest::About()" strategy="MSTestTest" />
        <TrackedMethod uid="13" token="100663313" name="System.Void WebStoreAssignment2.Tests.Controllers.HomeControllerTest::Contact()" strategy="MSTestTest" />
      </TrackedMethods>
    </Module>
    <Module hash="84-E5-6C-33-A2-22-0A-0C-57-9A-EB-74-2E-40-88-F4-6B-70-6D-D3">
      <Summary numSequencePoints="1276" visitedSequencePoints="10" numBranchPoints="495" visitedBranchPoints="4" sequenceCoverage="0.78" branchCoverage="0.81" maxCyclomaticComplexity="23" minCyclomaticComplexity="1" maxCrapScore="552" minCrapScore="2" visitedClasses="1" numClasses="58" visitedMethods="2" numMethods="186" />
      <ModulePath>A:\Semester 3\ASP.NET\WebStoreAssignment2\WebStoreAssignment2.Tests\bin\Debug\WebStoreAssignment2.dll</ModulePath>
      <ModuleTime>2019-04-08T20:37:21.1976161Z</ModuleTime>
      <ModuleName>WebStoreAssignment2</ModuleName>
      <Files>
        <File uid="11" fullPath="A:\Semester 3\ASP.NET\WebStoreAssignment2\WebStoreAssignment2\App_Start\BundleConfig.cs" />
        <File uid="12" fullPath="A:\Semester 3\ASP.NET\WebStoreAssignment2\WebStoreAssignment2\App_Start\FilterConfig.cs" />
        <File uid="13" fullPath="A:\Semester 3\ASP.NET\WebStoreAssignment2\WebStoreAssignment2\App_Start\IdentityConfig.cs" />
        <File uid="17" fullPath="A:\Semester 3\ASP.NET\WebStoreAssignment2\WebStoreAssignment2\App_Start\RouteConfig.cs" />
        <File uid="18" fullPath="A:\Semester 3\ASP.NET\WebStoreAssignment2\WebStoreAssignment2\App_Start\Startup.Auth.cs" />
        <File uid="19" fullPath="A:\Semester 3\ASP.NET\WebStoreAssignment2\WebStoreAssignment2\Startup.cs" />
        <File uid="21" fullPath="A:\Semester 3\ASP.NET\WebStoreAssignment2\WebStoreAssignment2\App_Start\UnityConfig.cs" />
        <File uid="22" fullPath="A:\Semester 3\ASP.NET\WebStoreAssignment2\WebStoreAssignment2\App_Start\WebApiConfig.cs" />
        <File uid="23" fullPath="A:\Semester 3\ASP.NET\WebStoreAssignment2\WebStoreAssignment2\Global.asax.cs" />
        <File uid="24" fullPath="A:\Semester 3\ASP.NET\WebStoreAssignment2\WebStoreAssignment2\Models\AccountViewModels.cs" />
        <File uid="33" fullPath="A:\Semester 3\ASP.NET\WebStoreAssignment2\WebStoreAssignment2\Models\AdsContext.cs" />
        <File uid="34" fullPath="A:\Semester 3\ASP.NET\WebStoreAssignment2\WebStoreAssignment2\Models\Car.cs" />
        <File uid="35" fullPath="A:\Semester 3\ASP.NET\WebStoreAssignment2\WebStoreAssignment2\Models\Electronics.cs" />
        <File uid="36" fullPath="A:\Semester 3\ASP.NET\WebStoreAssignment2\WebStoreAssignment2\Models\Estate.cs" />
        <File uid="37" fullPath="A:\Semester 3\ASP.NET\WebStoreAssignment2\WebStoreAssignment2\Models\IDataEstate.cs" />
        <File uid="38" fullPath="A:\Semester 3\ASP.NET\WebStoreAssignment2\WebStoreAssignment2\Models\IDataJobs.cs" />
        <File uid="39" fullPath="A:\Semester 3\ASP.NET\WebStoreAssignment2\WebStoreAssignment2\Models\IdentityModels.cs" />
        <File uid="41" fullPath="A:\Semester 3\ASP.NET\WebStoreAssignment2\WebStoreAssignment2\Models\Jobs.cs" />
        <File uid="42" fullPath="A:\Semester 3\ASP.NET\WebStoreAssignment2\WebStoreAssignment2\Models\ManageViewModels.cs" />
        <File uid="50" fullPath="A:\Semester 3\ASP.NET\WebStoreAssignment2\WebStoreAssignment2\Models\Suggestion.cs" />
        <File uid="51" fullPath="A:\Semester 3\ASP.NET\WebStoreAssignment2\WebStoreAssignment2\Models\SuggestionList.cs" />
        <File uid="52" fullPath="A:\Semester 3\ASP.NET\WebStoreAssignment2\WebStoreAssignment2\Models\WebStoreAssignment2Context.cs" />
        <File uid="53" fullPath="A:\Semester 3\ASP.NET\WebStoreAssignment2\WebStoreAssignment2\Controllers\AccountController.cs" />
        <File uid="67" fullPath="A:\Semester 3\ASP.NET\WebStoreAssignment2\WebStoreAssignment2\Controllers\CarController.cs" />
        <File uid="68" fullPath="A:\Semester 3\ASP.NET\WebStoreAssignment2\WebStoreAssignment2\Controllers\ElectronicController.cs" />
        <File uid="69" fullPath="A:\Semester 3\ASP.NET\WebStoreAssignment2\WebStoreAssignment2\Controllers\ElectronicsAPIController.cs" />
        <File uid="70" fullPath="A:\Semester 3\ASP.NET\WebStoreAssignment2\WebStoreAssignment2\Controllers\EstateController.cs" />
        <File uid="71" fullPath="A:\Semester 3\ASP.NET\WebStoreAssignment2\WebStoreAssignment2\Controllers\EstatesAPIController.cs" />
        <File uid="72" fullPath="A:\Semester 3\ASP.NET\WebStoreAssignment2\WebStoreAssignment2\Controllers\HomeController.cs" />
        <File uid="73" fullPath="A:\Semester 3\ASP.NET\WebStoreAssignment2\WebStoreAssignment2\Controllers\JobController.cs" />
        <File uid="74" fullPath="A:\Semester 3\ASP.NET\WebStoreAssignment2\WebStoreAssignment2\Controllers\JobsAPIController.cs" />
        <File uid="75" fullPath="A:\Semester 3\ASP.NET\WebStoreAssignment2\WebStoreAssignment2\Controllers\ManageController.cs" />
        <File uid="90" fullPath="A:\Semester 3\ASP.NET\WebStoreAssignment2\WebStoreAssignment2\Controllers\SuggestionController.cs" />
        <File uid="91" fullPath="A:\Semester 3\ASP.NET\WebStoreAssignment2\WebStoreAssignment2\Controllers\SuggestionsAPIController.cs" />
        <File uid="92" fullPath="A:\Semester 3\ASP.NET\WebStoreAssignment2\WebStoreAssignment2\App_Start\BasicAuthentication.cs" />
      </Files>
      <Classes>
        <Class>
          <Summary numSequencePoints="0" visitedSequencePoints="0" numBranchPoints="0" visitedBranchPoints="0" sequenceCoverage="0" branchCoverage="0" maxCyclomaticComplexity="10" minCyclomaticComplexity="1" maxCrapScore="110" minCrapScore="2" visitedClasses="0" numClasses="0" visitedMethods="0" numMethods="0" />
          <FullName>&lt;&gt;f__AnonymousType0`3</FullName>
          <Methods>
            <Method visited="false" cyclomaticComplexity="1" nPathComplexity="0" sequenceCoverage="0" branchCoverage="0" crapScore="2" isConstructor="false" isStatic="false" isGetter="true" isSetter="false">
              <Summary numSequencePoints="0" visitedSequencePoints="0" numBranchPoints="0" visitedBranchPoints="0" sequenceCoverage="0" branchCoverage="0" maxCyclomaticComplexity="1" minCyclomaticComplexity="1" maxCrapScore="2" minCrapScore="2" visitedClasses="0" numClasses="0" visitedMethods="0" numMethods="0" />
              <MetadataToken>100663297</MetadataToken>
              <Name>&lt;controller&gt;j__TPar &lt;&gt;f__AnonymousType0`3::get_controller()</Name>
              <SequencePoints />
              <BranchPoints />
              <MethodPoint vc="0" uspid="88" ordinal="0" offset="0" />
            </Method>
            <Method visited="false" cyclomaticComplexity="1" nPathComplexity="0" sequenceCoverage="0" branchCoverage="0" crapScore="2" isConstructor="false" isStatic="false" isGetter="true" isSetter="false">
              <Summary numSequencePoints="0" visitedSequencePoints="0" numBranchPoints="0" visitedBranchPoints="0" sequenceCoverage="0" branchCoverage="0" maxCyclomaticComplexity="1" minCyclomaticComplexity="1" maxCrapScore="2" minCrapScore="2" visitedClasses="0" numClasses="0" visitedMethods="0" numMethods="0" />
              <MetadataToken>100663298</MetadataToken>
              <Name>&lt;action&gt;j__TPar &lt;&gt;f__AnonymousType0`3::get_action()</Name>
              <SequencePoints />
              <BranchPoints />
              <MethodPoint vc="0" uspid="89" ordinal="0" offset="0" />
            </Method>
            <Method visited="false" cyclomaticComplexity="1" nPathComplexity="0" sequenceCoverage="0" branchCoverage="0" crapScore="2" isConstructor="false" isStatic="false" isGetter="true" isSetter="false">
              <Summary numSequencePoints="0" visitedSequencePoints="0" numBranchPoints="0" visitedBranchPoints="0" sequenceCoverage="0" branchCoverage="0" maxCyclomaticComplexity="1" minCyclomaticComplexity="1" maxCrapScore="2" minCrapScore="2" visitedClasses="0" numClasses="0" visitedMethods="0" numMethods="0" />
              <MetadataToken>100663299</MetadataToken>
              <Name>&lt;id&gt;j__TPar &lt;&gt;f__AnonymousType0`3::get_id()</Name>
              <SequencePoints />
              <BranchPoints />
              <MethodPoint vc="0" uspid="90" ordinal="0" offset="0" />
            </Method>
            <Method visited="false" cyclomaticComplexity="1" nPathComplexity="0" sequenceCoverage="0" branchCoverage="0" crapScore="2" isConstructor="true" isStatic="false" isGetter="false" isSetter="false">
              <Summary numSequencePoints="0" visitedSequencePoints="0" numBranchPoints="0" visitedBranchPoints="0" sequenceCoverage="0" branchCoverage="0" maxCyclomaticComplexity="1" minCyclomaticComplexity="1" maxCrapScore="2" minCrapScore="2" visitedClasses="0" numClasses="0" visitedMethods="0" numMethods="0" />
              <MetadataToken>100663300</MetadataToken>
              <Name>System.Void &lt;&gt;f__AnonymousType0`3::.ctor(&lt;controller&gt;j__TPar,&lt;action&gt;j__TPar,&lt;id&gt;j__TPar)</Name>
              <SequencePoints />
              <BranchPoints />
              <MethodPoint vc="0" uspid="91" ordinal="0" offset="0" />
            </Method>
            <Method visited="false" cyclomaticComplexity="4" nPathComplexity="0" sequenceCoverage="0" branchCoverage="0" crapScore="20" isConstructor="false" isStatic="false" isGetter="false" isSetter="false">
              <Summary numSequencePoints="0" visitedSequencePoints="0" numBranchPoints="0" visitedBranchPoints="0" sequenceCoverage="0" branchCoverage="0" maxCyclomaticComplexity="4" minCyclomaticComplexity="4" maxCrapScore="20" minCrapScore="20" visitedClasses="0" numClasses="0" visitedMethods="0" numMethods="0" />
              <MetadataToken>100663301</MetadataToken>
              <Name>System.Boolean &lt;&gt;f__AnonymousType0`3::Equals(System.Object)</Name>
              <SequencePoints />
              <BranchPoints />
              <MethodPoint vc="0" uspid="92" ordinal="0" offset="0" />
            </Method>
            <Method visited="false" cyclomaticComplexity="1" nPathComplexity="0" sequenceCoverage="0" branchCoverage="0" crapScore="2" isConstructor="false" isStatic="false" isGetter="false" isSetter="false">
              <Summary numSequencePoints="0" visitedSequencePoints="0" numBranchPoints="0" visitedBranchPoints="0" sequenceCoverage="0" branchCoverage="0" maxCyclomaticComplexity="1" minCyclomaticComplexity="1" maxCrapScore="2" minCrapScore="2" visitedClasses="0" numClasses="0" visitedMethods="0" numMethods="0" />
              <MetadataToken>100663302</MetadataToken>
              <Name>System.Int32 &lt;&gt;f__AnonymousType0`3::GetHashCode()</Name>
              <SequencePoints />
              <BranchPoints />
              <MethodPoint vc="0" uspid="93" ordinal="0" offset="0" />
            </Method>
            <Method visited="false" cyclomaticComplexity="10" nPathComplexity="0" sequenceCoverage="0" branchCoverage="0" crapScore="110" isConstructor="false" isStatic="false" isGetter="false" isSetter="false">
              <Summary numSequencePoints="0" visitedSequencePoints="0" numBranchPoints="0" visitedBranchPoints="0" sequenceCoverage="0" branchCoverage="0" maxCyclomaticComplexity="10" minCyclomaticComplexity="10" maxCrapScore="110" minCrapScore="110" visitedClasses="0" numClasses="0" visitedMethods="0" numMethods="0" />
              <MetadataToken>100663303</MetadataToken>
              <Name>System.String &lt;&gt;f__AnonymousType0`3::ToString()</Name>
              <SequencePoints />
              <BranchPoints />
              <MethodPoint vc="0" uspid="94" ordinal="0" offset="0" />
            </Method>
          </Methods>
        </Class>
        <Class>
          <Summary numSequencePoints="0" visitedSequencePoints="0" numBranchPoints="0" visitedBranchPoints="0" sequenceCoverage="0" branchCoverage="0" maxCyclomaticComplexity="4" minCyclomaticComplexity="1" maxCrapScore="20" minCrapScore="2" visitedClasses="0" numClasses="0" visitedMethods="0" numMethods="0" />
          <FullName>&lt;&gt;f__AnonymousType1`1</FullName>
          <Methods>
            <Method visited="false" cyclomaticComplexity="1" nPathComplexity="0" sequenceCoverage="0" branchCoverage="0" crapScore="2" isConstructor="false" isStatic="false" isGetter="true" isSetter="false">
              <Summary numSequencePoints="0" visitedSequencePoints="0" numBranchPoints="0" visitedBranchPoints="0" sequenceCoverage="0" branchCoverage="0" maxCyclomaticComplexity="1" minCyclomaticComplexity="1" maxCrapScore="2" minCrapScore="2" visitedClasses="0" numClasses="0" visitedMethods="0" numMethods="0" />
              <MetadataToken>100663304</MetadataToken>
              <Name>&lt;id&gt;j__TPar &lt;&gt;f__AnonymousType1`1::get_id()</Name>
              <SequencePoints />
              <BranchPoints />
              <MethodPoint vc="0" uspid="95" ordinal="0" offset="0" />
            </Method>
            <Method visited="false" cyclomaticComplexity="1" nPathComplexity="0" sequenceCoverage="0" branchCoverage="0" crapScore="2" isConstructor="true" isStatic="false" isGetter="false" isSetter="false">
              <Summary numSequencePoints="0" visitedSequencePoints="0" numBranchPoints="0" visitedBranchPoints="0" sequenceCoverage="0" branchCoverage="0" maxCyclomaticComplexity="1" minCyclomaticComplexity="1" maxCrapScore="2" minCrapScore="2" visitedClasses="0" numClasses="0" visitedMethods="0" numMethods="0" />
              <MetadataToken>100663305</MetadataToken>
              <Name>System.Void &lt;&gt;f__AnonymousType1`1::.ctor(&lt;id&gt;j__TPar)</Name>
              <SequencePoints />
              <BranchPoints />
              <MethodPoint vc="0" uspid="96" ordinal="0" offset="0" />
            </Method>
            <Method visited="false" cyclomaticComplexity="2" nPathComplexity="0" sequenceCoverage="0" branchCoverage="0" crapScore="6" isConstructor="false" isStatic="false" isGetter="false" isSetter="false">
              <Summary numSequencePoints="0" visitedSequencePoints="0" numBranchPoints="0" visitedBranchPoints="0" sequenceCoverage="0" branchCoverage="0" maxCyclomaticComplexity="2" minCyclomaticComplexity="2" maxCrapScore="6" minCrapScore="6" visitedClasses="0" numClasses="0" visitedMethods="0" numMethods="0" />
              <MetadataToken>100663306</MetadataToken>
              <Name>System.Boolean &lt;&gt;f__AnonymousType1`1::Equals(System.Object)</Name>
              <SequencePoints />
              <BranchPoints />
              <MethodPoint vc="0" uspid="97" ordinal="0" offset="0" />
            </Method>
            <Method visited="false" cyclomaticComplexity="1" nPathComplexity="0" sequenceCoverage="0" branchCoverage="0" crapScore="2" isConstructor="false" isStatic="false" isGetter="false" isSetter="false">
              <Summary numSequencePoints="0" visitedSequencePoints="0" numBranchPoints="0" visitedBranchPoints="0" sequenceCoverage="0" branchCoverage="0" maxCyclomaticComplexity="1" minCyclomaticComplexity="1" maxCrapScore="2" minCrapScore="2" visitedClasses="0" numClasses="0" visitedMethods="0" numMethods="0" />
              <MetadataToken>100663307</MetadataToken>
              <Name>System.Int32 &lt;&gt;f__AnonymousType1`1::GetHashCode()</Name>
              <SequencePoints />
              <BranchPoints />
              <MethodPoint vc="0" uspid="98" ordinal="0" offset="0" />
            </Method>
            <Method visited="false" cyclomaticComplexity="4" nPathComplexity="0" sequenceCoverage="0" branchCoverage="0" crapScore="20" isConstructor="false" isStatic="false" isGetter="false" isSetter="false">
              <Summary numSequencePoints="0" visitedSequencePoints="0" numBranchPoints="0" visitedBranchPoints="0" sequenceCoverage="0" branchCoverage="0" maxCyclomaticComplexity="4" minCyclomaticComplexity="4" maxCrapScore="20" minCrapScore="20" visitedClasses="0" numClasses="0" visitedMethods="0" numMethods="0" />
              <MetadataToken>100663308</MetadataToken>
              <Name>System.String &lt;&gt;f__AnonymousType1`1::ToString()</Name>
              <SequencePoints />
              <BranchPoints />
              <MethodPoint vc="0" uspid="99" ordinal="0" offset="0" />
            </Method>
          </Methods>
        </Class>
        <Class>
          <Summary numSequencePoints="0" visitedSequencePoints="0" numBranchPoints="0" visitedBranchPoints="0" sequenceCoverage="0" branchCoverage="0" maxCyclomaticComplexity="7" minCyclomaticComplexity="1" maxCrapScore="56" minCrapScore="2" visitedClasses="0" numClasses="0" visitedMethods="0" numMethods="0" />
          <FullName>&lt;&gt;f__AnonymousType2`2</FullName>
          <Methods>
            <Method visited="false" cyclomaticComplexity="1" nPathComplexity="0" sequenceCoverage="0" branchCoverage="0" crapScore="2" isConstructor="false" isStatic="false" isGetter="true" isSetter="false">
              <Summary numSequencePoints="0" visitedSequencePoints="0" numBranchPoints="0" visitedBranchPoints="0" sequenceCoverage="0" branchCoverage="0" maxCyclomaticComplexity="1" minCyclomaticComplexity="1" maxCrapScore="2" minCrapScore="2" visitedClasses="0" numClasses="0" visitedMethods="0" numMethods="0" />
              <MetadataToken>100663309</MetadataToken>
              <Name>&lt;ReturnUrl&gt;j__TPar &lt;&gt;f__AnonymousType2`2::get_ReturnUrl()</Name>
              <SequencePoints />
              <BranchPoints />
              <MethodPoint vc="0" uspid="100" ordinal="0" offset="0" />
            </Method>
            <Method visited="false" cyclomaticComplexity="1" nPathComplexity="0" sequenceCoverage="0" branchCoverage="0" crapScore="2" isConstructor="false" isStatic="false" isGetter="true" isSetter="false">
              <Summary numSequencePoints="0" visitedSequencePoints="0" numBranchPoints="0" visitedBranchPoints="0" sequenceCoverage="0" branchCoverage="0" maxCyclomaticComplexity="1" minCyclomaticComplexity="1" maxCrapScore="2" minCrapScore="2" visitedClasses="0" numClasses="0" visitedMethods="0" numMethods="0" />
              <MetadataToken>100663310</MetadataToken>
              <Name>&lt;RememberMe&gt;j__TPar &lt;&gt;f__AnonymousType2`2::get_RememberMe()</Name>
              <SequencePoints />
              <BranchPoints />
              <MethodPoint vc="0" uspid="101" ordinal="0" offset="0" />
            </Method>
            <Method visited="false" cyclomaticComplexity="1" nPathComplexity="0" sequenceCoverage="0" branchCoverage="0" crapScore="2" isConstructor="true" isStatic="false" isGetter="false" isSetter="false">
              <Summary numSequencePoints="0" visitedSequencePoints="0" numBranchPoints="0" visitedBranchPoints="0" sequenceCoverage="0" branchCoverage="0" maxCyclomaticComplexity="1" minCyclomaticComplexity="1" maxCrapScore="2" minCrapScore="2" visitedClasses="0" numClasses="0" visitedMethods="0" numMethods="0" />
              <MetadataToken>100663311</MetadataToken>
              <Name>System.Void &lt;&gt;f__AnonymousType2`2::.ctor(&lt;ReturnUrl&gt;j__TPar,&lt;RememberMe&gt;j__TPar)</Name>
              <SequencePoints />
              <BranchPoints />
              <MethodPoint vc="0" uspid="102" ordinal="0" offset="0" />
            </Method>
            <Method visited="false" cyclomaticComplexity="3" nPathComplexity="0" sequenceCoverage="0" branchCoverage="0" crapScore="12" isConstructor="false" isStatic="false" isGetter="false" isSetter="false">
              <Summary numSequencePoints="0" visitedSequencePoints="0" numBranchPoints="0" visitedBranchPoints="0" sequenceCoverage="0" branchCoverage="0" maxCyclomaticComplexity="3" minCyclomaticComplexity="3" maxCrapScore="12" minCrapScore="12" visitedClasses="0" numClasses="0" visitedMethods="0" numMethods="0" />
              <MetadataToken>100663312</MetadataToken>
              <Name>System.Boolean &lt;&gt;f__AnonymousType2`2::Equals(System.Object)</Name>
              <SequencePoints />
              <BranchPoints />
              <MethodPoint vc="0" uspid="103" ordinal="0" offset="0" />
            </Method>
            <Method visited="false" cyclomaticComplexity="1" nPathComplexity="0" sequenceCoverage="0" branchCoverage="0" crapScore="2" isConstructor="false" isStatic="false" isGetter="false" isSetter="false">
              <Summary numSequencePoints="0" visitedSequencePoints="0" numBranchPoints="0" visitedBranchPoints="0" sequenceCoverage="0" branchCoverage="0" maxCyclomaticComplexity="1" minCyclomaticComplexity="1" maxCrapScore="2" minCrapScore="2" visitedClasses="0" numClasses="0" visitedMethods="0" numMethods="0" />
              <MetadataToken>100663313</MetadataToken>
              <Name>System.Int32 &lt;&gt;f__AnonymousType2`2::GetHashCode()</Name>
              <SequencePoints />
              <BranchPoints />
              <MethodPoint vc="0" uspid="104" ordinal="0" offset="0" />
            </Method>
            <Method visited="false" cyclomaticComplexity="7" nPathComplexity="0" sequenceCoverage="0" branchCoverage="0" crapScore="56" isConstructor="false" isStatic="false" isGetter="false" isSetter="false">
              <Summary numSequencePoints="0" visitedSequencePoints="0" numBranchPoints="0" visitedBranchPoints="0" sequenceCoverage="0" branchCoverage="0" maxCyclomaticComplexity="7" minCyclomaticComplexity="7" maxCrapScore="56" minCrapScore="56" visitedClasses="0" numClasses="0" visitedMethods="0" numMethods="0" />
              <MetadataToken>100663314</MetadataToken>
              <Name>System.String &lt;&gt;f__AnonymousType2`2::ToString()</Name>
              <SequencePoints />
              <BranchPoints />
              <MethodPoint vc="0" uspid="105" ordinal="0" offset="0" />
            </Method>
          </Methods>
        </Class>
        <Class>
          <Summary numSequencePoints="0" visitedSequencePoints="0" numBranchPoints="0" visitedBranchPoints="0" sequenceCoverage="0" branchCoverage="0" maxCyclomaticComplexity="4" minCyclomaticComplexity="1" maxCrapScore="20" minCrapScore="2" visitedClasses="0" numClasses="0" visitedMethods="0" numMethods="0" />
          <FullName>&lt;&gt;f__AnonymousType3`1</FullName>
          <Methods>
            <Method visited="false" cyclomaticComplexity="1" nPathComplexity="0" sequenceCoverage="0" branchCoverage="0" crapScore="2" isConstructor="false" isStatic="false" isGetter="true" isSetter="false">
              <Summary numSequencePoints="0" visitedSequencePoints="0" numBranchPoints="0" visitedBranchPoints="0" sequenceCoverage="0" branchCoverage="0" maxCyclomaticComplexity="1" minCyclomaticComplexity="1" maxCrapScore="2" minCrapScore="2" visitedClasses="0" numClasses="0" visitedMethods="0" numMethods="0" />
              <MetadataToken>100663315</MetadataToken>
              <Name>&lt;ReturnUrl&gt;j__TPar &lt;&gt;f__AnonymousType3`1::get_ReturnUrl()</Name>
              <SequencePoints />
              <BranchPoints />
              <MethodPoint vc="0" uspid="106" ordinal="0" offset="0" />
            </Method>
            <Method visited="false" cyclomaticComplexity="1" nPathComplexity="0" sequenceCoverage="0" branchCoverage="0" crapScore="2" isConstructor="true" isStatic="false" isGetter="false" isSetter="false">
              <Summary numSequencePoints="0" visitedSequencePoints="0" numBranchPoints="0" visitedBranchPoints="0" sequenceCoverage="0" branchCoverage="0" maxCyclomaticComplexity="1" minCyclomaticComplexity="1" maxCrapScore="2" minCrapScore="2" visitedClasses="0" numClasses="0" visitedMethods="0" numMethods="0" />
              <MetadataToken>100663316</MetadataToken>
              <Name>System.Void &lt;&gt;f__AnonymousType3`1::.ctor(&lt;ReturnUrl&gt;j__TPar)</Name>
              <SequencePoints />
              <BranchPoints />
              <MethodPoint vc="0" uspid="107" ordinal="0" offset="0" />
            </Method>
            <Method visited="false" cyclomaticComplexity="2" nPathComplexity="0" sequenceCoverage="0" branchCoverage="0" crapScore="6" isConstructor="false" isStatic="false" isGetter="false" isSetter="false">
              <Summary numSequencePoints="0" visitedSequencePoints="0" numBranchPoints="0" visitedBranchPoints="0" sequenceCoverage="0" branchCoverage="0" maxCyclomaticComplexity="2" minCyclomaticComplexity="2" maxCrapScore="6" minCrapScore="6" visitedClasses="0" numClasses="0" visitedMethods="0" numMethods="0" />
              <MetadataToken>100663317</MetadataToken>
              <Name>System.Boolean &lt;&gt;f__AnonymousType3`1::Equals(System.Object)</Name>
              <SequencePoints />
              <BranchPoints />
              <MethodPoint vc="0" uspid="108" ordinal="0" offset="0" />
            </Method>
            <Method visited="false" cyclomaticComplexity="1" nPathComplexity="0" sequenceCoverage="0" branchCoverage="0" crapScore="2" isConstructor="false" isStatic="false" isGetter="false" isSetter="false">
              <Summary numSequencePoints="0" visitedSequencePoints="0" numBranchPoints="0" visitedBranchPoints="0" sequenceCoverage="0" branchCoverage="0" maxCyclomaticComplexity="1" minCyclomaticComplexity="1" maxCrapScore="2" minCrapScore="2" visitedClasses="0" numClasses="0" visitedMethods="0" numMethods="0" />
              <MetadataToken>100663318</MetadataToken>
              <Name>System.Int32 &lt;&gt;f__AnonymousType3`1::GetHashCode()</Name>
              <SequencePoints />
              <BranchPoints />
              <MethodPoint vc="0" uspid="109" ordinal="0" offset="0" />
            </Method>
            <Method visited="false" cyclomaticComplexity="4" nPathComplexity="0" sequenceCoverage="0" branchCoverage="0" crapScore="20" isConstructor="false" isStatic="false" isGetter="false" isSetter="false">
              <Summary numSequencePoints="0" visitedSequencePoints="0" numBranchPoints="0" visitedBranchPoints="0" sequenceCoverage="0" branchCoverage="0" maxCyclomaticComplexity="4" minCyclomaticComplexity="4" maxCrapScore="20" minCrapScore="20" visitedClasses="0" numClasses="0" visitedMethods="0" numMethods="0" />
              <MetadataToken>100663319</MetadataToken>
              <Name>System.String &lt;&gt;f__AnonymousType3`1::ToString()</Name>
              <SequencePoints />
              <BranchPoints />
              <MethodPoint vc="0" uspid="110" ordinal="0" offset="0" />
            </Method>
          </Methods>
        </Class>
        <Class>
          <Summary numSequencePoints="0" visitedSequencePoints="0" numBranchPoints="0" visitedBranchPoints="0" sequenceCoverage="0" branchCoverage="0" maxCyclomaticComplexity="10" minCyclomaticComplexity="1" maxCrapScore="110" minCrapScore="2" visitedClasses="0" numClasses="0" visitedMethods="0" numMethods="0" />
          <FullName>&lt;&gt;f__AnonymousType4`3</FullName>
          <Methods>
            <Method visited="false" cyclomaticComplexity="1" nPathComplexity="0" sequenceCoverage="0" branchCoverage="0" crapScore="2" isConstructor="false" isStatic="false" isGetter="true" isSetter="false">
              <Summary numSequencePoints="0" visitedSequencePoints="0" numBranchPoints="0" visitedBranchPoints="0" sequenceCoverage="0" branchCoverage="0" maxCyclomaticComplexity="1" minCyclomaticComplexity="1" maxCrapScore="2" minCrapScore="2" visitedClasses="0" numClasses="0" visitedMethods="0" numMethods="0" />
              <MetadataToken>100663320</MetadataToken>
              <Name>&lt;Provider&gt;j__TPar &lt;&gt;f__AnonymousType4`3::get_Provider()</Name>
              <SequencePoints />
              <BranchPoints />
              <MethodPoint vc="0" uspid="111" ordinal="0" offset="0" />
            </Method>
            <Method visited="false" cyclomaticComplexity="1" nPathComplexity="0" sequenceCoverage="0" branchCoverage="0" crapScore="2" isConstructor="false" isStatic="false" isGetter="true" isSetter="false">
              <Summary numSequencePoints="0" visitedSequencePoints="0" numBranchPoints="0" visitedBranchPoints="0" sequenceCoverage="0" branchCoverage="0" maxCyclomaticComplexity="1" minCyclomaticComplexity="1" maxCrapScore="2" minCrapScore="2" visitedClasses="0" numClasses="0" visitedMethods="0" numMethods="0" />
              <MetadataToken>100663321</MetadataToken>
              <Name>&lt;ReturnUrl&gt;j__TPar &lt;&gt;f__AnonymousType4`3::get_ReturnUrl()</Name>
              <SequencePoints />
              <BranchPoints />
              <MethodPoint vc="0" uspid="112" ordinal="0" offset="0" />
            </Method>
            <Method visited="false" cyclomaticComplexity="1" nPathComplexity="0" sequenceCoverage="0" branchCoverage="0" crapScore="2" isConstructor="false" isStatic="false" isGetter="true" isSetter="false">
              <Summary numSequencePoints="0" visitedSequencePoints="0" numBranchPoints="0" visitedBranchPoints="0" sequenceCoverage="0" branchCoverage="0" maxCyclomaticComplexity="1" minCyclomaticComplexity="1" maxCrapScore="2" minCrapScore="2" visitedClasses="0" numClasses="0" visitedMethods="0" numMethods="0" />
              <MetadataToken>100663322</MetadataToken>
              <Name>&lt;RememberMe&gt;j__TPar &lt;&gt;f__AnonymousType4`3::get_RememberMe()</Name>
              <SequencePoints />
              <BranchPoints />
              <MethodPoint vc="0" uspid="113" ordinal="0" offset="0" />
            </Method>
            <Method visited="false" cyclomaticComplexity="1" nPathComplexity="0" sequenceCoverage="0" branchCoverage="0" crapScore="2" isConstructor="true" isStatic="false" isGetter="false" isSetter="false">
              <Summary numSequencePoints="0" visitedSequencePoints="0" numBranchPoints="0" visitedBranchPoints="0" sequenceCoverage="0" branchCoverage="0" maxCyclomaticComplexity="1" minCyclomaticComplexity="1" maxCrapScore="2" minCrapScore="2" visitedClasses="0" numClasses="0" visitedMethods="0" numMethods="0" />
              <MetadataToken>100663323</MetadataToken>
              <Name>System.Void &lt;&gt;f__AnonymousType4`3::.ctor(&lt;Provider&gt;j__TPar,&lt;ReturnUrl&gt;j__TPar,&lt;RememberMe&gt;j__TPar)</Name>
              <SequencePoints />
              <BranchPoints />
              <MethodPoint vc="0" uspid="114" ordinal="0" offset="0" />
            </Method>
            <Method visited="false" cyclomaticComplexity="4" nPathComplexity="0" sequenceCoverage="0" branchCoverage="0" crapScore="20" isConstructor="false" isStatic="false" isGetter="false" isSetter="false">
              <Summary numSequencePoints="0" visitedSequencePoints="0" numBranchPoints="0" visitedBranchPoints="0" sequenceCoverage="0" branchCoverage="0" maxCyclomaticComplexity="4" minCyclomaticComplexity="4" maxCrapScore="20" minCrapScore="20" visitedClasses="0" numClasses="0" visitedMethods="0" numMethods="0" />
              <MetadataToken>100663324</MetadataToken>
              <Name>System.Boolean &lt;&gt;f__AnonymousType4`3::Equals(System.Object)</Name>
              <SequencePoints />
              <BranchPoints />
              <MethodPoint vc="0" uspid="115" ordinal="0" offset="0" />
            </Method>
            <Method visited="false" cyclomaticComplexity="1" nPathComplexity="0" sequenceCoverage="0" branchCoverage="0" crapScore="2" isConstructor="false" isStatic="false" isGetter="false" isSetter="false">
              <Summary numSequencePoints="0" visitedSequencePoints="0" numBranchPoints="0" visitedBranchPoints="0" sequenceCoverage="0" branchCoverage="0" maxCyclomaticComplexity="1" minCyclomaticComplexity="1" maxCrapScore="2" minCrapScore="2" visitedClasses="0" numClasses="0" visitedMethods="0" numMethods="0" />
              <MetadataToken>100663325</MetadataToken>
              <Name>System.Int32 &lt;&gt;f__AnonymousType4`3::GetHashCode()</Name>
              <SequencePoints />
              <BranchPoints />
              <MethodPoint vc="0" uspid="116" ordinal="0" offset="0" />
            </Method>
            <Method visited="false" cyclomaticComplexity="10" nPathComplexity="0" sequenceCoverage="0" branchCoverage="0" crapScore="110" isConstructor="false" isStatic="false" isGetter="false" isSetter="false">
              <Summary numSequencePoints="0" visitedSequencePoints="0" numBranchPoints="0" visitedBranchPoints="0" sequenceCoverage="0" branchCoverage="0" maxCyclomaticComplexity="10" minCyclomaticComplexity="10" maxCrapScore="110" minCrapScore="110" visitedClasses="0" numClasses="0" visitedMethods="0" numMethods="0" />
              <MetadataToken>100663326</MetadataToken>
              <Name>System.String &lt;&gt;f__AnonymousType4`3::ToString()</Name>
              <SequencePoints />
              <BranchPoints />
              <MethodPoint vc="0" uspid="117" ordinal="0" offset="0" />
            </Method>
          </Methods>
        </Class>
        <Class>
          <Summary numSequencePoints="0" visitedSequencePoints="0" numBranchPoints="0" visitedBranchPoints="0" sequenceCoverage="0" branchCoverage="0" maxCyclomaticComplexity="4" minCyclomaticComplexity="1" maxCrapScore="20" minCrapScore="2" visitedClasses="0" numClasses="0" visitedMethods="0" numMethods="0" />
          <FullName>&lt;&gt;f__AnonymousType5`1</FullName>
          <Methods>
            <Method visited="false" cyclomaticComplexity="1" nPathComplexity="0" sequenceCoverage="0" branchCoverage="0" crapScore="2" isConstructor="false" isStatic="false" isGetter="true" isSetter="false">
              <Summary numSequencePoints="0" visitedSequencePoints="0" numBranchPoints="0" visitedBranchPoints="0" sequenceCoverage="0" branchCoverage="0" maxCyclomaticComplexity="1" minCyclomaticComplexity="1" maxCrapScore="2" minCrapScore="2" visitedClasses="0" numClasses="0" visitedMethods="0" numMethods="0" />
              <MetadataToken>100663327</MetadataToken>
              <Name>&lt;Message&gt;j__TPar &lt;&gt;f__AnonymousType5`1::get_Message()</Name>
              <SequencePoints />
              <BranchPoints />
              <MethodPoint vc="0" uspid="118" ordinal="0" offset="0" />
            </Method>
            <Method visited="false" cyclomaticComplexity="1" nPathComplexity="0" sequenceCoverage="0" branchCoverage="0" crapScore="2" isConstructor="true" isStatic="false" isGetter="false" isSetter="false">
              <Summary numSequencePoints="0" visitedSequencePoints="0" numBranchPoints="0" visitedBranchPoints="0" sequenceCoverage="0" branchCoverage="0" maxCyclomaticComplexity="1" minCyclomaticComplexity="1" maxCrapScore="2" minCrapScore="2" visitedClasses="0" numClasses="0" visitedMethods="0" numMethods="0" />
              <MetadataToken>100663328</MetadataToken>
              <Name>System.Void &lt;&gt;f__AnonymousType5`1::.ctor(&lt;Message&gt;j__TPar)</Name>
              <SequencePoints />
              <BranchPoints />
              <MethodPoint vc="0" uspid="119" ordinal="0" offset="0" />
            </Method>
            <Method visited="false" cyclomaticComplexity="2" nPathComplexity="0" sequenceCoverage="0" branchCoverage="0" crapScore="6" isConstructor="false" isStatic="false" isGetter="false" isSetter="false">
              <Summary numSequencePoints="0" visitedSequencePoints="0" numBranchPoints="0" visitedBranchPoints="0" sequenceCoverage="0" branchCoverage="0" maxCyclomaticComplexity="2" minCyclomaticComplexity="2" maxCrapScore="6" minCrapScore="6" visitedClasses="0" numClasses="0" visitedMethods="0" numMethods="0" />
              <MetadataToken>100663329</MetadataToken>
              <Name>System.Boolean &lt;&gt;f__AnonymousType5`1::Equals(System.Object)</Name>
              <SequencePoints />
              <BranchPoints />
              <MethodPoint vc="0" uspid="120" ordinal="0" offset="0" />
            </Method>
            <Method visited="false" cyclomaticComplexity="1" nPathComplexity="0" sequenceCoverage="0" branchCoverage="0" crapScore="2" isConstructor="false" isStatic="false" isGetter="false" isSetter="false">
              <Summary numSequencePoints="0" visitedSequencePoints="0" numBranchPoints="0" visitedBranchPoints="0" sequenceCoverage="0" branchCoverage="0" maxCyclomaticComplexity="1" minCyclomaticComplexity="1" maxCrapScore="2" minCrapScore="2" visitedClasses="0" numClasses="0" visitedMethods="0" numMethods="0" />
              <MetadataToken>100663330</MetadataToken>
              <Name>System.Int32 &lt;&gt;f__AnonymousType5`1::GetHashCode()</Name>
              <SequencePoints />
              <BranchPoints />
              <MethodPoint vc="0" uspid="121" ordinal="0" offset="0" />
            </Method>
            <Method visited="false" cyclomaticComplexity="4" nPathComplexity="0" sequenceCoverage="0" branchCoverage="0" crapScore="20" isConstructor="false" isStatic="false" isGetter="false" isSetter="false">
              <Summary numSequencePoints="0" visitedSequencePoints="0" numBranchPoints="0" visitedBranchPoints="0" sequenceCoverage="0" branchCoverage="0" maxCyclomaticComplexity="4" minCyclomaticComplexity="4" maxCrapScore="20" minCrapScore="20" visitedClasses="0" numClasses="0" visitedMethods="0" numMethods="0" />
              <MetadataToken>100663331</MetadataToken>
              <Name>System.String &lt;&gt;f__AnonymousType5`1::ToString()</Name>
              <SequencePoints />
              <BranchPoints />
              <MethodPoint vc="0" uspid="122" ordinal="0" offset="0" />
            </Method>
          </Methods>
        </Class>
        <Class>
          <Summary numSequencePoints="0" visitedSequencePoints="0" numBranchPoints="0" visitedBranchPoints="0" sequenceCoverage="0" branchCoverage="0" maxCyclomaticComplexity="4" minCyclomaticComplexity="1" maxCrapScore="20" minCrapScore="2" visitedClasses="0" numClasses="0" visitedMethods="0" numMethods="0" />
          <FullName>&lt;&gt;f__AnonymousType6`1</FullName>
          <Methods>
            <Method visited="false" cyclomaticComplexity="1" nPathComplexity="0" sequenceCoverage="0" branchCoverage="0" crapScore="2" isConstructor="false" isStatic="false" isGetter="true" isSetter="false">
              <Summary numSequencePoints="0" visitedSequencePoints="0" numBranchPoints="0" visitedBranchPoints="0" sequenceCoverage="0" branchCoverage="0" maxCyclomaticComplexity="1" minCyclomaticComplexity="1" maxCrapScore="2" minCrapScore="2" visitedClasses="0" numClasses="0" visitedMethods="0" numMethods="0" />
              <MetadataToken>100663332</MetadataToken>
              <Name>&lt;PhoneNumber&gt;j__TPar &lt;&gt;f__AnonymousType6`1::get_PhoneNumber()</Name>
              <SequencePoints />
              <BranchPoints />
              <MethodPoint vc="0" uspid="123" ordinal="0" offset="0" />
            </Method>
            <Method visited="false" cyclomaticComplexity="1" nPathComplexity="0" sequenceCoverage="0" branchCoverage="0" crapScore="2" isConstructor="true" isStatic="false" isGetter="false" isSetter="false">
              <Summary numSequencePoints="0" visitedSequencePoints="0" numBranchPoints="0" visitedBranchPoints="0" sequenceCoverage="0" branchCoverage="0" maxCyclomaticComplexity="1" minCyclomaticComplexity="1" maxCrapScore="2" minCrapScore="2" visitedClasses="0" numClasses="0" visitedMethods="0" numMethods="0" />
              <MetadataToken>100663333</MetadataToken>
              <Name>System.Void &lt;&gt;f__AnonymousType6`1::.ctor(&lt;PhoneNumber&gt;j__TPar)</Name>
              <SequencePoints />
              <BranchPoints />
              <MethodPoint vc="0" uspid="124" ordinal="0" offset="0" />
            </Method>
            <Method visited="false" cyclomaticComplexity="2" nPathComplexity="0" sequenceCoverage="0" branchCoverage="0" crapScore="6" isConstructor="false" isStatic="false" isGetter="false" isSetter="false">
[...]
                <SequencePoint vc="0" uspid="2035" ordinal="13" offset="99" sl="61" sc="17" el="61" ec="43" bec="2" bev="0" fileid="91" />
                <SequencePoint vc="0" uspid="2036" ordinal="14" offset="113" sl="62" sc="17" el="62" ec="18" bec="0" bev="0" fileid="91" />
                <SequencePoint vc="0" uspid="2037" ordinal="15" offset="114" sl="63" sc="21" el="63" ec="39" bec="0" bev="0" fileid="91" />
                <SequencePoint vc="0" uspid="2038" ordinal="16" offset="123" sl="66" sc="17" el="66" ec="18" bec="0" bev="0" fileid="91" />
                <SequencePoint vc="0" uspid="2039" ordinal="17" offset="124" sl="67" sc="21" el="67" ec="27" bec="0" bev="0" fileid="91" />
                <SequencePoint vc="0" uspid="2040" ordinal="18" offset="126" sl="71" sc="13" el="71" ec="57" bec="0" bev="0" fileid="91" />
                <SequencePoint vc="0" uspid="2041" ordinal="19" offset="140" sl="72" sc="9" el="72" ec="10" bec="0" bev="0" fileid="91" />
              </SequencePoints>
              <BranchPoints>
                <BranchPoint vc="0" uspid="2042" ordinal="0" offset="17" sl="43" path="0" offsetend="19" fileid="91" />
                <BranchPoint vc="0" uspid="2043" ordinal="1" offset="17" sl="43" path="1" offsetend="35" fileid="91" />
                <BranchPoint vc="0" uspid="2044" ordinal="2" offset="49" sl="48" path="0" offsetend="51" fileid="91" />
                <BranchPoint vc="0" uspid="2045" ordinal="3" offset="49" sl="48" path="1" offsetend="61" fileid="91" />
                <BranchPoint vc="0" uspid="2046" ordinal="4" offset="111" sl="61" path="0" offsetend="113" fileid="91" />
                <BranchPoint vc="0" uspid="2047" ordinal="5" offset="111" sl="61" path="1" offsetend="123" fileid="91" />
              </BranchPoints>
              <MethodPoint xsi:type="SequencePoint" vc="0" uspid="2022" ordinal="0" offset="0" sl="42" sc="9" el="42" ec="10" bec="0" bev="0" fileid="91" />
            </Method>
            <Method visited="false" cyclomaticComplexity="2" nPathComplexity="2" sequenceCoverage="0" branchCoverage="0" crapScore="6" isConstructor="false" isStatic="false" isGetter="false" isSetter="false">
              <Summary numSequencePoints="8" visitedSequencePoints="0" numBranchPoints="3" visitedBranchPoints="0" sequenceCoverage="0" branchCoverage="0" maxCyclomaticComplexity="2" minCyclomaticComplexity="2" maxCrapScore="6" minCrapScore="6" visitedClasses="0" numClasses="0" visitedMethods="0" numMethods="1" />
              <MetadataToken>100663713</MetadataToken>
              <Name>System.Web.Http.IHttpActionResult WebStoreAssignment2.Controllers.SuggestionsAPIController::PostSuggestion(WebStoreAssignment2.Models.Suggestion)</Name>
              <FileRef uid="91" />
              <SequencePoints>
                <SequencePoint vc="0" uspid="2048" ordinal="0" offset="0" sl="77" sc="9" el="77" ec="10" bec="0" bev="0" fileid="91" />
                <SequencePoint vc="0" uspid="2049" ordinal="1" offset="1" sl="78" sc="13" el="78" ec="37" bec="2" bev="0" fileid="91" />
                <SequencePoint vc="0" uspid="2050" ordinal="2" offset="19" sl="79" sc="13" el="79" ec="14" bec="0" bev="0" fileid="91" />
                <SequencePoint vc="0" uspid="2051" ordinal="3" offset="20" sl="80" sc="17" el="80" ec="47" bec="0" bev="0" fileid="91" />
                <SequencePoint vc="0" uspid="2052" ordinal="4" offset="35" sl="83" sc="13" el="83" ec="44" bec="0" bev="0" fileid="91" />
                <SequencePoint vc="0" uspid="2053" ordinal="5" offset="53" sl="84" sc="13" el="84" ec="30" bec="0" bev="0" fileid="91" />
                <SequencePoint vc="0" uspid="2054" ordinal="6" offset="65" sl="86" sc="13" el="86" ec="99" bec="0" bev="0" fileid="91" />
                <SequencePoint vc="0" uspid="2055" ordinal="7" offset="91" sl="87" sc="9" el="87" ec="10" bec="0" bev="0" fileid="91" />
              </SequencePoints>
              <BranchPoints>
                <BranchPoint vc="0" uspid="2056" ordinal="0" offset="17" sl="78" path="0" offsetend="19" fileid="91" />
                <BranchPoint vc="0" uspid="2057" ordinal="1" offset="17" sl="78" path="1" offsetend="35" fileid="91" />
              </BranchPoints>
              <MethodPoint xsi:type="SequencePoint" vc="0" uspid="2048" ordinal="0" offset="0" sl="77" sc="9" el="77" ec="10" bec="0" bev="0" fileid="91" />
            </Method>
            <Method visited="false" cyclomaticComplexity="2" nPathComplexity="2" sequenceCoverage="0" branchCoverage="0" crapScore="6" isConstructor="false" isStatic="false" isGetter="false" isSetter="false">
              <Summary numSequencePoints="9" visitedSequencePoints="0" numBranchPoints="3" visitedBranchPoints="0" sequenceCoverage="0" branchCoverage="0" maxCyclomaticComplexity="2" minCyclomaticComplexity="2" maxCrapScore="6" minCrapScore="6" visitedClasses="0" numClasses="0" visitedMethods="0" numMethods="1" />
              <MetadataToken>100663714</MetadataToken>
              <Name>System.Web.Http.IHttpActionResult WebStoreAssignment2.Controllers.SuggestionsAPIController::DeleteSuggestion(System.Int32)</Name>
              <FileRef uid="91" />
              <SequencePoints>
                <SequencePoint vc="0" uspid="2058" ordinal="0" offset="0" sl="93" sc="9" el="93" ec="10" bec="0" bev="0" fileid="91" />
                <SequencePoint vc="0" uspid="2059" ordinal="1" offset="1" sl="94" sc="13" el="94" ec="61" bec="0" bev="0" fileid="91" />
                <SequencePoint vc="0" uspid="2060" ordinal="2" offset="33" sl="95" sc="13" el="95" ec="36" bec="2" bev="0" fileid="91" />
                <SequencePoint vc="0" uspid="2061" ordinal="3" offset="41" sl="96" sc="13" el="96" ec="14" bec="0" bev="0" fileid="91" />
                <SequencePoint vc="0" uspid="2062" ordinal="4" offset="42" sl="97" sc="17" el="97" ec="35" bec="0" bev="0" fileid="91" />
                <SequencePoint vc="0" uspid="2063" ordinal="5" offset="51" sl="100" sc="13" el="100" ec="47" bec="0" bev="0" fileid="91" />
                <SequencePoint vc="0" uspid="2064" ordinal="6" offset="69" sl="101" sc="13" el="101" ec="30" bec="0" bev="0" fileid="91" />
                <SequencePoint vc="0" uspid="2065" ordinal="7" offset="81" sl="103" sc="13" el="103" ec="35" bec="0" bev="0" fileid="91" />
                <SequencePoint vc="0" uspid="2066" ordinal="8" offset="91" sl="104" sc="9" el="104" ec="10" bec="0" bev="0" fileid="91" />
              </SequencePoints>
              <BranchPoints>
                <BranchPoint vc="0" uspid="2067" ordinal="0" offset="39" sl="95" path="0" offsetend="41" fileid="91" />
                <BranchPoint vc="0" uspid="2068" ordinal="1" offset="39" sl="95" path="1" offsetend="51" fileid="91" />
              </BranchPoints>
              <MethodPoint xsi:type="SequencePoint" vc="0" uspid="2058" ordinal="0" offset="0" sl="93" sc="9" el="93" ec="10" bec="0" bev="0" fileid="91" />
            </Method>
            <Method visited="false" cyclomaticComplexity="2" nPathComplexity="2" sequenceCoverage="0" branchCoverage="0" crapScore="6" isConstructor="false" isStatic="false" isGetter="false" isSetter="false">
              <Summary numSequencePoints="7" visitedSequencePoints="0" numBranchPoints="3" visitedBranchPoints="0" sequenceCoverage="0" branchCoverage="0" maxCyclomaticComplexity="2" minCyclomaticComplexity="2" maxCrapScore="6" minCrapScore="6" visitedClasses="0" numClasses="0" visitedMethods="0" numMethods="1" />
              <MetadataToken>100663715</MetadataToken>
              <Name>System.Void WebStoreAssignment2.Controllers.SuggestionsAPIController::Dispose(System.Boolean)</Name>
              <FileRef uid="91" />
              <SequencePoints>
                <SequencePoint vc="0" uspid="2069" ordinal="0" offset="0" sl="107" sc="9" el="107" ec="10" bec="0" bev="0" fileid="91" />
                <SequencePoint vc="0" uspid="2070" ordinal="1" offset="1" sl="108" sc="13" el="108" ec="27" bec="2" bev="0" fileid="91" />
                <SequencePoint vc="0" uspid="2071" ordinal="2" offset="6" sl="109" sc="13" el="109" ec="14" bec="0" bev="0" fileid="91" />
                <SequencePoint vc="0" uspid="2072" ordinal="3" offset="7" sl="110" sc="17" el="110" ec="30" bec="0" bev="0" fileid="91" />
                <SequencePoint vc="0" uspid="2073" ordinal="4" offset="19" sl="111" sc="13" el="111" ec="14" bec="0" bev="0" fileid="91" />
                <SequencePoint vc="0" uspid="2074" ordinal="5" offset="20" sl="112" sc="13" el="112" ec="37" bec="0" bev="0" fileid="91" />
                <SequencePoint vc="0" uspid="2075" ordinal="6" offset="28" sl="113" sc="9" el="113" ec="10" bec="0" bev="0" fileid="91" />
              </SequencePoints>
              <BranchPoints>
                <BranchPoint vc="0" uspid="2076" ordinal="0" offset="4" sl="108" path="0" offsetend="6" fileid="91" />
                <BranchPoint vc="0" uspid="2077" ordinal="1" offset="4" sl="108" path="1" offsetend="20" fileid="91" />
              </BranchPoints>
              <MethodPoint xsi:type="SequencePoint" vc="0" uspid="2069" ordinal="0" offset="0" sl="107" sc="9" el="107" ec="10" bec="0" bev="0" fileid="91" />
            </Method>
            <Method visited="false" cyclomaticComplexity="1" nPathComplexity="0" sequenceCoverage="0" branchCoverage="0" crapScore="2" isConstructor="false" isStatic="false" isGetter="false" isSetter="false">
              <Summary numSequencePoints="3" visitedSequencePoints="0" numBranchPoints="1" visitedBranchPoints="0" sequenceCoverage="0" branchCoverage="0" maxCyclomaticComplexity="1" minCyclomaticComplexity="1" maxCrapScore="2" minCrapScore="2" visitedClasses="0" numClasses="0" visitedMethods="0" numMethods="1" />
              <MetadataToken>100663716</MetadataToken>
              <Name>System.Boolean WebStoreAssignment2.Controllers.SuggestionsAPIController::SuggestionExists(System.Int32)</Name>
              <FileRef uid="91" />
              <SequencePoints>
                <SequencePoint vc="0" uspid="2078" ordinal="0" offset="13" sl="116" sc="9" el="116" ec="10" bec="0" bev="0" fileid="91" />
                <SequencePoint vc="0" uspid="2079" ordinal="1" offset="14" sl="117" sc="13" el="117" ec="72" bec="0" bev="0" fileid="91" />
                <SequencePoint vc="0" uspid="2080" ordinal="2" offset="129" sl="118" sc="9" el="118" ec="10" bec="0" bev="0" fileid="91" />
              </SequencePoints>
              <BranchPoints />
              <MethodPoint vc="0" uspid="2081" ordinal="0" offset="0" />
            </Method>
            <Method visited="false" cyclomaticComplexity="1" nPathComplexity="0" sequenceCoverage="0" branchCoverage="0" crapScore="2" isConstructor="true" isStatic="false" isGetter="false" isSetter="false">
              <Summary numSequencePoints="1" visitedSequencePoints="0" numBranchPoints="1" visitedBranchPoints="0" sequenceCoverage="0" branchCoverage="0" maxCyclomaticComplexity="1" minCyclomaticComplexity="1" maxCrapScore="2" minCrapScore="2" visitedClasses="0" numClasses="0" visitedMethods="0" numMethods="1" />
              <MetadataToken>100663717</MetadataToken>
              <Name>System.Void WebStoreAssignment2.Controllers.SuggestionsAPIController::.ctor()</Name>
              <FileRef uid="91" />
              <SequencePoints>
                <SequencePoint vc="0" uspid="2082" ordinal="0" offset="0" sl="18" sc="9" el="18" ec="50" bec="0" bev="0" fileid="91" />
              </SequencePoints>
              <BranchPoints />
              <MethodPoint xsi:type="SequencePoint" vc="0" uspid="2082" ordinal="0" offset="0" sl="18" sc="9" el="18" ec="50" bec="0" bev="0" fileid="91" />
            </Method>
          </Methods>
        </Class>
        <Class>
          <Summary numSequencePoints="0" visitedSequencePoints="0" numBranchPoints="0" visitedBranchPoints="0" sequenceCoverage="0" branchCoverage="0" maxCyclomaticComplexity="1" minCyclomaticComplexity="1" maxCrapScore="2" minCrapScore="2" visitedClasses="0" numClasses="0" visitedMethods="0" numMethods="0" />
          <FullName>WebStoreAssignment2.Controllers.SuggestionsAPIController/&lt;&gt;c__DisplayClass7_0</FullName>
          <Methods>
            <Method visited="false" cyclomaticComplexity="1" nPathComplexity="0" sequenceCoverage="0" branchCoverage="0" crapScore="2" isConstructor="true" isStatic="false" isGetter="false" isSetter="false">
              <Summary numSequencePoints="0" visitedSequencePoints="0" numBranchPoints="0" visitedBranchPoints="0" sequenceCoverage="0" branchCoverage="0" maxCyclomaticComplexity="1" minCyclomaticComplexity="1" maxCrapScore="2" minCrapScore="2" visitedClasses="0" numClasses="0" visitedMethods="0" numMethods="0" />
              <MetadataToken>100663830</MetadataToken>
              <Name>System.Void WebStoreAssignment2.Controllers.SuggestionsAPIController/&lt;&gt;c__DisplayClass7_0::.ctor()</Name>
              <SequencePoints />
              <BranchPoints />
              <MethodPoint vc="0" uspid="2083" ordinal="0" offset="0" />
            </Method>
          </Methods>
        </Class>
        <Class>
          <Summary numSequencePoints="21" visitedSequencePoints="0" numBranchPoints="6" visitedBranchPoints="0" sequenceCoverage="0" branchCoverage="0" maxCyclomaticComplexity="3" minCyclomaticComplexity="1" maxCrapScore="12" minCrapScore="2" visitedClasses="0" numClasses="1" visitedMethods="0" numMethods="2" />
          <FullName>WebStoreAssignment2.App_Start.BasicAuthentication</FullName>
          <Methods>
            <Method visited="false" cyclomaticComplexity="3" nPathComplexity="4" sequenceCoverage="0" branchCoverage="0" crapScore="12" isConstructor="false" isStatic="false" isGetter="false" isSetter="false">
              <Summary numSequencePoints="18" visitedSequencePoints="0" numBranchPoints="5" visitedBranchPoints="0" sequenceCoverage="0" branchCoverage="0" maxCyclomaticComplexity="3" minCyclomaticComplexity="3" maxCrapScore="12" minCrapScore="12" visitedClasses="0" numClasses="0" visitedMethods="0" numMethods="1" />
              <MetadataToken>100663718</MetadataToken>
              <Name>System.Void WebStoreAssignment2.App_Start.BasicAuthentication::OnAuthorization(System.Web.Http.Controllers.HttpActionContext)</Name>
              <FileRef uid="92" />
              <SequencePoints>
                <SequencePoint vc="0" uspid="2084" ordinal="0" offset="0" sl="17" sc="9" el="17" ec="10" bec="0" bev="0" fileid="92" />
                <SequencePoint vc="0" uspid="2085" ordinal="1" offset="1" sl="18" sc="13" el="18" ec="69" bec="2" bev="0" fileid="92" />
                <SequencePoint vc="0" uspid="2086" ordinal="2" offset="27" sl="19" sc="13" el="19" ec="14" bec="0" bev="0" fileid="92" />
                <SequencePoint vc="0" uspid="2087" ordinal="3" offset="28" sl="20" sc="17" el="21" ec="46" bec="0" bev="0" fileid="92" />
                <SequencePoint vc="0" uspid="2088" ordinal="4" offset="50" sl="24" sc="17" el="25" ec="58" bec="0" bev="0" fileid="92" />
                <SequencePoint vc="0" uspid="2089" ordinal="5" offset="67" sl="28" sc="17" el="28" ec="73" bec="0" bev="0" fileid="92" />
                <SequencePoint vc="0" uspid="2090" ordinal="6" offset="85" sl="31" sc="17" el="31" ec="92" bec="2" bev="0" fileid="92" />
                <SequencePoint vc="0" uspid="2091" ordinal="7" offset="102" sl="32" sc="17" el="32" ec="18" bec="0" bev="0" fileid="92" />
                <SequencePoint vc="0" uspid="2092" ordinal="8" offset="103" sl="34" sc="21" el="35" ec="75" bec="0" bev="0" fileid="92" />
                <SequencePoint vc="0" uspid="2093" ordinal="9" offset="123" sl="36" sc="17" el="36" ec="18" bec="0" bev="0" fileid="92" />
                <SequencePoint vc="0" uspid="2094" ordinal="10" offset="126" sl="38" sc="17" el="38" ec="18" bec="0" bev="0" fileid="92" />
                <SequencePoint vc="0" uspid="2095" ordinal="11" offset="127" sl="39" sc="21" el="40" ec="87" bec="0" bev="0" fileid="92" />
                <SequencePoint vc="0" uspid="2096" ordinal="12" offset="155" sl="41" sc="17" el="41" ec="18" bec="0" bev="0" fileid="92" />
                <SequencePoint vc="0" uspid="2097" ordinal="13" offset="156" sl="42" sc="13" el="42" ec="14" bec="0" bev="0" fileid="92" />
                <SequencePoint vc="0" uspid="2098" ordinal="14" offset="159" sl="44" sc="13" el="44" ec="14" bec="0" bev="0" fileid="92" />
                <SequencePoint vc="0" uspid="2099" ordinal="15" offset="160" sl="45" sc="17" el="46" ec="103" bec="0" bev="0" fileid="92" />
                <SequencePoint vc="0" uspid="2100" ordinal="16" offset="188" sl="47" sc="13" el="47" ec="14" bec="0" bev="0" fileid="92" />
                <SequencePoint vc="0" uspid="2101" ordinal="17" offset="189" sl="48" sc="9" el="48" ec="10" bec="0" bev="0" fileid="92" />
              </SequencePoints>
              <BranchPoints>
                <BranchPoint vc="0" uspid="2102" ordinal="0" offset="22" sl="18" path="0" offsetend="27" fileid="92" />
                <BranchPoint vc="0" uspid="2103" ordinal="1" offset="22" sl="18" path="1" offsetend="159" fileid="92" />
                <BranchPoint vc="0" uspid="2104" ordinal="2" offset="100" sl="31" path="0" offsetend="102" fileid="92" />
                <BranchPoint vc="0" uspid="2105" ordinal="3" offset="100" sl="31" path="1" offsetend="126" fileid="92" />
              </BranchPoints>
              <MethodPoint xsi:type="SequencePoint" vc="0" uspid="2084" ordinal="0" offset="0" sl="17" sc="9" el="17" ec="10" bec="0" bev="0" fileid="92" />
            </Method>
            <Method visited="false" cyclomaticComplexity="2" nPathComplexity="0" sequenceCoverage="0" branchCoverage="0" crapScore="6" isConstructor="false" isStatic="true" isGetter="false" isSetter="false">
              <Summary numSequencePoints="3" visitedSequencePoints="0" numBranchPoints="1" visitedBranchPoints="0" sequenceCoverage="0" branchCoverage="0" maxCyclomaticComplexity="2" minCyclomaticComplexity="2" maxCrapScore="6" minCrapScore="6" visitedClasses="0" numClasses="0" visitedMethods="0" numMethods="1" />
              <MetadataToken>100663719</MetadataToken>
              <Name>System.Boolean WebStoreAssignment2.App_Start.BasicAuthentication::IsAuthorizedUser(System.String,System.String)</Name>
              <FileRef uid="92" />
              <SequencePoints>
                <SequencePoint vc="0" uspid="2106" ordinal="0" offset="0" sl="50" sc="9" el="50" ec="10" bec="0" bev="0" fileid="92" />
                <SequencePoint vc="0" uspid="2107" ordinal="1" offset="1" sl="52" sc="13" el="52" ec="67" bec="0" bev="0" fileid="92" />
                <SequencePoint vc="0" uspid="2108" ordinal="2" offset="31" sl="53" sc="9" el="53" ec="10" bec="0" bev="0" fileid="92" />
              </SequencePoints>
              <BranchPoints />
              <MethodPoint xsi:type="SequencePoint" vc="0" uspid="2106" ordinal="0" offset="0" sl="50" sc="9" el="50" ec="10" bec="0" bev="0" fileid="92" />
            </Method>
            <Method visited="false" cyclomaticComplexity="1" nPathComplexity="0" sequenceCoverage="0" branchCoverage="0" crapScore="2" isConstructor="true" isStatic="false" isGetter="false" isSetter="false">
              <Summary numSequencePoints="0" visitedSequencePoints="0" numBranchPoints="0" visitedBranchPoints="0" sequenceCoverage="0" branchCoverage="0" maxCyclomaticComplexity="1" minCyclomaticComplexity="1" maxCrapScore="2" minCrapScore="2" visitedClasses="0" numClasses="0" visitedMethods="0" numMethods="0" />
              <MetadataToken>100663720</MetadataToken>
              <Name>System.Void WebStoreAssignment2.App_Start.BasicAuthentication::.ctor()</Name>
              <SequencePoints />
              <BranchPoints />
              <MethodPoint vc="0" uspid="2111" ordinal="0" offset="0" />
            </Method>
          </Methods>
        </Class>
      </Classes>
      <TrackedMethods />
    </Module>
  </Modules>
</CoverageSession>