<?xml version="1.0" encoding="utf-8"?>
<CoverageSession xmlns:xsd="http://www.w3.org/2001/XMLSchema" xmlns:xsi="http://www.w3.org/2001/XMLSchema-instance" Version="4.6.0.0">
  <Summary numSequencePoints="1767" visitedSequencePoints="104" numBranchPoints="637" visitedBranchPoints="34" sequenceCoverage="5.89" branchCoverage="5.34" maxCyclomaticComplexity="23" minCyclomaticComplexity="1" maxCrapScore="552" minCrapScore="1" visitedClasses="3" numClasses="73" visitedMethods="23" numMethods="308" />
  <Modules>
    <Module hash="AD-33-40-E1-7E-F4-6C-DF-9D-0F-14-F6-62-5B-43-BE-B1-24-24-D4">
      <Summary numSequencePoints="353" visitedSequencePoints="59" numBranchPoints="95" visitedBranchPoints="16" sequenceCoverage="16.71" branchCoverage="16.84" maxCyclomaticComplexity="3" minCyclomaticComplexity="0" maxCrapScore="12" minCrapScore="0" visitedClasses="2" numClasses="11" visitedMethods="16" numMethods="95" />
      <ModulePath>A:\Semester 3\ASP.NET\WebStoreAssignment2\WebStoreAssignment2.Tests\bin\Debug\WebStoreAssignment2.Tests.dll</ModulePath>
      <ModuleTime>2019-04-10T15:47:06.6580063Z</ModuleTime>
      <ModuleName>WebStoreAssignment2.Tests</ModuleName>
      <Files>
        <File uid="1" fullPath="A:\Semester 3\ASP.NET\WebStoreAssignment2\WebStoreAssignment2.Tests\Controllers\CarControllerTest.cs" />
        <File uid="3" fullPath="A:\Semester 3\ASP.NET\WebStoreAssignment2\WebStoreAssignment2.Tests\Controllers\ElectronicControllerTest.cs" />
        <File uid="5" fullPath="A:\Semester 3\ASP.NET\WebStoreAssignment2\WebStoreAssignment2.Tests\Controllers\EstateControlleTest.cs" />
        <File uid="7" fullPath="A:\Semester 3\ASP.NET\WebStoreAssignment2\WebStoreAssignment2.Tests\Controllers\JobsControllerTest.cs" />
        <File uid="9" fullPath="A:\Semester 3\ASP.NET\WebStoreAssignment2\WebStoreAssignment2.Tests\Controllers\SuggestionControllerTest.cs" />
        <File uid="11" fullPath="A:\Semester 3\ASP.NET\WebStoreAssignment2\WebStoreAssignment2.Tests\Controllers\HomeControllerTest.cs" />
      </Files>
      <Classes>
        <Class>
          <Summary numSequencePoints="67" visitedSequencePoints="0" numBranchPoints="16" visitedBranchPoints="0" sequenceCoverage="0" branchCoverage="0" maxCyclomaticComplexity="2" minCyclomaticComplexity="1" maxCrapScore="6" minCrapScore="2" visitedClasses="0" numClasses="1" visitedMethods="0" numMethods="16" />
          <FullName>WebStoreAssignment2.Tests.Controllers.CarControllerTest</FullName>
          <Methods>
            <Method visited="false" cyclomaticComplexity="1" nPathComplexity="0" sequenceCoverage="0" branchCoverage="0" crapScore="2" isConstructor="false" isStatic="false" isGetter="false" isSetter="false">
              <Summary numSequencePoints="6" visitedSequencePoints="0" numBranchPoints="1" visitedBranchPoints="0" sequenceCoverage="0" branchCoverage="0" maxCyclomaticComplexity="1" minCyclomaticComplexity="1" maxCrapScore="2" minCrapScore="2" visitedClasses="0" numClasses="0" visitedMethods="0" numMethods="1" />
              <MetadataToken>100663297</MetadataToken>
              <Name>System.Void WebStoreAssignment2.Tests.Controllers.CarControllerTest::TestInitialize()</Name>
              <FileRef uid="1" />
              <SequencePoints>
                <SequencePoint vc="0" uspid="1" ordinal="0" offset="0" sl="25" sc="9" el="25" ec="10" bec="0" bev="0" fileid="1" />
                <SequencePoint vc="0" uspid="2" ordinal="1" offset="1" sl="27" sc="13" el="31" ec="15" bec="0" bev="0" fileid="1" />
                <SequencePoint vc="0" uspid="3" ordinal="2" offset="120" sl="34" sc="13" el="34" ec="41" bec="0" bev="0" fileid="1" />
                <SequencePoint vc="0" uspid="4" ordinal="3" offset="131" sl="35" sc="13" el="35" ec="65" bec="0" bev="0" fileid="1" />
                <SequencePoint vc="0" uspid="5" ordinal="4" offset="216" sl="38" sc="13" el="38" ec="57" bec="0" bev="0" fileid="1" />
                <SequencePoint vc="0" uspid="6" ordinal="5" offset="238" sl="39" sc="9" el="39" ec="10" bec="0" bev="0" fileid="1" />
              </SequencePoints>
              <BranchPoints />
              <MethodPoint xsi:type="SequencePoint" vc="0" uspid="1" ordinal="0" offset="0" sl="25" sc="9" el="25" ec="10" bec="0" bev="0" fileid="1" />
            </Method>
            <Method visited="false" cyclomaticComplexity="1" nPathComplexity="0" sequenceCoverage="0" branchCoverage="0" crapScore="2" isConstructor="false" isStatic="false" isGetter="false" isSetter="false">
              <Summary numSequencePoints="4" visitedSequencePoints="0" numBranchPoints="1" visitedBranchPoints="0" sequenceCoverage="0" branchCoverage="0" maxCyclomaticComplexity="1" minCyclomaticComplexity="1" maxCrapScore="2" minCrapScore="2" visitedClasses="0" numClasses="0" visitedMethods="0" numMethods="1" />
              <MetadataToken>100663298</MetadataToken>
              <Name>System.Void WebStoreAssignment2.Tests.Controllers.CarControllerTest::IndexViewLoads()</Name>
              <FileRef uid="1" />
              <SequencePoints>
                <SequencePoint vc="0" uspid="7" ordinal="0" offset="0" sl="43" sc="9" el="43" ec="10" bec="0" bev="0" fileid="1" />
                <SequencePoint vc="0" uspid="8" ordinal="1" offset="1" sl="48" sc="13" el="48" ec="66" bec="0" bev="0" fileid="1" />
                <SequencePoint vc="0" uspid="9" ordinal="2" offset="18" sl="51" sc="13" el="51" ec="55" bec="0" bev="0" fileid="1" />
                <SequencePoint vc="0" uspid="10" ordinal="3" offset="35" sl="52" sc="9" el="52" ec="10" bec="0" bev="0" fileid="1" />
              </SequencePoints>
              <BranchPoints />
              <MethodPoint xsi:type="SequencePoint" vc="0" uspid="7" ordinal="0" offset="0" sl="43" sc="9" el="43" ec="10" bec="0" bev="0" fileid="1" />
            </Method>
            <Method visited="false" cyclomaticComplexity="2" nPathComplexity="0" sequenceCoverage="0" branchCoverage="0" crapScore="6" isConstructor="false" isStatic="false" isGetter="false" isSetter="false">
              <Summary numSequencePoints="4" visitedSequencePoints="0" numBranchPoints="1" visitedBranchPoints="0" sequenceCoverage="0" branchCoverage="0" maxCyclomaticComplexity="2" minCyclomaticComplexity="2" maxCrapScore="6" minCrapScore="6" visitedClasses="0" numClasses="0" visitedMethods="0" numMethods="1" />
              <MetadataToken>100663299</MetadataToken>
              <Name>System.Void WebStoreAssignment2.Tests.Controllers.CarControllerTest::IndexLoadsCategories()</Name>
              <FileRef uid="1" />
              <SequencePoints>
                <SequencePoint vc="0" uspid="11" ordinal="0" offset="0" sl="56" sc="9" el="56" ec="10" bec="0" bev="0" fileid="1" />
                <SequencePoint vc="0" uspid="12" ordinal="1" offset="1" sl="59" sc="13" el="59" ec="77" bec="0" bev="0" fileid="1" />
                <SequencePoint vc="0" uspid="13" ordinal="2" offset="28" sl="62" sc="13" el="62" ec="85" bec="0" bev="0" fileid="1" />
                <SequencePoint vc="0" uspid="14" ordinal="3" offset="82" sl="63" sc="9" el="63" ec="10" bec="0" bev="0" fileid="1" />
              </SequencePoints>
              <BranchPoints />
              <MethodPoint xsi:type="SequencePoint" vc="0" uspid="11" ordinal="0" offset="0" sl="56" sc="9" el="56" ec="10" bec="0" bev="0" fileid="1" />
            </Method>
            <Method visited="false" cyclomaticComplexity="2" nPathComplexity="0" sequenceCoverage="0" branchCoverage="0" crapScore="6" isConstructor="false" isStatic="false" isGetter="false" isSetter="false">
              <Summary numSequencePoints="4" visitedSequencePoints="0" numBranchPoints="1" visitedBranchPoints="0" sequenceCoverage="0" branchCoverage="0" maxCyclomaticComplexity="2" minCyclomaticComplexity="2" maxCrapScore="6" minCrapScore="6" visitedClasses="0" numClasses="0" visitedMethods="0" numMethods="1" />
              <MetadataToken>100663300</MetadataToken>
              <Name>System.Void WebStoreAssignment2.Tests.Controllers.CarControllerTest::Detailsright()</Name>
              <FileRef uid="1" />
              <SequencePoints>
                <SequencePoint vc="0" uspid="17" ordinal="0" offset="0" sl="70" sc="9" el="70" ec="10" bec="0" bev="0" fileid="1" />
                <SequencePoint vc="0" uspid="18" ordinal="1" offset="1" sl="74" sc="13" el="74" ec="68" bec="0" bev="0" fileid="1" />
                <SequencePoint vc="0" uspid="19" ordinal="2" offset="29" sl="77" sc="13" el="77" ec="78" bec="0" bev="0" fileid="1" />
                <SequencePoint vc="0" uspid="20" ordinal="3" offset="78" sl="78" sc="9" el="78" ec="10" bec="0" bev="0" fileid="1" />
              </SequencePoints>
              <BranchPoints />
              <MethodPoint xsi:type="SequencePoint" vc="0" uspid="17" ordinal="0" offset="0" sl="70" sc="9" el="70" ec="10" bec="0" bev="0" fileid="1" />
            </Method>
            <Method visited="false" cyclomaticComplexity="1" nPathComplexity="0" sequenceCoverage="0" branchCoverage="0" crapScore="2" isConstructor="false" isStatic="false" isGetter="false" isSetter="false">
              <Summary numSequencePoints="4" visitedSequencePoints="0" numBranchPoints="1" visitedBranchPoints="0" sequenceCoverage="0" branchCoverage="0" maxCyclomaticComplexity="1" minCyclomaticComplexity="1" maxCrapScore="2" minCrapScore="2" visitedClasses="0" numClasses="0" visitedMethods="0" numMethods="1" />
              <MetadataToken>100663301</MetadataToken>
              <Name>System.Void WebStoreAssignment2.Tests.Controllers.CarControllerTest::DetailsException()</Name>
              <FileRef uid="1" />
              <SequencePoints>
                <SequencePoint vc="0" uspid="23" ordinal="0" offset="0" sl="82" sc="9" el="82" ec="10" bec="0" bev="0" fileid="1" />
                <SequencePoint vc="0" uspid="24" ordinal="1" offset="1" sl="86" sc="13" el="86" ec="85" bec="0" bev="0" fileid="1" />
                <SequencePoint vc="0" uspid="25" ordinal="2" offset="24" sl="89" sc="13" el="89" ec="53" bec="0" bev="0" fileid="1" />
                <SequencePoint vc="0" uspid="26" ordinal="3" offset="41" sl="91" sc="9" el="91" ec="10" bec="0" bev="0" fileid="1" />
              </SequencePoints>
              <BranchPoints />
              <MethodPoint xsi:type="SequencePoint" vc="0" uspid="23" ordinal="0" offset="0" sl="82" sc="9" el="82" ec="10" bec="0" bev="0" fileid="1" />
            </Method>
            <Method visited="false" cyclomaticComplexity="1" nPathComplexity="0" sequenceCoverage="0" branchCoverage="0" crapScore="2" isConstructor="false" isStatic="false" isGetter="false" isSetter="false">
              <Summary numSequencePoints="4" visitedSequencePoints="0" numBranchPoints="1" visitedBranchPoints="0" sequenceCoverage="0" branchCoverage="0" maxCyclomaticComplexity="1" minCyclomaticComplexity="1" maxCrapScore="2" minCrapScore="2" visitedClasses="0" numClasses="0" visitedMethods="0" numMethods="1" />
              <MetadataToken>100663302</MetadataToken>
              <Name>System.Void WebStoreAssignment2.Tests.Controllers.CarControllerTest::Detailsnull()</Name>
              <FileRef uid="1" />
              <SequencePoints>
                <SequencePoint vc="0" uspid="27" ordinal="0" offset="0" sl="95" sc="9" el="95" ec="10" bec="0" bev="0" fileid="1" />
                <SequencePoint vc="0" uspid="28" ordinal="1" offset="1" sl="99" sc="13" el="99" ec="92" bec="0" bev="0" fileid="1" />
                <SequencePoint vc="0" uspid="29" ordinal="2" offset="27" sl="102" sc="13" el="102" ec="53" bec="0" bev="0" fileid="1" />
                <SequencePoint vc="0" uspid="30" ordinal="3" offset="44" sl="103" sc="9" el="103" ec="10" bec="0" bev="0" fileid="1" />
              </SequencePoints>
              <BranchPoints />
              <MethodPoint xsi:type="SequencePoint" vc="0" uspid="27" ordinal="0" offset="0" sl="95" sc="9" el="95" ec="10" bec="0" bev="0" fileid="1" />
            </Method>
            <Method visited="false" cyclomaticComplexity="1" nPathComplexity="0" sequenceCoverage="0" branchCoverage="0" crapScore="2" isConstructor="false" isStatic="false" isGetter="false" isSetter="false">
              <Summary numSequencePoints="4" visitedSequencePoints="0" numBranchPoints="1" visitedBranchPoints="0" sequenceCoverage="0" branchCoverage="0" maxCyclomaticComplexity="1" minCyclomaticComplexity="1" maxCrapScore="2" minCrapScore="2" visitedClasses="0" numClasses="0" visitedMethods="0" numMethods="1" />
              <MetadataToken>100663303</MetadataToken>
              <Name>System.Void WebStoreAssignment2.Tests.Controllers.CarControllerTest::Create()</Name>
              <FileRef uid="1" />
              <SequencePoints>
                <SequencePoint vc="0" uspid="31" ordinal="0" offset="0" sl="109" sc="9" el="109" ec="10" bec="0" bev="0" fileid="1" />
                <SequencePoint vc="0" uspid="32" ordinal="1" offset="1" sl="113" sc="13" el="113" ec="67" bec="0" bev="0" fileid="1" />
                <SequencePoint vc="0" uspid="33" ordinal="2" offset="18" sl="116" sc="13" el="116" ec="56" bec="0" bev="0" fileid="1" />
                <SequencePoint vc="0" uspid="34" ordinal="3" offset="35" sl="117" sc="9" el="117" ec="10" bec="0" bev="0" fileid="1" />
              </SequencePoints>
              <BranchPoints />
              <MethodPoint xsi:type="SequencePoint" vc="0" uspid="31" ordinal="0" offset="0" sl="109" sc="9" el="109" ec="10" bec="0" bev="0" fileid="1" />
            </Method>
            <Method visited="false" cyclomaticComplexity="1" nPathComplexity="0" sequenceCoverage="0" branchCoverage="0" crapScore="2" isConstructor="false" isStatic="false" isGetter="false" isSetter="false">
              <Summary numSequencePoints="4" visitedSequencePoints="0" numBranchPoints="1" visitedBranchPoints="0" sequenceCoverage="0" branchCoverage="0" maxCyclomaticComplexity="1" minCyclomaticComplexity="1" maxCrapScore="2" minCrapScore="2" visitedClasses="0" numClasses="0" visitedMethods="0" numMethods="1" />
              <MetadataToken>100663304</MetadataToken>
              <Name>System.Void WebStoreAssignment2.Tests.Controllers.CarControllerTest::Edit()</Name>
              <FileRef uid="1" />
              <SequencePoints>
                <SequencePoint vc="0" uspid="35" ordinal="0" offset="0" sl="124" sc="9" el="124" ec="10" bec="0" bev="0" fileid="1" />
                <SequencePoint vc="0" uspid="36" ordinal="1" offset="1" sl="128" sc="13" el="128" ec="66" bec="0" bev="0" fileid="1" />
                <SequencePoint vc="0" uspid="37" ordinal="2" offset="24" sl="131" sc="13" el="131" ec="54" bec="0" bev="0" fileid="1" />
                <SequencePoint vc="0" uspid="38" ordinal="3" offset="41" sl="132" sc="9" el="132" ec="10" bec="0" bev="0" fileid="1" />
              </SequencePoints>
              <BranchPoints />
              <MethodPoint xsi:type="SequencePoint" vc="0" uspid="35" ordinal="0" offset="0" sl="124" sc="9" el="124" ec="10" bec="0" bev="0" fileid="1" />
            </Method>
            <Method visited="false" cyclomaticComplexity="2" nPathComplexity="0" sequenceCoverage="0" branchCoverage="0" crapScore="6" isConstructor="false" isStatic="false" isGetter="false" isSetter="false">
              <Summary numSequencePoints="4" visitedSequencePoints="0" numBranchPoints="1" visitedBranchPoints="0" sequenceCoverage="0" branchCoverage="0" maxCyclomaticComplexity="2" minCyclomaticComplexity="2" maxCrapScore="6" minCrapScore="6" visitedClasses="0" numClasses="0" visitedMethods="0" numMethods="1" />
              <MetadataToken>100663305</MetadataToken>
              <Name>System.Void WebStoreAssignment2.Tests.Controllers.CarControllerTest::EditRight()</Name>
              <FileRef uid="1" />
              <SequencePoints>
                <SequencePoint vc="0" uspid="39" ordinal="0" offset="0" sl="137" sc="9" el="137" ec="10" bec="0" bev="0" fileid="1" />
                <SequencePoint vc="0" uspid="40" ordinal="1" offset="1" sl="141" sc="13" el="141" ec="65" bec="0" bev="0" fileid="1" />
                <SequencePoint vc="0" uspid="41" ordinal="2" offset="29" sl="144" sc="13" el="144" ec="78" bec="0" bev="0" fileid="1" />
                <SequencePoint vc="0" uspid="42" ordinal="3" offset="78" sl="145" sc="9" el="145" ec="10" bec="0" bev="0" fileid="1" />
              </SequencePoints>
              <BranchPoints />
              <MethodPoint xsi:type="SequencePoint" vc="0" uspid="39" ordinal="0" offset="0" sl="137" sc="9" el="137" ec="10" bec="0" bev="0" fileid="1" />
            </Method>
            <Method visited="false" cyclomaticComplexity="1" nPathComplexity="0" sequenceCoverage="0" branchCoverage="0" crapScore="2" isConstructor="false" isStatic="false" isGetter="false" isSetter="false">
              <Summary numSequencePoints="4" visitedSequencePoints="0" numBranchPoints="1" visitedBranchPoints="0" sequenceCoverage="0" branchCoverage="0" maxCyclomaticComplexity="1" minCyclomaticComplexity="1" maxCrapScore="2" minCrapScore="2" visitedClasses="0" numClasses="0" visitedMethods="0" numMethods="1" />
              <MetadataToken>100663306</MetadataToken>
              <Name>System.Void WebStoreAssignment2.Tests.Controllers.CarControllerTest::EditWrong()</Name>
              <FileRef uid="1" />
              <SequencePoints>
                <SequencePoint vc="0" uspid="45" ordinal="0" offset="0" sl="149" sc="9" el="149" ec="10" bec="0" bev="0" fileid="1" />
                <SequencePoint vc="0" uspid="46" ordinal="1" offset="1" sl="153" sc="13" el="153" ec="82" bec="0" bev="0" fileid="1" />
                <SequencePoint vc="0" uspid="47" ordinal="2" offset="24" sl="156" sc="13" el="156" ec="53" bec="0" bev="0" fileid="1" />
                <SequencePoint vc="0" uspid="48" ordinal="3" offset="41" sl="157" sc="9" el="157" ec="10" bec="0" bev="0" fileid="1" />
              </SequencePoints>
              <BranchPoints />
              <MethodPoint xsi:type="SequencePoint" vc="0" uspid="45" ordinal="0" offset="0" sl="149" sc="9" el="149" ec="10" bec="0" bev="0" fileid="1" />
            </Method>
            <Method visited="false" cyclomaticComplexity="1" nPathComplexity="0" sequenceCoverage="0" branchCoverage="0" crapScore="2" isConstructor="false" isStatic="false" isGetter="false" isSetter="false">
              <Summary numSequencePoints="4" visitedSequencePoints="0" numBranchPoints="1" visitedBranchPoints="0" sequenceCoverage="0" branchCoverage="0" maxCyclomaticComplexity="1" minCyclomaticComplexity="1" maxCrapScore="2" minCrapScore="2" visitedClasses="0" numClasses="0" visitedMethods="0" numMethods="1" />
              <MetadataToken>100663307</MetadataToken>
              <Name>System.Void WebStoreAssignment2.Tests.Controllers.CarControllerTest::EditNull()</Name>
              <FileRef uid="1" />
              <SequencePoints>
                <SequencePoint vc="0" uspid="49" ordinal="0" offset="0" sl="161" sc="9" el="161" ec="10" bec="0" bev="0" fileid="1" />
                <SequencePoint vc="0" uspid="50" ordinal="1" offset="1" sl="165" sc="13" el="165" ec="89" bec="0" bev="0" fileid="1" />
                <SequencePoint vc="0" uspid="51" ordinal="2" offset="27" sl="168" sc="13" el="168" ec="53" bec="0" bev="0" fileid="1" />
                <SequencePoint vc="0" uspid="52" ordinal="3" offset="44" sl="169" sc="9" el="169" ec="10" bec="0" bev="0" fileid="1" />
              </SequencePoints>
              <BranchPoints />
              <MethodPoint xsi:type="SequencePoint" vc="0" uspid="49" ordinal="0" offset="0" sl="161" sc="9" el="161" ec="10" bec="0" bev="0" fileid="1" />
            </Method>
            <Method visited="false" cyclomaticComplexity="1" nPathComplexity="0" sequenceCoverage="0" branchCoverage="0" crapScore="2" isConstructor="false" isStatic="false" isGetter="false" isSetter="false">
              <Summary numSequencePoints="4" visitedSequencePoints="0" numBranchPoints="1" visitedBranchPoints="0" sequenceCoverage="0" branchCoverage="0" maxCyclomaticComplexity="1" minCyclomaticComplexity="1" maxCrapScore="2" minCrapScore="2" visitedClasses="0" numClasses="0" visitedMethods="0" numMethods="1" />
              <MetadataToken>100663308</MetadataToken>
              <Name>System.Void WebStoreAssignment2.Tests.Controllers.CarControllerTest::Delete()</Name>
              <FileRef uid="1" />
              <SequencePoints>
                <SequencePoint vc="0" uspid="53" ordinal="0" offset="0" sl="173" sc="9" el="173" ec="10" bec="0" bev="0" fileid="1" />
                <SequencePoint vc="0" uspid="54" ordinal="1" offset="1" sl="177" sc="13" el="177" ec="68" bec="0" bev="0" fileid="1" />
                <SequencePoint vc="0" uspid="55" ordinal="2" offset="24" sl="180" sc="13" el="180" ec="56" bec="0" bev="0" fileid="1" />
                <SequencePoint vc="0" uspid="56" ordinal="3" offset="41" sl="182" sc="9" el="182" ec="10" bec="0" bev="0" fileid="1" />
              </SequencePoints>
              <BranchPoints />
              <MethodPoint xsi:type="SequencePoint" vc="0" uspid="53" ordinal="0" offset="0" sl="173" sc="9" el="173" ec="10" bec="0" bev="0" fileid="1" />
            </Method>
            <Method visited="false" cyclomaticComplexity="1" nPathComplexity="0" sequenceCoverage="0" branchCoverage="0" crapScore="2" isConstructor="false" isStatic="false" isGetter="false" isSetter="false">
              <Summary numSequencePoints="4" visitedSequencePoints="0" numBranchPoints="1" visitedBranchPoints="0" sequenceCoverage="0" branchCoverage="0" maxCyclomaticComplexity="1" minCyclomaticComplexity="1" maxCrapScore="2" minCrapScore="2" visitedClasses="0" numClasses="0" visitedMethods="0" numMethods="1" />
              <MetadataToken>100663309</MetadataToken>
              <Name>System.Void WebStoreAssignment2.Tests.Controllers.CarControllerTest::DeleteNull()</Name>
              <FileRef uid="1" />
              <SequencePoints>
                <SequencePoint vc="0" uspid="57" ordinal="0" offset="0" sl="186" sc="9" el="186" ec="10" bec="0" bev="0" fileid="1" />
                <SequencePoint vc="0" uspid="58" ordinal="1" offset="1" sl="190" sc="13" el="190" ec="91" bec="0" bev="0" fileid="1" />
                <SequencePoint vc="0" uspid="59" ordinal="2" offset="27" sl="193" sc="13" el="193" ec="53" bec="0" bev="0" fileid="1" />
                <SequencePoint vc="0" uspid="60" ordinal="3" offset="44" sl="194" sc="9" el="194" ec="10" bec="0" bev="0" fileid="1" />
              </SequencePoints>
              <BranchPoints />
              <MethodPoint xsi:type="SequencePoint" vc="0" uspid="57" ordinal="0" offset="0" sl="186" sc="9" el="186" ec="10" bec="0" bev="0" fileid="1" />
            </Method>
            <Method visited="false" cyclomaticComplexity="1" nPathComplexity="0" sequenceCoverage="0" branchCoverage="0" crapScore="2" isConstructor="false" isStatic="false" isGetter="false" isSetter="false">
              <Summary numSequencePoints="4" visitedSequencePoints="0" numBranchPoints="1" visitedBranchPoints="0" sequenceCoverage="0" branchCoverage="0" maxCyclomaticComplexity="1" minCyclomaticComplexity="1" maxCrapScore="2" minCrapScore="2" visitedClasses="0" numClasses="0" visitedMethods="0" numMethods="1" />
              <MetadataToken>100663310</MetadataToken>
              <Name>System.Void WebStoreAssignment2.Tests.Controllers.CarControllerTest::DeleteWrong()</Name>
              <FileRef uid="1" />
              <SequencePoints>
                <SequencePoint vc="0" uspid="61" ordinal="0" offset="0" sl="198" sc="9" el="198" ec="10" bec="0" bev="0" fileid="1" />
                <SequencePoint vc="0" uspid="62" ordinal="1" offset="1" sl="202" sc="13" el="202" ec="84" bec="0" bev="0" fileid="1" />
                <SequencePoint vc="0" uspid="63" ordinal="2" offset="24" sl="205" sc="13" el="205" ec="53" bec="0" bev="0" fileid="1" />
                <SequencePoint vc="0" uspid="64" ordinal="3" offset="41" sl="206" sc="9" el="206" ec="10" bec="0" bev="0" fileid="1" />
              </SequencePoints>
              <BranchPoints />
              <MethodPoint xsi:type="SequencePoint" vc="0" uspid="61" ordinal="0" offset="0" sl="198" sc="9" el="198" ec="10" bec="0" bev="0" fileid="1" />
            </Method>
            <Method visited="false" cyclomaticComplexity="1" nPathComplexity="0" sequenceCoverage="0" branchCoverage="0" crapScore="2" isConstructor="false" isStatic="false" isGetter="false" isSetter="false">
              <Summary numSequencePoints="5" visitedSequencePoints="0" numBranchPoints="1" visitedBranchPoints="0" sequenceCoverage="0" branchCoverage="0" maxCyclomaticComplexity="1" minCyclomaticComplexity="1" maxCrapScore="2" minCrapScore="2" visitedClasses="0" numClasses="0" visitedMethods="0" numMethods="1" />
              <MetadataToken>100663311</MetadataToken>
              <Name>System.Void WebStoreAssignment2.Tests.Controllers.CarControllerTest::Deleteconfirm()</Name>
              <FileRef uid="1" />
              <SequencePoints>
                <SequencePoint vc="0" uspid="65" ordinal="0" offset="0" sl="209" sc="9" el="209" ec="10" bec="0" bev="0" fileid="1" />
                <SequencePoint vc="0" uspid="66" ordinal="1" offset="1" sl="211" sc="13" el="211" ec="99" bec="0" bev="0" fileid="1" />
                <SequencePoint vc="0" uspid="67" ordinal="2" offset="19" sl="214" sc="13" el="214" ec="61" bec="0" bev="0" fileid="1" />
                <SequencePoint vc="0" uspid="68" ordinal="3" offset="31" sl="217" sc="13" el="217" ec="61" bec="0" bev="0" fileid="1" />
                <SequencePoint vc="0" uspid="69" ordinal="4" offset="54" sl="218" sc="9" el="218" ec="10" bec="0" bev="0" fileid="1" />
              </SequencePoints>
              <BranchPoints />
              <MethodPoint xsi:type="SequencePoint" vc="0" uspid="65" ordinal="0" offset="0" sl="209" sc="9" el="209" ec="10" bec="0" bev="0" fileid="1" />
            </Method>
            <Method visited="false" cyclomaticComplexity="1" nPathComplexity="0" sequenceCoverage="0" branchCoverage="0" crapScore="2" isConstructor="false" isStatic="false" isGetter="false" isSetter="false">
              <Summary numSequencePoints="4" visitedSequencePoints="0" numBranchPoints="1" visitedBranchPoints="0" sequenceCoverage="0" branchCoverage="0" maxCyclomaticComplexity="1" minCyclomaticComplexity="1" maxCrapScore="2" minCrapScore="2" visitedClasses="0" numClasses="0" visitedMethods="0" numMethods="1" />
              <MetadataToken>100663312</MetadataToken>
              <Name>System.Void WebStoreAssignment2.Tests.Controllers.CarControllerTest::Buy()</Name>
              <FileRef uid="1" />
              <SequencePoints>
                <SequencePoint vc="0" uspid="70" ordinal="0" offset="0" sl="223" sc="9" el="223" ec="10" bec="0" bev="0" fileid="1" />
                <SequencePoint vc="0" uspid="71" ordinal="1" offset="1" sl="227" sc="13" el="227" ec="65" bec="0" bev="0" fileid="1" />
                <SequencePoint vc="0" uspid="72" ordinal="2" offset="24" sl="230" sc="13" el="230" ec="53" bec="0" bev="0" fileid="1" />
                <SequencePoint vc="0" uspid="73" ordinal="3" offset="41" sl="232" sc="9" el="232" ec="10" bec="0" bev="0" fileid="1" />
              </SequencePoints>
              <BranchPoints />
              <MethodPoint xsi:type="SequencePoint" vc="0" uspid="70" ordinal="0" offset="0" sl="223" sc="9" el="223" ec="10" bec="0" bev="0" fileid="1" />
            </Method>
            <Method visited="false" cyclomaticComplexity="1" nPathComplexity="0" sequenceCoverage="0" branchCoverage="0" crapScore="2" isConstructor="true" isStatic="false" isGetter="false" isSetter="false">
              <Summary numSequencePoints="0" visitedSequencePoints="0" numBranchPoints="0" visitedBranchPoints="0" sequenceCoverage="0" branchCoverage="0" maxCyclomaticComplexity="1" minCyclomaticComplexity="1" maxCrapScore="2" minCrapScore="2" visitedClasses="0" numClasses="0" visitedMethods="0" numMethods="0" />
              <MetadataToken>100663313</MetadataToken>
              <Name>System.Void WebStoreAssignment2.Tests.Controllers.CarControllerTest::.ctor()</Name>
              <SequencePoints />
              <BranchPoints />
              <MethodPoint vc="0" uspid="74" ordinal="0" offset="0" />
            </Method>
          </Methods>
        </Class>
        <Class>
          <Summary numSequencePoints="3" visitedSequencePoints="0" numBranchPoints="3" visitedBranchPoints="0" sequenceCoverage="0" branchCoverage="0" maxCyclomaticComplexity="1" minCyclomaticComplexity="1" maxCrapScore="2" minCrapScore="2" visitedClasses="0" numClasses="1" visitedMethods="0" numMethods="3" />
          <FullName>WebStoreAssignment2.Tests.Controllers.CarControllerTest/&lt;&gt;c</FullName>
          <Methods>
            <Method visited="false" cyclomaticComplexity="1" nPathComplexity="0" sequenceCoverage="0" branchCoverage="0" crapScore="2" isConstructor="true" isStatic="true" isGetter="false" isSetter="false">
              <Summary numSequencePoints="0" visitedSequencePoints="0" numBranchPoints="0" visitedBranchPoints="0" sequenceCoverage="0" branchCoverage="0" maxCyclomaticComplexity="1" minCyclomaticComplexity="1" maxCrapScore="2" minCrapScore="2" visitedClasses="0" numClasses="0" visitedMethods="0" numMethods="0" />
              <MetadataToken>100663383</MetadataToken>
              <Name>System.Void WebStoreAssignment2.Tests.Controllers.CarControllerTest/&lt;&gt;c::.cctor()</Name>
              <SequencePoints />
              <BranchPoints />
              <MethodPoint vc="0" uspid="75" ordinal="0" offset="0" />
            </Method>
            <Method visited="false" cyclomaticComplexity="1" nPathComplexity="0" sequenceCoverage="0" branchCoverage="0" crapScore="2" isConstructor="true" isStatic="false" isGetter="false" isSetter="false">
              <Summary numSequencePoints="0" visitedSequencePoints="0" numBranchPoints="0" visitedBranchPoints="0" sequenceCoverage="0" branchCoverage="0" maxCyclomaticComplexity="1" minCyclomaticComplexity="1" maxCrapScore="2" minCrapScore="2" visitedClasses="0" numClasses="0" visitedMethods="0" numMethods="0" />
              <MetadataToken>100663384</MetadataToken>
              <Name>System.Void WebStoreAssignment2.Tests.Controllers.CarControllerTest/&lt;&gt;c::.ctor()</Name>
              <SequencePoints />
              <BranchPoints />
              <MethodPoint vc="0" uspid="76" ordinal="0" offset="0" />
            </Method>
            <Method visited="false" cyclomaticComplexity="1" nPathComplexity="0" sequenceCoverage="0" branchCoverage="0" crapScore="2" isConstructor="false" isStatic="false" isGetter="false" isSetter="false">
              <Summary numSequencePoints="1" visitedSequencePoints="0" numBranchPoints="1" visitedBranchPoints="0" sequenceCoverage="0" branchCoverage="0" maxCyclomaticComplexity="1" minCyclomaticComplexity="1" maxCrapScore="2" minCrapScore="2" visitedClasses="0" numClasses="0" visitedMethods="0" numMethods="1" />
              <MetadataToken>100663385</MetadataToken>
              <Name>System.Int32 WebStoreAssignment2.Tests.Controllers.CarControllerTest/&lt;&gt;c::&lt;IndexLoadsCategories&gt;b__5_0(WebStoreAssignment2.Models.Car)</Name>
              <FileRef uid="1" />
              <SequencePoints>
                <SequencePoint vc="0" uspid="77" ordinal="0" offset="0" sl="62" sc="57" el="62" ec="64" bec="0" bev="0" fileid="1" />
              </SequencePoints>
              <BranchPoints />
              <MethodPoint xsi:type="SequencePoint" vc="0" uspid="77" ordinal="0" offset="0" sl="62" sc="57" el="62" ec="64" bec="0" bev="0" fileid="1" />
            </Method>
            <Method visited="false" cyclomaticComplexity="1" nPathComplexity="0" sequenceCoverage="0" branchCoverage="0" crapScore="2" isConstructor="false" isStatic="false" isGetter="false" isSetter="false">
              <Summary numSequencePoints="1" visitedSequencePoints="0" numBranchPoints="1" visitedBranchPoints="0" sequenceCoverage="0" branchCoverage="0" maxCyclomaticComplexity="1" minCyclomaticComplexity="1" maxCrapScore="2" minCrapScore="2" visitedClasses="0" numClasses="0" visitedMethods="0" numMethods="1" />
              <MetadataToken>100663386</MetadataToken>
              <Name>System.Boolean WebStoreAssignment2.Tests.Controllers.CarControllerTest/&lt;&gt;c::&lt;Detailsright&gt;b__6_0(WebStoreAssignment2.Models.Car)</Name>
              <FileRef uid="1" />
              <SequencePoints>
                <SequencePoint vc="0" uspid="78" ordinal="0" offset="0" sl="77" sc="55" el="77" ec="67" bec="0" bev="0" fileid="1" />
              </SequencePoints>
              <BranchPoints />
              <MethodPoint xsi:type="SequencePoint" vc="0" uspid="78" ordinal="0" offset="0" sl="77" sc="55" el="77" ec="67" bec="0" bev="0" fileid="1" />
            </Method>
            <Method visited="false" cyclomaticComplexity="1" nPathComplexity="0" sequenceCoverage="0" branchCoverage="0" crapScore="2" isConstructor="false" isStatic="false" isGetter="false" isSetter="false">
              <Summary numSequencePoints="1" visitedSequencePoints="0" numBranchPoints="1" visitedBranchPoints="0" sequenceCoverage="0" branchCoverage="0" maxCyclomaticComplexity="1" minCyclomaticComplexity="1" maxCrapScore="2" minCrapScore="2" visitedClasses="0" numClasses="0" visitedMethods="0" numMethods="1" />
              <MetadataToken>100663387</MetadataToken>
              <Name>System.Boolean WebStoreAssignment2.Tests.Controllers.CarControllerTest/&lt;&gt;c::&lt;EditRight&gt;b__11_0(WebStoreAssignment2.Models.Car)</Name>
              <FileRef uid="1" />
              <SequencePoints>
                <SequencePoint vc="0" uspid="79" ordinal="0" offset="0" sl="144" sc="55" el="144" ec="67" bec="0" bev="0" fileid="1" />
              </SequencePoints>
              <BranchPoints />
              <MethodPoint xsi:type="SequencePoint" vc="0" uspid="79" ordinal="0" offset="0" sl="144" sc="55" el="144" ec="67" bec="0" bev="0" fileid="1" />
            </Method>
          </Methods>
        </Class>
        <Class>
          <Summary numSequencePoints="67" visitedSequencePoints="0" numBranchPoints="16" visitedBranchPoints="0" sequenceCoverage="0" branchCoverage="0" maxCyclomaticComplexity="2" minCyclomaticComplexity="1" maxCrapScore="6" minCrapScore="2" visitedClasses="0" numClasses="1" visitedMethods="0" numMethods="16" />
          <FullName>WebStoreAssignment2.Tests.Controllers.ElectronicControllerTest</FullName>
          <Methods>
            <Method visited="false" cyclomaticComplexity="1" nPathComplexity="0" sequenceCoverage="0" branchCoverage="0" crapScore="2" isConstructor="false" isStatic="false" isGetter="false" isSetter="false">
              <Summary numSequencePoints="6" visitedSequencePoints="0" numBranchPoints="1" visitedBranchPoints="0" sequenceCoverage="0" branchCoverage="0" maxCyclomaticComplexity="1" minCyclomaticComplexity="1" maxCrapScore="2" minCrapScore="2" visitedClasses="0" numClasses="0" visitedMethods="0" numMethods="1" />
              <MetadataToken>100663314</MetadataToken>
              <Name>System.Void WebStoreAssignment2.Tests.Controllers.ElectronicControllerTest::TestInitialize()</Name>
              <FileRef uid="3" />
              <SequencePoints>
                <SequencePoint vc="0" uspid="80" ordinal="0" offset="0" sl="25" sc="9" el="25" ec="10" bec="0" bev="0" fileid="3" />
                <SequencePoint vc="0" uspid="81" ordinal="1" offset="1" sl="27" sc="13" el="31" ec="15" bec="0" bev="0" fileid="3" />
                <SequencePoint vc="0" uspid="82" ordinal="2" offset="108" sl="34" sc="13" el="34" ec="48" bec="0" bev="0" fileid="3" />
                <SequencePoint vc="0" uspid="83" ordinal="3" offset="119" sl="35" sc="13" el="35" ec="79" bec="0" bev="0" fileid="3" />
                <SequencePoint vc="0" uspid="84" ordinal="4" offset="204" sl="38" sc="13" el="38" ec="64" bec="0" bev="0" fileid="3" />
                <SequencePoint vc="0" uspid="85" ordinal="5" offset="226" sl="39" sc="9" el="39" ec="10" bec="0" bev="0" fileid="3" />
              </SequencePoints>
              <BranchPoints />
              <MethodPoint xsi:type="SequencePoint" vc="0" uspid="80" ordinal="0" offset="0" sl="25" sc="9" el="25" ec="10" bec="0" bev="0" fileid="3" />
            </Method>
            <Method visited="false" cyclomaticComplexity="1" nPathComplexity="0" sequenceCoverage="0" branchCoverage="0" crapScore="2" isConstructor="false" isStatic="false" isGetter="false" isSetter="false">
              <Summary numSequencePoints="4" visitedSequencePoints="0" numBranchPoints="1" visitedBranchPoints="0" sequenceCoverage="0" branchCoverage="0" maxCyclomaticComplexity="1" minCyclomaticComplexity="1" maxCrapScore="2" minCrapScore="2" visitedClasses="0" numClasses="0" visitedMethods="0" numMethods="1" />
              <MetadataToken>100663315</MetadataToken>
              <Name>System.Void WebStoreAssignment2.Tests.Controllers.ElectronicControllerTest::IndexViewLoads()</Name>
              <FileRef uid="3" />
              <SequencePoints>
                <SequencePoint vc="0" uspid="86" ordinal="0" offset="0" sl="43" sc="9" el="43" ec="10" bec="0" bev="0" fileid="3" />
                <SequencePoint vc="0" uspid="87" ordinal="1" offset="1" sl="48" sc="13" el="48" ec="66" bec="0" bev="0" fileid="3" />
                <SequencePoint vc="0" uspid="88" ordinal="2" offset="18" sl="51" sc="13" el="51" ec="55" bec="0" bev="0" fileid="3" />
                <SequencePoint vc="0" uspid="89" ordinal="3" offset="35" sl="52" sc="9" el="52" ec="10" bec="0" bev="0" fileid="3" />
              </SequencePoints>
              <BranchPoints />
              <MethodPoint xsi:type="SequencePoint" vc="0" uspid="86" ordinal="0" offset="0" sl="43" sc="9" el="43" ec="10" bec="0" bev="0" fileid="3" />
            </Method>
            <Method visited="false" cyclomaticComplexity="2" nPathComplexity="0" sequenceCoverage="0" branchCoverage="0" crapScore="6" isConstructor="false" isStatic="false" isGetter="false" isSetter="false">
              <Summary numSequencePoints="4" visitedSequencePoints="0" numBranchPoints="1" visitedBranchPoints="0" sequenceCoverage="0" branchCoverage="0" maxCyclomaticComplexity="2" minCyclomaticComplexity="2" maxCrapScore="6" minCrapScore="6" visitedClasses="0" numClasses="0" visitedMethods="0" numMethods="1" />
              <MetadataToken>100663316</MetadataToken>
              <Name>System.Void WebStoreAssignment2.Tests.Controllers.ElectronicControllerTest::IndexLoadsCategories()</Name>
              <FileRef uid="3" />
              <SequencePoints>
                <SequencePoint vc="0" uspid="90" ordinal="0" offset="0" sl="56" sc="9" el="56" ec="10" bec="0" bev="0" fileid="3" />
                <SequencePoint vc="0" uspid="91" ordinal="1" offset="1" sl="59" sc="13" el="59" ec="85" bec="0" bev="0" fileid="3" />
                <SequencePoint vc="0" uspid="92" ordinal="2" offset="28" sl="62" sc="13" el="62" ec="100" bec="0" bev="0" fileid="3" />
                <SequencePoint vc="0" uspid="93" ordinal="3" offset="82" sl="63" sc="9" el="63" ec="10" bec="0" bev="0" fileid="3" />
              </SequencePoints>
              <BranchPoints />
              <MethodPoint xsi:type="SequencePoint" vc="0" uspid="90" ordinal="0" offset="0" sl="56" sc="9" el="56" ec="10" bec="0" bev="0" fileid="3" />
            </Method>
            <Method visited="false" cyclomaticComplexity="2" nPathComplexity="0" sequenceCoverage="0" branchCoverage="0" crapScore="6" isConstructor="false" isStatic="false" isGetter="false" isSetter="false">
              <Summary numSequencePoints="4" visitedSequencePoints="0" numBranchPoints="1" visitedBranchPoints="0" sequenceCoverage="0" branchCoverage="0" maxCyclomaticComplexity="2" minCyclomaticComplexity="2" maxCrapScore="6" minCrapScore="6" visitedClasses="0" numClasses="0" visitedMethods="0" numMethods="1" />
              <MetadataToken>100663317</MetadataToken>
              <Name>System.Void WebStoreAssignment2.Tests.Controllers.ElectronicControllerTest::Detailsright()</Name>
              <FileRef uid="3" />
              <SequencePoints>
                <SequencePoint vc="0" uspid="96" ordinal="0" offset="0" sl="70" sc="9" el="70" ec="10" bec="0" bev="0" fileid="3" />
                <SequencePoint vc="0" uspid="97" ordinal="1" offset="1" sl="74" sc="13" el="74" ec="68" bec="0" bev="0" fileid="3" />
                <SequencePoint vc="0" uspid="98" ordinal="2" offset="29" sl="77" sc="13" el="77" ec="93" bec="0" bev="0" fileid="3" />
                <SequencePoint vc="0" uspid="99" ordinal="3" offset="78" sl="78" sc="9" el="78" ec="10" bec="0" bev="0" fileid="3" />
              </SequencePoints>
              <BranchPoints />
              <MethodPoint xsi:type="SequencePoint" vc="0" uspid="96" ordinal="0" offset="0" sl="70" sc="9" el="70" ec="10" bec="0" bev="0" fileid="3" />
            </Method>
            <Method visited="false" cyclomaticComplexity="1" nPathComplexity="0" sequenceCoverage="0" branchCoverage="0" crapScore="2" isConstructor="false" isStatic="false" isGetter="false" isSetter="false">
              <Summary numSequencePoints="4" visitedSequencePoints="0" numBranchPoints="1" visitedBranchPoints="0" sequenceCoverage="0" branchCoverage="0" maxCyclomaticComplexity="1" minCyclomaticComplexity="1" maxCrapScore="2" minCrapScore="2" visitedClasses="0" numClasses="0" visitedMethods="0" numMethods="1" />
              <MetadataToken>100663318</MetadataToken>
              <Name>System.Void WebStoreAssignment2.Tests.Controllers.ElectronicControllerTest::DetailsException()</Name>
              <FileRef uid="3" />
              <SequencePoints>
                <SequencePoint vc="0" uspid="102" ordinal="0" offset="0" sl="82" sc="9" el="82" ec="10" bec="0" bev="0" fileid="3" />
                <SequencePoint vc="0" uspid="103" ordinal="1" offset="1" sl="86" sc="13" el="86" ec="85" bec="0" bev="0" fileid="3" />
                <SequencePoint vc="0" uspid="104" ordinal="2" offset="24" sl="89" sc="13" el="89" ec="53" bec="0" bev="0" fileid="3" />
                <SequencePoint vc="0" uspid="105" ordinal="3" offset="41" sl="91" sc="9" el="91" ec="10" bec="0" bev="0" fileid="3" />
              </SequencePoints>
              <BranchPoints />
              <MethodPoint xsi:type="SequencePoint" vc="0" uspid="102" ordinal="0" offset="0" sl="82" sc="9" el="82" ec="10" bec="0" bev="0" fileid="3" />
            </Method>
            <Method visited="false" cyclomaticComplexity="1" nPathComplexity="0" sequenceCoverage="0" branchCoverage="0" crapScore="2" isConstructor="false" isStatic="false" isGetter="false" isSetter="false">
              <Summary numSequencePoints="4" visitedSequencePoints="0" numBranchPoints="1" visitedBranchPoints="0" sequenceCoverage="0" branchCoverage="0" maxCyclomaticComplexity="1" minCyclomaticComplexity="1" maxCrapScore="2" minCrapScore="2" visitedClasses="0" numClasses="0" visitedMethods="0" numMethods="1" />
              <MetadataToken>100663319</MetadataToken>
              <Name>System.Void WebStoreAssignment2.Tests.Controllers.ElectronicControllerTest::Detailsnull()</Name>
              <FileRef uid="3" />
              <SequencePoints>
                <SequencePoint vc="0" uspid="106" ordinal="0" offset="0" sl="95" sc="9" el="95" ec="10" bec="0" bev="0" fileid="3" />
                <SequencePoint vc="0" uspid="107" ordinal="1" offset="1" sl="99" sc="13" el="99" ec="92" bec="0" bev="0" fileid="3" />
                <SequencePoint vc="0" uspid="108" ordinal="2" offset="27" sl="102" sc="13" el="102" ec="53" bec="0" bev="0" fileid="3" />
                <SequencePoint vc="0" uspid="109" ordinal="3" offset="44" sl="103" sc="9" el="103" ec="10" bec="0" bev="0" fileid="3" />
              </SequencePoints>
              <BranchPoints />
              <MethodPoint xsi:type="SequencePoint" vc="0" uspid="106" ordinal="0" offset="0" sl="95" sc="9" el="95" ec="10" bec="0" bev="0" fileid="3" />
            </Method>
            <Method visited="false" cyclomaticComplexity="1" nPathComplexity="0" sequenceCoverage="0" branchCoverage="0" crapScore="2" isConstructor="false" isStatic="false" isGetter="false" isSetter="false">
              <Summary numSequencePoints="4" visitedSequencePoints="0" numBranchPoints="1" visitedBranchPoints="0" sequenceCoverage="0" branchCoverage="0" maxCyclomaticComplexity="1" minCyclomaticComplexity="1" maxCrapScore="2" minCrapScore="2" visitedClasses="0" numClasses="0" visitedMethods="0" numMethods="1" />
              <MetadataToken>100663320</MetadataToken>
              <Name>System.Void WebStoreAssignment2.Tests.Controllers.ElectronicControllerTest::Create()</Name>
              <FileRef uid="3" />
              <SequencePoints>
                <SequencePoint vc="0" uspid="110" ordinal="0" offset="0" sl="109" sc="9" el="109" ec="10" bec="0" bev="0" fileid="3" />
                <SequencePoint vc="0" uspid="111" ordinal="1" offset="1" sl="113" sc="13" el="113" ec="67" bec="0" bev="0" fileid="3" />
                <SequencePoint vc="0" uspid="112" ordinal="2" offset="18" sl="116" sc="13" el="116" ec="56" bec="0" bev="0" fileid="3" />
                <SequencePoint vc="0" uspid="113" ordinal="3" offset="35" sl="117" sc="9" el="117" ec="10" bec="0" bev="0" fileid="3" />
              </SequencePoints>
              <BranchPoints />
              <MethodPoint xsi:type="SequencePoint" vc="0" uspid="110" ordinal="0" offset="0" sl="109" sc="9" el="109" ec="10" bec="0" bev="0" fileid="3" />
            </Method>
            <Method visited="false" cyclomaticComplexity="1" nPathComplexity="0" sequenceCoverage="0" branchCoverage="0" crapScore="2" isConstructor="false" isStatic="false" isGetter="false" isSetter="false">
              <Summary numSequencePoints="4" visitedSequencePoints="0" numBranchPoints="1" visitedBranchPoints="0" sequenceCoverage="0" branchCoverage="0" maxCyclomaticComplexity="1" minCyclomaticComplexity="1" maxCrapScore="2" minCrapScore="2" visitedClasses="0" numClasses="0" visitedMethods="0" numMethods="1" />
              <MetadataToken>100663321</MetadataToken>
              <Name>System.Void WebStoreAssignment2.Tests.Controllers.ElectronicControllerTest::Edit()</Name>
              <FileRef uid="3" />
              <SequencePoints>
                <SequencePoint vc="0" uspid="114" ordinal="0" offset="0" sl="124" sc="9" el="124" ec="10" bec="0" bev="0" fileid="3" />
                <SequencePoint vc="0" uspid="115" ordinal="1" offset="1" sl="128" sc="13" el="128" ec="66" bec="0" bev="0" fileid="3" />
                <SequencePoint vc="0" uspid="116" ordinal="2" offset="24" sl="131" sc="13" el="131" ec="54" bec="0" bev="0" fileid="3" />
                <SequencePoint vc="0" uspid="117" ordinal="3" offset="41" sl="132" sc="9" el="132" ec="10" bec="0" bev="0" fileid="3" />
              </SequencePoints>
              <BranchPoints />
              <MethodPoint xsi:type="SequencePoint" vc="0" uspid="114" ordinal="0" offset="0" sl="124" sc="9" el="124" ec="10" bec="0" bev="0" fileid="3" />
            </Method>
            <Method visited="false" cyclomaticComplexity="2" nPathComplexity="0" sequenceCoverage="0" branchCoverage="0" crapScore="6" isConstructor="false" isStatic="false" isGetter="false" isSetter="false">
              <Summary numSequencePoints="4" visitedSequencePoints="0" numBranchPoints="1" visitedBranchPoints="0" sequenceCoverage="0" branchCoverage="0" maxCyclomaticComplexity="2" minCyclomaticComplexity="2" maxCrapScore="6" minCrapScore="6" visitedClasses="0" numClasses="0" visitedMethods="0" numMethods="1" />
              <MetadataToken>100663322</MetadataToken>
              <Name>System.Void WebStoreAssignment2.Tests.Controllers.ElectronicControllerTest::EditRight()</Name>
              <FileRef uid="3" />
              <SequencePoints>
                <SequencePoint vc="0" uspid="118" ordinal="0" offset="0" sl="137" sc="9" el="137" ec="10" bec="0" bev="0" fileid="3" />
                <SequencePoint vc="0" uspid="119" ordinal="1" offset="1" sl="141" sc="13" el="141" ec="65" bec="0" bev="0" fileid="3" />
                <SequencePoint vc="0" uspid="120" ordinal="2" offset="29" sl="144" sc="13" el="144" ec="93" bec="0" bev="0" fileid="3" />
                <SequencePoint vc="0" uspid="121" ordinal="3" offset="78" sl="145" sc="9" el="145" ec="10" bec="0" bev="0" fileid="3" />
              </SequencePoints>
              <BranchPoints />
              <MethodPoint xsi:type="SequencePoint" vc="0" uspid="118" ordinal="0" offset="0" sl="137" sc="9" el="137" ec="10" bec="0" bev="0" fileid="3" />
            </Method>
            <Method visited="false" cyclomaticComplexity="1" nPathComplexity="0" sequenceCoverage="0" branchCoverage="0" crapScore="2" isConstructor="false" isStatic="false" isGetter="false" isSetter="false">
              <Summary numSequencePoints="4" visitedSequencePoints="0" numBranchPoints="1" visitedBranchPoints="0" sequenceCoverage="0" branchCoverage="0" maxCyclomaticComplexity="1" minCyclomaticComplexity="1" maxCrapScore="2" minCrapScore="2" visitedClasses="0" numClasses="0" visitedMethods="0" numMethods="1" />
              <MetadataToken>100663323</MetadataToken>
              <Name>System.Void WebStoreAssignment2.Tests.Controllers.ElectronicControllerTest::EditWrong()</Name>
              <FileRef uid="3" />
              <SequencePoints>
                <SequencePoint vc="0" uspid="124" ordinal="0" offset="0" sl="149" sc="9" el="149" ec="10" bec="0" bev="0" fileid="3" />
                <SequencePoint vc="0" uspid="125" ordinal="1" offset="1" sl="153" sc="13" el="153" ec="82" bec="0" bev="0" fileid="3" />
                <SequencePoint vc="0" uspid="126" ordinal="2" offset="24" sl="156" sc="13" el="156" ec="53" bec="0" bev="0" fileid="3" />
                <SequencePoint vc="0" uspid="127" ordinal="3" offset="41" sl="157" sc="9" el="157" ec="10" bec="0" bev="0" fileid="3" />
              </SequencePoints>
              <BranchPoints />
              <MethodPoint xsi:type="SequencePoint" vc="0" uspid="124" ordinal="0" offset="0" sl="149" sc="9" el="149" ec="10" bec="0" bev="0" fileid="3" />
            </Method>
            <Method visited="false" cyclomaticComplexity="1" nPathComplexity="0" sequenceCoverage="0" branchCoverage="0" crapScore="2" isConstructor="false" isStatic="false" isGetter="false" isSetter="false">
              <Summary numSequencePoints="4" visitedSequencePoints="0" numBranchPoints="1" visitedBranchPoints="0" sequenceCoverage="0" branchCoverage="0" maxCyclomaticComplexity="1" minCyclomaticComplexity="1" maxCrapScore="2" minCrapScore="2" visitedClasses="0" numClasses="0" visitedMethods="0" numMethods="1" />
              <MetadataToken>100663324</MetadataToken>
              <Name>System.Void WebStoreAssignment2.Tests.Controllers.ElectronicControllerTest::EditNull()</Name>
              <FileRef uid="3" />
              <SequencePoints>
                <SequencePoint vc="0" uspid="128" ordinal="0" offset="0" sl="161" sc="9" el="161" ec="10" bec="0" bev="0" fileid="3" />
                <SequencePoint vc="0" uspid="129" ordinal="1" offset="1" sl="165" sc="13" el="165" ec="89" bec="0" bev="0" fileid="3" />
                <SequencePoint vc="0" uspid="130" ordinal="2" offset="27" sl="168" sc="13" el="168" ec="53" bec="0" bev="0" fileid="3" />
                <SequencePoint vc="0" uspid="131" ordinal="3" offset="44" sl="169" sc="9" el="169" ec="10" bec="0" bev="0" fileid="3" />
              </SequencePoints>
              <BranchPoints />
              <MethodPoint xsi:type="SequencePoint" vc="0" uspid="128" ordinal="0" offset="0" sl="161" sc="9" el="161" ec="10" bec="0" bev="0" fileid="3" />
            </Method>
            <Method visited="false" cyclomaticComplexity="1" nPathComplexity="0" sequenceCoverage="0" branchCoverage="0" crapScore="2" isConstructor="false" isStatic="false" isGetter="false" isSetter="false">
              <Summary numSequencePoints="4" visitedSequencePoints="0" numBranchPoints="1" visitedBranchPoints="0" sequenceCoverage="0" branchCoverage="0" maxCyclomaticComplexity="1" minCyclomaticComplexity="1" maxCrapScore="2" minCrapScore="2" visitedClasses="0" numClasses="0" visitedMethods="0" numMethods="1" />
              <MetadataToken>100663325</MetadataToken>
              <Name>System.Void WebStoreAssignment2.Tests.Controllers.ElectronicControllerTest::Delete()</Name>
              <FileRef uid="3" />
              <SequencePoints>
                <SequencePoint vc="0" uspid="132" ordinal="0" offset="0" sl="173" sc="9" el="173" ec="10" bec="0" bev="0" fileid="3" />
                <SequencePoint vc="0" uspid="133" ordinal="1" offset="1" sl="177" sc="13" el="177" ec="68" bec="0" bev="0" fileid="3" />
                <SequencePoint vc="0" uspid="134" ordinal="2" offset="24" sl="180" sc="13" el="180" ec="56" bec="0" bev="0" fileid="3" />
                <SequencePoint vc="0" uspid="135" ordinal="3" offset="41" sl="182" sc="9" el="182" ec="10" bec="0" bev="0" fileid="3" />
              </SequencePoints>
              <BranchPoints />
              <MethodPoint xsi:type="SequencePoint" vc="0" uspid="132" ordinal="0" offset="0" sl="173" sc="9" el="173" ec="10" bec="0" bev="0" fileid="3" />
            </Method>
            <Method visited="false" cyclomaticComplexity="1" nPathComplexity="0" sequenceCoverage="0" branchCoverage="0" crapScore="2" isConstructor="false" isStatic="false" isGetter="false" isSetter="false">
              <Summary numSequencePoints="4" visitedSequencePoints="0" numBranchPoints="1" visitedBranchPoints="0" sequenceCoverage="0" branchCoverage="0" maxCyclomaticComplexity="1" minCyclomaticComplexity="1" maxCrapScore="2" minCrapScore="2" visitedClasses="0" numClasses="0" visitedMethods="0" numMethods="1" />
              <MetadataToken>100663326</MetadataToken>
              <Name>System.Void WebStoreAssignment2.Tests.Controllers.ElectronicControllerTest::DeleteNull()</Name>
              <FileRef uid="3" />
              <SequencePoints>
                <SequencePoint vc="0" uspid="136" ordinal="0" offset="0" sl="186" sc="9" el="186" ec="10" bec="0" bev="0" fileid="3" />
                <SequencePoint vc="0" uspid="137" ordinal="1" offset="1" sl="190" sc="13" el="190" ec="91" bec="0" bev="0" fileid="3" />
                <SequencePoint vc="0" uspid="138" ordinal="2" offset="27" sl="193" sc="13" el="193" ec="53" bec="0" bev="0" fileid="3" />
                <SequencePoint vc="0" uspid="139" ordinal="3" offset="44" sl="194" sc="9" el="194" ec="10" bec="0" bev="0" fileid="3" />
              </SequencePoints>
              <BranchPoints />
              <MethodPoint xsi:type="SequencePoint" vc="0" uspid="136" ordinal="0" offset="0" sl="186" sc="9" el="186" ec="10" bec="0" bev="0" fileid="3" />
            </Method>
            <Method visited="false" cyclomaticComplexity="1" nPathComplexity="0" sequenceCoverage="0" branchCoverage="0" crapScore="2" isConstructor="false" isStatic="false" isGetter="false" isSetter="false">
              <Summary numSequencePoints="4" visitedSequencePoints="0" numBranchPoints="1" visitedBranchPoints="0" sequenceCoverage="0" branchCoverage="0" maxCyclomaticComplexity="1" minCyclomaticComplexity="1" maxCrapScore="2" minCrapScore="2" visitedClasses="0" numClasses="0" visitedMethods="0" numMethods="1" />
              <MetadataToken>100663327</MetadataToken>
              <Name>System.Void WebStoreAssignment2.Tests.Controllers.ElectronicControllerTest::DeleteWrong()</Name>
              <FileRef uid="3" />
              <SequencePoints>
                <SequencePoint vc="0" uspid="140" ordinal="0" offset="0" sl="198" sc="9" el="198" ec="10" bec="0" bev="0" fileid="3" />
                <SequencePoint vc="0" uspid="141" ordinal="1" offset="1" sl="202" sc="13" el="202" ec="84" bec="0" bev="0" fileid="3" />
                <SequencePoint vc="0" uspid="142" ordinal="2" offset="24" sl="205" sc="13" el="205" ec="53" bec="0" bev="0" fileid="3" />
                <SequencePoint vc="0" uspid="143" ordinal="3" offset="41" sl="206" sc="9" el="206" ec="10" bec="0" bev="0" fileid="3" />
              </SequencePoints>
              <BranchPoints />
              <MethodPoint xsi:type="SequencePoint" vc="0" uspid="140" ordinal="0" offset="0" sl="198" sc="9" el="198" ec="10" bec="0" bev="0" fileid="3" />
            </Method>
            <Method visited="false" cyclomaticComplexity="1" nPathComplexity="0" sequenceCoverage="0" branchCoverage="0" crapScore="2" isConstructor="false" isStatic="false" isGetter="false" isSetter="false">
              <Summary numSequencePoints="5" visitedSequencePoints="0" numBranchPoints="1" visitedBranchPoints="0" sequenceCoverage="0" branchCoverage="0" maxCyclomaticComplexity="1" minCyclomaticComplexity="1" maxCrapScore="2" minCrapScore="2" visitedClasses="0" numClasses="0" visitedMethods="0" numMethods="1" />
              <MetadataToken>100663328</MetadataToken>
              <Name>System.Void WebStoreAssignment2.Tests.Controllers.ElectronicControllerTest::Deleteconfirm()</Name>
              <FileRef uid="3" />
              <SequencePoints>
                <SequencePoint vc="0" uspid="144" ordinal="0" offset="0" sl="209" sc="9" el="209" ec="10" bec="0" bev="0" fileid="3" />
                <SequencePoint vc="0" uspid="145" ordinal="1" offset="1" sl="211" sc="13" el="211" ec="99" bec="0" bev="0" fileid="3" />
                <SequencePoint vc="0" uspid="146" ordinal="2" offset="19" sl="214" sc="13" el="214" ec="61" bec="0" bev="0" fileid="3" />
                <SequencePoint vc="0" uspid="147" ordinal="3" offset="31" sl="217" sc="13" el="217" ec="61" bec="0" bev="0" fileid="3" />
                <SequencePoint vc="0" uspid="148" ordinal="4" offset="54" sl="218" sc="9" el="218" ec="10" bec="0" bev="0" fileid="3" />
              </SequencePoints>
              <BranchPoints />
              <MethodPoint xsi:type="SequencePoint" vc="0" uspid="144" ordinal="0" offset="0" sl="209" sc="9" el="209" ec="10" bec="0" bev="0" fileid="3" />
            </Method>
            <Method visited="false" cyclomaticComplexity="1" nPathComplexity="0" sequenceCoverage="0" branchCoverage="0" crapScore="2" isConstructor="false" isStatic="false" isGetter="false" isSetter="false">
              <Summary numSequencePoints="4" visitedSequencePoints="0" numBranchPoints="1" visitedBranchPoints="0" sequenceCoverage="0" branchCoverage="0" maxCyclomaticComplexity="1" minCyclomaticComplexity="1" maxCrapScore="2" minCrapScore="2" visitedClasses="0" numClasses="0" visitedMethods="0" numMethods="1" />
              <MetadataToken>100663329</MetadataToken>
              <Name>System.Void WebStoreAssignment2.Tests.Controllers.ElectronicControllerTest::Buy()</Name>
              <FileRef uid="3" />
              <SequencePoints>
                <SequencePoint vc="0" uspid="149" ordinal="0" offset="0" sl="223" sc="9" el="223" ec="10" bec="0" bev="0" fileid="3" />
                <SequencePoint vc="0" uspid="150" ordinal="1" offset="1" sl="227" sc="13" el="227" ec="65" bec="0" bev="0" fileid="3" />
                <SequencePoint vc="0" uspid="151" ordinal="2" offset="24" sl="230" sc="13" el="230" ec="53" bec="0" bev="0" fileid="3" />
                <SequencePoint vc="0" uspid="152" ordinal="3" offset="41" sl="232" sc="9" el="232" ec="10" bec="0" bev="0" fileid="3" />
              </SequencePoints>
              <BranchPoints />
              <MethodPoint xsi:type="SequencePoint" vc="0" uspid="149" ordinal="0" offset="0" sl="223" sc="9" el="223" ec="10" bec="0" bev="0" fileid="3" />
            </Method>
            <Method visited="false" cyclomaticComplexity="1" nPathComplexity="0" sequenceCoverage="0" branchCoverage="0" crapScore="2" isConstructor="true" isStatic="false" isGetter="false" isSetter="false">
              <Summary numSequencePoints="0" visitedSequencePoints="0" numBranchPoints="0" visitedBranchPoints="0" sequenceCoverage="0" branchCoverage="0" maxCyclomaticComplexity="1" minCyclomaticComplexity="1" maxCrapScore="2" minCrapScore="2" visitedClasses="0" numClasses="0" visitedMethods="0" numMethods="0" />
              <MetadataToken>100663330</MetadataToken>
              <Name>System.Void WebStoreAssignment2.Tests.Controllers.ElectronicControllerTest::.ctor()</Name>
              <SequencePoints />
              <BranchPoints />
              <MethodPoint vc="0" uspid="153" ordinal="0" offset="0" />
            </Method>
          </Methods>
        </Class>
        <Class>
          <Summary numSequencePoints="3" visitedSequencePoints="0" numBranchPoints="3" visitedBranchPoints="0" sequenceCoverage="0" branchCoverage="0" maxCyclomaticComplexity="1" minCyclomaticComplexity="1" maxCrapScore="2" minCrapScore="2" visitedClasses="0" numClasses="1" visitedMethods="0" numMethods="3" />
          <FullName>WebStoreAssignment2.Tests.Controllers.ElectronicControllerTest/&lt;&gt;c</FullName>
          <Methods>
            <Method visited="false" cyclomaticComplexity="1" nPathComplexity="0" sequenceCoverage="0" branchCoverage="0" crapScore="2" isConstructor="true" isStatic="true" isGetter="false" isSetter="false">
              <Summary numSequencePoints="0" visitedSequencePoints="0" numBranchPoints="0" visitedBranchPoints="0" sequenceCoverage="0" branchCoverage="0" maxCyclomaticComplexity="1" minCyclomaticComplexity="1" maxCrapScore="2" minCrapScore="2" visitedClasses="0" numClasses="0" visitedMethods="0" numMethods="0" />
              <MetadataToken>100663388</MetadataToken>
              <Name>System.Void WebStoreAssignment2.Tests.Controllers.ElectronicControllerTest/&lt;&gt;c::.cctor()</Name>
              <SequencePoints />
              <BranchPoints />
              <MethodPoint vc="0" uspid="154" ordinal="0" offset="0" />
            </Method>
            <Method visited="false" cyclomaticComplexity="1" nPathComplexity="0" sequenceCoverage="0" branchCoverage="0" crapScore="2" isConstructor="true" isStatic="false" isGetter="false" isSetter="false">
              <Summary numSequencePoints="0" visitedSequencePoints="0" numBranchPoints="0" visitedBranchPoints="0" sequenceCoverage="0" branchCoverage="0" maxCyclomaticComplexity="1" minCyclomaticComplexity="1" maxCrapScore="2" minCrapScore="2" visitedClasses="0" numClasses="0" visitedMethods="0" numMethods="0" />
              <MetadataToken>100663389</MetadataToken>
              <Name>System.Void WebStoreAssignment2.Tests.Controllers.ElectronicControllerTest/&lt;&gt;c::.ctor()</Name>
              <SequencePoints />
              <BranchPoints />
              <MethodPoint vc="0" uspid="155" ordinal="0" offset="0" />
            </Method>
            <Method visited="false" cyclomaticComplexity="1" nPathComplexity="0" sequenceCoverage="0" branchCoverage="0" crapScore="2" isConstructor="false" isStatic="false" isGetter="false" isSetter="false">
              <Summary numSequencePoints="1" visitedSequencePoints="0" numBranchPoints="1" visitedBranchPoints="0" sequenceCoverage="0" branchCoverage="0" maxCyclomaticComplexity="1" minCyclomaticComplexity="1" maxCrapScore="2" minCrapScore="2" visitedClasses="0" numClasses="0" visitedMethods="0" numMethods="1" />
              <MetadataToken>100663390</MetadataToken>
              <Name>System.Int32 WebStoreAssignment2.Tests.Controllers.ElectronicControllerTest/&lt;&gt;c::&lt;IndexLoadsCategories&gt;b__5_0(WebStoreAssignment2.Models.Electronics)</Name>
              <FileRef uid="3" />
              <SequencePoints>
                <SequencePoint vc="0" uspid="156" ordinal="0" offset="0" sl="62" sc="64" el="62" ec="79" bec="0" bev="0" fileid="3" />
              </SequencePoints>
              <BranchPoints />
              <MethodPoint xsi:type="SequencePoint" vc="0" uspid="156" ordinal="0" offset="0" sl="62" sc="64" el="62" ec="79" bec="0" bev="0" fileid="3" />
            </Method>
            <Method visited="false" cyclomaticComplexity="1" nPathComplexity="0" sequenceCoverage="0" branchCoverage="0" crapScore="2" isConstructor="false" isStatic="false" isGetter="false" isSetter="false">
              <Summary numSequencePoints="1" visitedSequencePoints="0" numBranchPoints="1" visitedBranchPoints="0" sequenceCoverage="0" branchCoverage="0" maxCyclomaticComplexity="1" minCyclomaticComplexity="1" maxCrapScore="2" minCrapScore="2" visitedClasses="0" numClasses="0" visitedMethods="0" numMethods="1" />
              <MetadataToken>100663391</MetadataToken>
              <Name>System.Boolean WebStoreAssignment2.Tests.Controllers.ElectronicControllerTest/&lt;&gt;c::&lt;Detailsright&gt;b__6_0(WebStoreAssignment2.Models.Electronics)</Name>
              <FileRef uid="3" />
              <SequencePoints>
                <SequencePoint vc="0" uspid="157" ordinal="0" offset="0" sl="77" sc="62" el="77" ec="82" bec="0" bev="0" fileid="3" />
              </SequencePoints>
              <BranchPoints />
              <MethodPoint xsi:type="SequencePoint" vc="0" uspid="157" ordinal="0" offset="0" sl="77" sc="62" el="77" ec="82" bec="0" bev="0" fileid="3" />
            </Method>
            <Method visited="false" cyclomaticComplexity="1" nPathComplexity="0" sequenceCoverage="0" branchCoverage="0" crapScore="2" isConstructor="false" isStatic="false" isGetter="false" isSetter="false">
              <Summary numSequencePoints="1" visitedSequencePoints="0" numBranchPoints="1" visitedBranchPoints="0" sequenceCoverage="0" branchCoverage="0" maxCyclomaticComplexity="1" minCyclomaticComplexity="1" maxCrapScore="2" minCrapScore="2" visitedClasses="0" numClasses="0" visitedMethods="0" numMethods="1" />
              <MetadataToken>100663392</MetadataToken>
              <Name>System.Boolean WebStoreAssignment2.Tests.Controllers.ElectronicControllerTest/&lt;&gt;c::&lt;EditRight&gt;b__11_0(WebStoreAssignment2.Models.Electronics)</Name>
              <FileRef uid="3" />
              <SequencePoints>
                <SequencePoint vc="0" uspid="158" ordinal="0" offset="0" sl="144" sc="62" el="144" ec="82" bec="0" bev="0" fileid="3" />
              </SequencePoints>
              <BranchPoints />
              <MethodPoint xsi:type="SequencePoint" vc="0" uspid="158" ordinal="0" offset="0" sl="144" sc="62" el="144" ec="82" bec="0" bev="0" fileid="3" />
            </Method>
          </Methods>
        </Class>
        <Class>
          <Summary numSequencePoints="63" visitedSequencePoints="0" numBranchPoints="15" visitedBranchPoints="0" sequenceCoverage="0" branchCoverage="0" maxCyclomaticComplexity="2" minCyclomaticComplexity="1" maxCrapScore="6" minCrapScore="2" visitedClasses="0" numClasses="1" visitedMethods="0" numMethods="15" />
          <FullName>WebStoreAssignment2.Tests.Controllers.EstateControlleTest</FullName>
          <Methods>
            <Method visited="false" cyclomaticComplexity="1" nPathComplexity="0" sequenceCoverage="0" branchCoverage="0" crapScore="2" isConstructor="false" isStatic="false" isGetter="false" isSetter="false">
              <Summary numSequencePoints="6" visitedSequencePoints="0" numBranchPoints="1" visitedBranchPoints="0" sequenceCoverage="0" branchCoverage="0" maxCyclomaticComplexity="1" minCyclomaticComplexity="1" maxCrapScore="2" minCrapScore="2" visitedClasses="0" numClasses="0" visitedMethods="0" numMethods="1" />
              <MetadataToken>100663331</MetadataToken>
              <Name>System.Void WebStoreAssignment2.Tests.Controllers.EstateControlleTest::TestInitialize()</Name>
              <FileRef uid="5" />
              <SequencePoints>
                <SequencePoint vc="0" uspid="159" ordinal="0" offset="0" sl="25" sc="9" el="25" ec="10" bec="0" bev="0" fileid="5" />
                <SequencePoint vc="0" uspid="160" ordinal="1" offset="1" sl="27" sc="13" el="31" ec="15" bec="0" bev="0" fileid="5" />
                <SequencePoint vc="0" uspid="161" ordinal="2" offset="108" sl="34" sc="13" el="34" ec="44" bec="0" bev="0" fileid="5" />
                <SequencePoint vc="0" uspid="162" ordinal="3" offset="119" sl="35" sc="13" el="35" ec="71" bec="0" bev="0" fileid="5" />
                <SequencePoint vc="0" uspid="163" ordinal="4" offset="204" sl="38" sc="13" el="38" ec="60" bec="0" bev="0" fileid="5" />
                <SequencePoint vc="0" uspid="164" ordinal="5" offset="226" sl="39" sc="9" el="39" ec="10" bec="0" bev="0" fileid="5" />
              </SequencePoints>
              <BranchPoints />
              <MethodPoint xsi:type="SequencePoint" vc="0" uspid="159" ordinal="0" offset="0" sl="25" sc="9" el="25" ec="10" bec="0" bev="0" fileid="5" />
            </Method>
            <Method visited="false" cyclomaticComplexity="1" nPathComplexity="0" sequenceCoverage="0" branchCoverage="0" crapScore="2" isConstructor="false" isStatic="false" isGetter="false" isSetter="false">
              <Summary numSequencePoints="4" visitedSequencePoints="0" numBranchPoints="1" visitedBranchPoints="0" sequenceCoverage="0" branchCoverage="0" maxCyclomaticComplexity="1" minCyclomaticComplexity="1" maxCrapScore="2" minCrapScore="2" visitedClasses="0" numClasses="0" visitedMethods="0" numMethods="1" />
              <MetadataToken>100663332</MetadataToken>
              <Name>System.Void WebStoreAssignment2.Tests.Controllers.EstateControlleTest::IndexViewLoads()</Name>
              <FileRef uid="5" />
              <SequencePoints>
                <SequencePoint vc="0" uspid="165" ordinal="0" offset="0" sl="43" sc="9" el="43" ec="10" bec="0" bev="0" fileid="5" />
                <SequencePoint vc="0" uspid="166" ordinal="1" offset="1" sl="48" sc="13" el="48" ec="66" bec="0" bev="0" fileid="5" />
                <SequencePoint vc="0" uspid="167" ordinal="2" offset="18" sl="51" sc="13" el="51" ec="55" bec="0" bev="0" fileid="5" />
                <SequencePoint vc="0" uspid="168" ordinal="3" offset="35" sl="52" sc="9" el="52" ec="10" bec="0" bev="0" fileid="5" />
              </SequencePoints>
              <BranchPoints />
              <MethodPoint xsi:type="SequencePoint" vc="0" uspid="165" ordinal="0" offset="0" sl="43" sc="9" el="43" ec="10" bec="0" bev="0" fileid="5" />
            </Method>
            <Method visited="false" cyclomaticComplexity="2" nPathComplexity="0" sequenceCoverage="0" branchCoverage="0" crapScore="6" isConstructor="false" isStatic="false" isGetter="false" isSetter="false">
              <Summary numSequencePoints="4" visitedSequencePoints="0" numBranchPoints="1" visitedBranchPoints="0" sequenceCoverage="0" branchCoverage="0" maxCyclomaticComplexity="2" minCyclomaticComplexity="2" maxCrapScore="6" minCrapScore="6" visitedClasses="0" numClasses="0" visitedMethods="0" numMethods="1" />
              <MetadataToken>100663333</MetadataToken>
              <Name>System.Void WebStoreAssignment2.Tests.Controllers.EstateControlleTest::IndexLoadsCategories()</Name>
              <FileRef uid="5" />
              <SequencePoints>
                <SequencePoint vc="0" uspid="169" ordinal="0" offset="0" sl="56" sc="9" el="56" ec="10" bec="0" bev="0" fileid="5" />
                <SequencePoint vc="0" uspid="170" ordinal="1" offset="1" sl="59" sc="13" el="59" ec="80" bec="0" bev="0" fileid="5" />
                <SequencePoint vc="0" uspid="171" ordinal="2" offset="28" sl="62" sc="13" el="62" ec="91" bec="0" bev="0" fileid="5" />
                <SequencePoint vc="0" uspid="172" ordinal="3" offset="82" sl="63" sc="9" el="63" ec="10" bec="0" bev="0" fileid="5" />
              </SequencePoints>
              <BranchPoints />
              <MethodPoint xsi:type="SequencePoint" vc="0" uspid="169" ordinal="0" offset="0" sl="56" sc="9" el="56" ec="10" bec="0" bev="0" fileid="5" />
            </Method>
            <Method visited="false" cyclomaticComplexity="2" nPathComplexity="0" sequenceCoverage="0" branchCoverage="0" crapScore="6" isConstructor="false" isStatic="false" isGetter="false" isSetter="false">
              <Summary numSequencePoints="4" visitedSequencePoints="0" numBranchPoints="1" visitedBranchPoints="0" sequenceCoverage="0" branchCoverage="0" maxCyclomaticComplexity="2" minCyclomaticComplexity="2" maxCrapScore="6" minCrapScore="6" visitedClasses="0" numClasses="0" visitedMethods="0" numMethods="1" />
              <MetadataToken>100663334</MetadataToken>
              <Name>System.Void WebStoreAssignment2.Tests.Controllers.EstateControlleTest::Detailsright()</Name>
              <FileRef uid="5" />
              <SequencePoints>
                <SequencePoint vc="0" uspid="175" ordinal="0" offset="0" sl="70" sc="9" el="70" ec="10" bec="0" bev="0" fileid="5" />
                <SequencePoint vc="0" uspid="176" ordinal="1" offset="1" sl="74" sc="13" el="74" ec="68" bec="0" bev="0" fileid="5" />
                <SequencePoint vc="0" uspid="177" ordinal="2" offset="29" sl="77" sc="13" el="77" ec="84" bec="0" bev="0" fileid="5" />
                <SequencePoint vc="0" uspid="178" ordinal="3" offset="78" sl="78" sc="9" el="78" ec="10" bec="0" bev="0" fileid="5" />
              </SequencePoints>
              <BranchPoints />
              <MethodPoint xsi:type="SequencePoint" vc="0" uspid="175" ordinal="0" offset="0" sl="70" sc="9" el="70" ec="10" bec="0" bev="0" fileid="5" />
            </Method>
            <Method visited="false" cyclomaticComplexity="1" nPathComplexity="0" sequenceCoverage="0" branchCoverage="0" crapScore="2" isConstructor="false" isStatic="false" isGetter="false" isSetter="false">
              <Summary numSequencePoints="4" visitedSequencePoints="0" numBranchPoints="1" visitedBranchPoints="0" sequenceCoverage="0" branchCoverage="0" maxCyclomaticComplexity="1" minCyclomaticComplexity="1" maxCrapScore="2" minCrapScore="2" visitedClasses="0" numClasses="0" visitedMethods="0" numMethods="1" />
              <MetadataToken>100663335</MetadataToken>
              <Name>System.Void WebStoreAssignment2.Tests.Controllers.EstateControlleTest::DetailsException()</Name>
              <FileRef uid="5" />
              <SequencePoints>
                <SequencePoint vc="0" uspid="181" ordinal="0" offset="0" sl="82" sc="9" el="82" ec="10" bec="0" bev="0" fileid="5" />
                <SequencePoint vc="0" uspid="182" ordinal="1" offset="1" sl="86" sc="13" el="86" ec="85" bec="0" bev="0" fileid="5" />
                <SequencePoint vc="0" uspid="183" ordinal="2" offset="24" sl="89" sc="13" el="89" ec="53" bec="0" bev="0" fileid="5" />
                <SequencePoint vc="0" uspid="184" ordinal="3" offset="41" sl="91" sc="9" el="91" ec="10" bec="0" bev="0" fileid="5" />
              </SequencePoints>
              <BranchPoints />
              <MethodPoint xsi:type="SequencePoint" vc="0" uspid="181" ordinal="0" offset="0" sl="82" sc="9" el="82" ec="10" bec="0" bev="0" fileid="5" />
            </Method>
            <Method visited="false" cyclomaticComplexity="1" nPathComplexity="0" sequenceCoverage="0" branchCoverage="0" crapScore="2" isConstructor="false" isStatic="false" isGetter="false" isSetter="false">
              <Summary numSequencePoints="4" visitedSequencePoints="0" numBranchPoints="1" visitedBranchPoints="0" sequenceCoverage="0" branchCoverage="0" maxCyclomaticComplexity="1" minCyclomaticComplexity="1" maxCrapScore="2" minCrapScore="2" visitedClasses="0" numClasses="0" visitedMethods="0" numMethods="1" />
              <MetadataToken>100663336</MetadataToken>
              <Name>System.Void WebStoreAssignment2.Tests.Controllers.EstateControlleTest::Detailsnull()</Name>
              <FileRef uid="5" />
              <SequencePoints>
                <SequencePoint vc="0" uspid="185" ordinal="0" offset="0" sl="95" sc="9" el="95" ec="10" bec="0" bev="0" fileid="5" />
                <SequencePoint vc="0" uspid="186" ordinal="1" offset="1" sl="99" sc="13" el="99" ec="92" bec="0" bev="0" fileid="5" />
                <SequencePoint vc="0" uspid="187" ordinal="2" offset="27" sl="102" sc="13" el="102" ec="53" bec="0" bev="0" fileid="5" />
                <SequencePoint vc="0" uspid="188" ordinal="3" offset="44" sl="103" sc="9" el="103" ec="10" bec="0" bev="0" fileid="5" />
              </SequencePoints>
              <BranchPoints />
              <MethodPoint xsi:type="SequencePoint" vc="0" uspid="185" ordinal="0" offset="0" sl="95" sc="9" el="95" ec="10" bec="0" bev="0" fileid="5" />
            </Method>
            <Method visited="false" cyclomaticComplexity="1" nPathComplexity="0" sequenceCoverage="0" branchCoverage="0" crapScore="2" isConstructor="false" isStatic="false" isGetter="false" isSetter="false">
              <Summary numSequencePoints="4" visitedSequencePoints="0" numBranchPoints="1" visitedBranchPoints="0" sequenceCoverage="0" branchCoverage="0" maxCyclomaticComplexity="1" minCyclomaticComplexity="1" maxCrapScore="2" minCrapScore="2" visitedClasses="0" numClasses="0" visitedMethods="0" numMethods="1" />
              <MetadataToken>100663337</MetadataToken>
              <Name>System.Void WebStoreAssignment2.Tests.Controllers.EstateControlleTest::Create()</Name>
              <FileRef uid="5" />
              <SequencePoints>
                <SequencePoint vc="0" uspid="189" ordinal="0" offset="0" sl="109" sc="9" el="109" ec="10" bec="0" bev="0" fileid="5" />
                <SequencePoint vc="0" uspid="190" ordinal="1" offset="1" sl="113" sc="13" el="113" ec="67" bec="0" bev="0" fileid="5" />
                <SequencePoint vc="0" uspid="191" ordinal="2" offset="18" sl="116" sc="13" el="116" ec="56" bec="0" bev="0" fileid="5" />
                <SequencePoint vc="0" uspid="192" ordinal="3" offset="35" sl="117" sc="9" el="117" ec="10" bec="0" bev="0" fileid="5" />
              </SequencePoints>
              <BranchPoints />
              <MethodPoint xsi:type="SequencePoint" vc="0" uspid="189" ordinal="0" offset="0" sl="109" sc="9" el="109" ec="10" bec="0" bev="0" fileid="5" />
            </Method>
            <Method visited="false" cyclomaticComplexity="1" nPathComplexity="0" sequenceCoverage="0" branchCoverage="0" crapScore="2" isConstructor="false" isStatic="false" isGetter="false" isSetter="false">
              <Summary numSequencePoints="4" visitedSequencePoints="0" numBranchPoints="1" visitedBranchPoints="0" sequenceCoverage="0" branchCoverage="0" maxCyclomaticComplexity="1" minCyclomaticComplexity="1" maxCrapScore="2" minCrapScore="2" visitedClasses="0" numClasses="0" visitedMethods="0" numMethods="1" />
              <MetadataToken>100663338</MetadataToken>
              <Name>System.Void WebStoreAssignment2.Tests.Controllers.EstateControlleTest::Edit()</Name>
              <FileRef uid="5" />
              <SequencePoints>
                <SequencePoint vc="0" uspid="193" ordinal="0" offset="0" sl="124" sc="9" el="124" ec="10" bec="0" bev="0" fileid="5" />
                <SequencePoint vc="0" uspid="194" ordinal="1" offset="1" sl="128" sc="13" el="128" ec="66" bec="0" bev="0" fileid="5" />
                <SequencePoint vc="0" uspid="195" ordinal="2" offset="24" sl="131" sc="13" el="131" ec="54" bec="0" bev="0" fileid="5" />
                <SequencePoint vc="0" uspid="196" ordinal="3" offset="41" sl="132" sc="9" el="132" ec="10" bec="0" bev="0" fileid="5" />
              </SequencePoints>
              <BranchPoints />
              <MethodPoint xsi:type="SequencePoint" vc="0" uspid="193" ordinal="0" offset="0" sl="124" sc="9" el="124" ec="10" bec="0" bev="0" fileid="5" />
            </Method>
            <Method visited="false" cyclomaticComplexity="2" nPathComplexity="0" sequenceCoverage="0" branchCoverage="0" crapScore="6" isConstructor="false" isStatic="false" isGetter="false" isSetter="false">
              <Summary numSequencePoints="4" visitedSequencePoints="0" numBranchPoints="1" visitedBranchPoints="0" sequenceCoverage="0" branchCoverage="0" maxCyclomaticComplexity="2" minCyclomaticComplexity="2" maxCrapScore="6" minCrapScore="6" visitedClasses="0" numClasses="0" visitedMethods="0" numMethods="1" />
[...]
                <SequencePoint vc="0" uspid="2540" ordinal="14" offset="113" sl="62" sc="17" el="62" ec="18" bec="0" bev="0" fileid="107" />
                <SequencePoint vc="0" uspid="2541" ordinal="15" offset="114" sl="63" sc="21" el="63" ec="39" bec="0" bev="0" fileid="107" />
                <SequencePoint vc="0" uspid="2542" ordinal="16" offset="123" sl="66" sc="17" el="66" ec="18" bec="0" bev="0" fileid="107" />
                <SequencePoint vc="0" uspid="2543" ordinal="17" offset="124" sl="67" sc="21" el="67" ec="27" bec="0" bev="0" fileid="107" />
                <SequencePoint vc="0" uspid="2544" ordinal="18" offset="126" sl="71" sc="13" el="71" ec="57" bec="0" bev="0" fileid="107" />
                <SequencePoint vc="0" uspid="2545" ordinal="19" offset="140" sl="72" sc="9" el="72" ec="10" bec="0" bev="0" fileid="107" />
              </SequencePoints>
              <BranchPoints>
                <BranchPoint vc="0" uspid="2546" ordinal="0" offset="17" sl="43" path="0" offsetend="19" fileid="107" />
                <BranchPoint vc="0" uspid="2547" ordinal="1" offset="17" sl="43" path="1" offsetend="35" fileid="107" />
                <BranchPoint vc="0" uspid="2548" ordinal="2" offset="49" sl="48" path="0" offsetend="51" fileid="107" />
                <BranchPoint vc="0" uspid="2549" ordinal="3" offset="49" sl="48" path="1" offsetend="61" fileid="107" />
                <BranchPoint vc="0" uspid="2550" ordinal="4" offset="111" sl="61" path="0" offsetend="113" fileid="107" />
                <BranchPoint vc="0" uspid="2551" ordinal="5" offset="111" sl="61" path="1" offsetend="123" fileid="107" />
              </BranchPoints>
              <MethodPoint xsi:type="SequencePoint" vc="0" uspid="2526" ordinal="0" offset="0" sl="42" sc="9" el="42" ec="10" bec="0" bev="0" fileid="107" />
            </Method>
            <Method visited="false" cyclomaticComplexity="2" nPathComplexity="2" sequenceCoverage="0" branchCoverage="0" crapScore="6" isConstructor="false" isStatic="false" isGetter="false" isSetter="false">
              <Summary numSequencePoints="8" visitedSequencePoints="0" numBranchPoints="3" visitedBranchPoints="0" sequenceCoverage="0" branchCoverage="0" maxCyclomaticComplexity="2" minCyclomaticComplexity="2" maxCrapScore="6" minCrapScore="6" visitedClasses="0" numClasses="0" visitedMethods="0" numMethods="1" />
              <MetadataToken>100663752</MetadataToken>
              <Name>System.Web.Http.IHttpActionResult WebStoreAssignment2.Controllers.SuggestionsAPIController::PostSuggestion(WebStoreAssignment2.Models.Suggestion)</Name>
              <FileRef uid="107" />
              <SequencePoints>
                <SequencePoint vc="0" uspid="2552" ordinal="0" offset="0" sl="77" sc="9" el="77" ec="10" bec="0" bev="0" fileid="107" />
                <SequencePoint vc="0" uspid="2553" ordinal="1" offset="1" sl="78" sc="13" el="78" ec="37" bec="2" bev="0" fileid="107" />
                <SequencePoint vc="0" uspid="2554" ordinal="2" offset="19" sl="79" sc="13" el="79" ec="14" bec="0" bev="0" fileid="107" />
                <SequencePoint vc="0" uspid="2555" ordinal="3" offset="20" sl="80" sc="17" el="80" ec="47" bec="0" bev="0" fileid="107" />
                <SequencePoint vc="0" uspid="2556" ordinal="4" offset="35" sl="83" sc="13" el="83" ec="44" bec="0" bev="0" fileid="107" />
                <SequencePoint vc="0" uspid="2557" ordinal="5" offset="53" sl="84" sc="13" el="84" ec="30" bec="0" bev="0" fileid="107" />
                <SequencePoint vc="0" uspid="2558" ordinal="6" offset="65" sl="86" sc="13" el="86" ec="99" bec="0" bev="0" fileid="107" />
                <SequencePoint vc="0" uspid="2559" ordinal="7" offset="91" sl="87" sc="9" el="87" ec="10" bec="0" bev="0" fileid="107" />
              </SequencePoints>
              <BranchPoints>
                <BranchPoint vc="0" uspid="2560" ordinal="0" offset="17" sl="78" path="0" offsetend="19" fileid="107" />
                <BranchPoint vc="0" uspid="2561" ordinal="1" offset="17" sl="78" path="1" offsetend="35" fileid="107" />
              </BranchPoints>
              <MethodPoint xsi:type="SequencePoint" vc="0" uspid="2552" ordinal="0" offset="0" sl="77" sc="9" el="77" ec="10" bec="0" bev="0" fileid="107" />
            </Method>
            <Method visited="false" cyclomaticComplexity="2" nPathComplexity="2" sequenceCoverage="0" branchCoverage="0" crapScore="6" isConstructor="false" isStatic="false" isGetter="false" isSetter="false">
              <Summary numSequencePoints="9" visitedSequencePoints="0" numBranchPoints="3" visitedBranchPoints="0" sequenceCoverage="0" branchCoverage="0" maxCyclomaticComplexity="2" minCyclomaticComplexity="2" maxCrapScore="6" minCrapScore="6" visitedClasses="0" numClasses="0" visitedMethods="0" numMethods="1" />
              <MetadataToken>100663753</MetadataToken>
              <Name>System.Web.Http.IHttpActionResult WebStoreAssignment2.Controllers.SuggestionsAPIController::DeleteSuggestion(System.Int32)</Name>
              <FileRef uid="107" />
              <SequencePoints>
                <SequencePoint vc="0" uspid="2562" ordinal="0" offset="0" sl="93" sc="9" el="93" ec="10" bec="0" bev="0" fileid="107" />
                <SequencePoint vc="0" uspid="2563" ordinal="1" offset="1" sl="94" sc="13" el="94" ec="61" bec="0" bev="0" fileid="107" />
                <SequencePoint vc="0" uspid="2564" ordinal="2" offset="33" sl="95" sc="13" el="95" ec="36" bec="2" bev="0" fileid="107" />
                <SequencePoint vc="0" uspid="2565" ordinal="3" offset="41" sl="96" sc="13" el="96" ec="14" bec="0" bev="0" fileid="107" />
                <SequencePoint vc="0" uspid="2566" ordinal="4" offset="42" sl="97" sc="17" el="97" ec="35" bec="0" bev="0" fileid="107" />
                <SequencePoint vc="0" uspid="2567" ordinal="5" offset="51" sl="100" sc="13" el="100" ec="47" bec="0" bev="0" fileid="107" />
                <SequencePoint vc="0" uspid="2568" ordinal="6" offset="69" sl="101" sc="13" el="101" ec="30" bec="0" bev="0" fileid="107" />
                <SequencePoint vc="0" uspid="2569" ordinal="7" offset="81" sl="103" sc="13" el="103" ec="35" bec="0" bev="0" fileid="107" />
                <SequencePoint vc="0" uspid="2570" ordinal="8" offset="91" sl="104" sc="9" el="104" ec="10" bec="0" bev="0" fileid="107" />
              </SequencePoints>
              <BranchPoints>
                <BranchPoint vc="0" uspid="2571" ordinal="0" offset="39" sl="95" path="0" offsetend="41" fileid="107" />
                <BranchPoint vc="0" uspid="2572" ordinal="1" offset="39" sl="95" path="1" offsetend="51" fileid="107" />
              </BranchPoints>
              <MethodPoint xsi:type="SequencePoint" vc="0" uspid="2562" ordinal="0" offset="0" sl="93" sc="9" el="93" ec="10" bec="0" bev="0" fileid="107" />
            </Method>
            <Method visited="false" cyclomaticComplexity="2" nPathComplexity="2" sequenceCoverage="0" branchCoverage="0" crapScore="6" isConstructor="false" isStatic="false" isGetter="false" isSetter="false">
              <Summary numSequencePoints="7" visitedSequencePoints="0" numBranchPoints="3" visitedBranchPoints="0" sequenceCoverage="0" branchCoverage="0" maxCyclomaticComplexity="2" minCyclomaticComplexity="2" maxCrapScore="6" minCrapScore="6" visitedClasses="0" numClasses="0" visitedMethods="0" numMethods="1" />
              <MetadataToken>100663754</MetadataToken>
              <Name>System.Void WebStoreAssignment2.Controllers.SuggestionsAPIController::Dispose(System.Boolean)</Name>
              <FileRef uid="107" />
              <SequencePoints>
                <SequencePoint vc="0" uspid="2573" ordinal="0" offset="0" sl="107" sc="9" el="107" ec="10" bec="0" bev="0" fileid="107" />
                <SequencePoint vc="0" uspid="2574" ordinal="1" offset="1" sl="108" sc="13" el="108" ec="27" bec="2" bev="0" fileid="107" />
                <SequencePoint vc="0" uspid="2575" ordinal="2" offset="6" sl="109" sc="13" el="109" ec="14" bec="0" bev="0" fileid="107" />
                <SequencePoint vc="0" uspid="2576" ordinal="3" offset="7" sl="110" sc="17" el="110" ec="30" bec="0" bev="0" fileid="107" />
                <SequencePoint vc="0" uspid="2577" ordinal="4" offset="19" sl="111" sc="13" el="111" ec="14" bec="0" bev="0" fileid="107" />
                <SequencePoint vc="0" uspid="2578" ordinal="5" offset="20" sl="112" sc="13" el="112" ec="37" bec="0" bev="0" fileid="107" />
                <SequencePoint vc="0" uspid="2579" ordinal="6" offset="28" sl="113" sc="9" el="113" ec="10" bec="0" bev="0" fileid="107" />
              </SequencePoints>
              <BranchPoints>
                <BranchPoint vc="0" uspid="2580" ordinal="0" offset="4" sl="108" path="0" offsetend="6" fileid="107" />
                <BranchPoint vc="0" uspid="2581" ordinal="1" offset="4" sl="108" path="1" offsetend="20" fileid="107" />
              </BranchPoints>
              <MethodPoint xsi:type="SequencePoint" vc="0" uspid="2573" ordinal="0" offset="0" sl="107" sc="9" el="107" ec="10" bec="0" bev="0" fileid="107" />
            </Method>
            <Method visited="false" cyclomaticComplexity="1" nPathComplexity="0" sequenceCoverage="0" branchCoverage="0" crapScore="2" isConstructor="false" isStatic="false" isGetter="false" isSetter="false">
              <Summary numSequencePoints="3" visitedSequencePoints="0" numBranchPoints="1" visitedBranchPoints="0" sequenceCoverage="0" branchCoverage="0" maxCyclomaticComplexity="1" minCyclomaticComplexity="1" maxCrapScore="2" minCrapScore="2" visitedClasses="0" numClasses="0" visitedMethods="0" numMethods="1" />
              <MetadataToken>100663755</MetadataToken>
              <Name>System.Boolean WebStoreAssignment2.Controllers.SuggestionsAPIController::SuggestionExists(System.Int32)</Name>
              <FileRef uid="107" />
              <SequencePoints>
                <SequencePoint vc="0" uspid="2582" ordinal="0" offset="13" sl="116" sc="9" el="116" ec="10" bec="0" bev="0" fileid="107" />
                <SequencePoint vc="0" uspid="2583" ordinal="1" offset="14" sl="117" sc="13" el="117" ec="72" bec="0" bev="0" fileid="107" />
                <SequencePoint vc="0" uspid="2584" ordinal="2" offset="129" sl="118" sc="9" el="118" ec="10" bec="0" bev="0" fileid="107" />
              </SequencePoints>
              <BranchPoints />
              <MethodPoint vc="0" uspid="2585" ordinal="0" offset="0" />
            </Method>
            <Method visited="false" cyclomaticComplexity="1" nPathComplexity="0" sequenceCoverage="0" branchCoverage="0" crapScore="2" isConstructor="true" isStatic="false" isGetter="false" isSetter="false">
              <Summary numSequencePoints="1" visitedSequencePoints="0" numBranchPoints="1" visitedBranchPoints="0" sequenceCoverage="0" branchCoverage="0" maxCyclomaticComplexity="1" minCyclomaticComplexity="1" maxCrapScore="2" minCrapScore="2" visitedClasses="0" numClasses="0" visitedMethods="0" numMethods="1" />
              <MetadataToken>100663756</MetadataToken>
              <Name>System.Void WebStoreAssignment2.Controllers.SuggestionsAPIController::.ctor()</Name>
              <FileRef uid="107" />
              <SequencePoints>
                <SequencePoint vc="0" uspid="2586" ordinal="0" offset="0" sl="18" sc="9" el="18" ec="50" bec="0" bev="0" fileid="107" />
              </SequencePoints>
              <BranchPoints />
              <MethodPoint xsi:type="SequencePoint" vc="0" uspid="2586" ordinal="0" offset="0" sl="18" sc="9" el="18" ec="50" bec="0" bev="0" fileid="107" />
            </Method>
          </Methods>
        </Class>
        <Class>
          <Summary numSequencePoints="0" visitedSequencePoints="0" numBranchPoints="0" visitedBranchPoints="0" sequenceCoverage="0" branchCoverage="0" maxCyclomaticComplexity="1" minCyclomaticComplexity="1" maxCrapScore="2" minCrapScore="2" visitedClasses="0" numClasses="0" visitedMethods="0" numMethods="0" />
          <FullName>WebStoreAssignment2.Controllers.SuggestionsAPIController/&lt;&gt;c__DisplayClass7_0</FullName>
          <Methods>
            <Method visited="false" cyclomaticComplexity="1" nPathComplexity="0" sequenceCoverage="0" branchCoverage="0" crapScore="2" isConstructor="true" isStatic="false" isGetter="false" isSetter="false">
              <Summary numSequencePoints="0" visitedSequencePoints="0" numBranchPoints="0" visitedBranchPoints="0" sequenceCoverage="0" branchCoverage="0" maxCyclomaticComplexity="1" minCyclomaticComplexity="1" maxCrapScore="2" minCrapScore="2" visitedClasses="0" numClasses="0" visitedMethods="0" numMethods="0" />
              <MetadataToken>100663886</MetadataToken>
              <Name>System.Void WebStoreAssignment2.Controllers.SuggestionsAPIController/&lt;&gt;c__DisplayClass7_0::.ctor()</Name>
              <SequencePoints />
              <BranchPoints />
              <MethodPoint vc="0" uspid="2587" ordinal="0" offset="0" />
            </Method>
          </Methods>
        </Class>
        <Class>
          <Summary numSequencePoints="21" visitedSequencePoints="0" numBranchPoints="6" visitedBranchPoints="0" sequenceCoverage="0" branchCoverage="0" maxCyclomaticComplexity="3" minCyclomaticComplexity="1" maxCrapScore="12" minCrapScore="2" visitedClasses="0" numClasses="1" visitedMethods="0" numMethods="2" />
          <FullName>WebStoreAssignment2.App_Start.BasicAuthentication</FullName>
          <Methods>
            <Method visited="false" cyclomaticComplexity="3" nPathComplexity="4" sequenceCoverage="0" branchCoverage="0" crapScore="12" isConstructor="false" isStatic="false" isGetter="false" isSetter="false">
              <Summary numSequencePoints="18" visitedSequencePoints="0" numBranchPoints="5" visitedBranchPoints="0" sequenceCoverage="0" branchCoverage="0" maxCyclomaticComplexity="3" minCyclomaticComplexity="3" maxCrapScore="12" minCrapScore="12" visitedClasses="0" numClasses="0" visitedMethods="0" numMethods="1" />
              <MetadataToken>100663757</MetadataToken>
              <Name>System.Void WebStoreAssignment2.App_Start.BasicAuthentication::OnAuthorization(System.Web.Http.Controllers.HttpActionContext)</Name>
              <FileRef uid="108" />
              <SequencePoints>
                <SequencePoint vc="0" uspid="2588" ordinal="0" offset="0" sl="17" sc="9" el="17" ec="10" bec="0" bev="0" fileid="108" />
                <SequencePoint vc="0" uspid="2589" ordinal="1" offset="1" sl="18" sc="13" el="18" ec="69" bec="2" bev="0" fileid="108" />
                <SequencePoint vc="0" uspid="2590" ordinal="2" offset="27" sl="19" sc="13" el="19" ec="14" bec="0" bev="0" fileid="108" />
                <SequencePoint vc="0" uspid="2591" ordinal="3" offset="28" sl="20" sc="17" el="21" ec="46" bec="0" bev="0" fileid="108" />
                <SequencePoint vc="0" uspid="2592" ordinal="4" offset="50" sl="24" sc="17" el="25" ec="58" bec="0" bev="0" fileid="108" />
                <SequencePoint vc="0" uspid="2593" ordinal="5" offset="67" sl="28" sc="17" el="28" ec="73" bec="0" bev="0" fileid="108" />
                <SequencePoint vc="0" uspid="2594" ordinal="6" offset="85" sl="31" sc="17" el="31" ec="92" bec="2" bev="0" fileid="108" />
                <SequencePoint vc="0" uspid="2595" ordinal="7" offset="102" sl="32" sc="17" el="32" ec="18" bec="0" bev="0" fileid="108" />
                <SequencePoint vc="0" uspid="2596" ordinal="8" offset="103" sl="34" sc="21" el="35" ec="75" bec="0" bev="0" fileid="108" />
                <SequencePoint vc="0" uspid="2597" ordinal="9" offset="123" sl="36" sc="17" el="36" ec="18" bec="0" bev="0" fileid="108" />
                <SequencePoint vc="0" uspid="2598" ordinal="10" offset="126" sl="38" sc="17" el="38" ec="18" bec="0" bev="0" fileid="108" />
                <SequencePoint vc="0" uspid="2599" ordinal="11" offset="127" sl="39" sc="21" el="40" ec="87" bec="0" bev="0" fileid="108" />
                <SequencePoint vc="0" uspid="2600" ordinal="12" offset="155" sl="41" sc="17" el="41" ec="18" bec="0" bev="0" fileid="108" />
                <SequencePoint vc="0" uspid="2601" ordinal="13" offset="156" sl="42" sc="13" el="42" ec="14" bec="0" bev="0" fileid="108" />
                <SequencePoint vc="0" uspid="2602" ordinal="14" offset="159" sl="44" sc="13" el="44" ec="14" bec="0" bev="0" fileid="108" />
                <SequencePoint vc="0" uspid="2603" ordinal="15" offset="160" sl="45" sc="17" el="46" ec="103" bec="0" bev="0" fileid="108" />
                <SequencePoint vc="0" uspid="2604" ordinal="16" offset="188" sl="47" sc="13" el="47" ec="14" bec="0" bev="0" fileid="108" />
                <SequencePoint vc="0" uspid="2605" ordinal="17" offset="189" sl="48" sc="9" el="48" ec="10" bec="0" bev="0" fileid="108" />
              </SequencePoints>
              <BranchPoints>
                <BranchPoint vc="0" uspid="2606" ordinal="0" offset="22" sl="18" path="0" offsetend="27" fileid="108" />
                <BranchPoint vc="0" uspid="2607" ordinal="1" offset="22" sl="18" path="1" offsetend="159" fileid="108" />
                <BranchPoint vc="0" uspid="2608" ordinal="2" offset="100" sl="31" path="0" offsetend="102" fileid="108" />
                <BranchPoint vc="0" uspid="2609" ordinal="3" offset="100" sl="31" path="1" offsetend="126" fileid="108" />
              </BranchPoints>
              <MethodPoint xsi:type="SequencePoint" vc="0" uspid="2588" ordinal="0" offset="0" sl="17" sc="9" el="17" ec="10" bec="0" bev="0" fileid="108" />
            </Method>
            <Method visited="false" cyclomaticComplexity="2" nPathComplexity="0" sequenceCoverage="0" branchCoverage="0" crapScore="6" isConstructor="false" isStatic="true" isGetter="false" isSetter="false">
              <Summary numSequencePoints="3" visitedSequencePoints="0" numBranchPoints="1" visitedBranchPoints="0" sequenceCoverage="0" branchCoverage="0" maxCyclomaticComplexity="2" minCyclomaticComplexity="2" maxCrapScore="6" minCrapScore="6" visitedClasses="0" numClasses="0" visitedMethods="0" numMethods="1" />
              <MetadataToken>100663758</MetadataToken>
              <Name>System.Boolean WebStoreAssignment2.App_Start.BasicAuthentication::IsAuthorizedUser(System.String,System.String)</Name>
              <FileRef uid="108" />
              <SequencePoints>
                <SequencePoint vc="0" uspid="2610" ordinal="0" offset="0" sl="50" sc="9" el="50" ec="10" bec="0" bev="0" fileid="108" />
                <SequencePoint vc="0" uspid="2611" ordinal="1" offset="1" sl="52" sc="13" el="52" ec="67" bec="0" bev="0" fileid="108" />
                <SequencePoint vc="0" uspid="2612" ordinal="2" offset="31" sl="53" sc="9" el="53" ec="10" bec="0" bev="0" fileid="108" />
              </SequencePoints>
              <BranchPoints />
              <MethodPoint xsi:type="SequencePoint" vc="0" uspid="2610" ordinal="0" offset="0" sl="50" sc="9" el="50" ec="10" bec="0" bev="0" fileid="108" />
            </Method>
            <Method visited="false" cyclomaticComplexity="1" nPathComplexity="0" sequenceCoverage="0" branchCoverage="0" crapScore="2" isConstructor="true" isStatic="false" isGetter="false" isSetter="false">
              <Summary numSequencePoints="0" visitedSequencePoints="0" numBranchPoints="0" visitedBranchPoints="0" sequenceCoverage="0" branchCoverage="0" maxCyclomaticComplexity="1" minCyclomaticComplexity="1" maxCrapScore="2" minCrapScore="2" visitedClasses="0" numClasses="0" visitedMethods="0" numMethods="0" />
              <MetadataToken>100663759</MetadataToken>
              <Name>System.Void WebStoreAssignment2.App_Start.BasicAuthentication::.ctor()</Name>
              <SequencePoints />
              <BranchPoints />
              <MethodPoint vc="0" uspid="2615" ordinal="0" offset="0" />
            </Method>
          </Methods>
        </Class>
      </Classes>
      <TrackedMethods />
    </Module>
  </Modules>
</CoverageSession>